<?xml version="1.0" encoding="UTF-8"?>
<robot generator="Robot 6.1.1 (Python 3.11.3 on win32)" generated="20240229 14:51:16.884" rpa="false" schemaversion="4">
<suite id="s1" name="Apiautomation" source="c:\Users\helder.paula@grupoboticario.com.br\Documents\GitHub\testrobot\tests\apiautomation.robot">
<kw name="Conectar a minha API" library="kws_apiautomation" type="SETUP">
<kw name="Create Session" library="RequestsLibrary">
<arg>fakeAPI</arg>
<arg>${BASE_URL}</arg>
<arg>disable_warnings=${True}</arg>
<doc>Create Session: create a HTTP session to a server</doc>
<msg timestamp="20240229 14:51:17.145" level="INFO">Creating Session using : alias=fakeAPI, url=https://fakerestapi.azurewebsites.net/api/v1, headers={},                     cookies={}, auth=None, timeout=None, proxies=None, verify=False,                     debug=0 </msg>
<status status="PASS" starttime="20240229 14:51:17.145" endtime="20240229 14:51:17.150"/>
</kw>
<kw name="Create Dictionary" library="BuiltIn">
<var>${HEADERS}</var>
<arg>content-type=application/json</arg>
<doc>Creates and returns a dictionary based on the given ``items``.</doc>
<msg timestamp="20240229 14:51:17.155" level="INFO">${HEADERS} = {'content-type': 'application/json'}</msg>
<status status="PASS" starttime="20240229 14:51:17.150" endtime="20240229 14:51:17.155"/>
</kw>
<kw name="Set Suite Variable" library="BuiltIn">
<arg>${HEADERS}</arg>
<doc>Makes a variable available everywhere within the scope of the current suite.</doc>
<msg timestamp="20240229 14:51:17.156" level="INFO">${HEADERS} = {'content-type': 'application/json'}</msg>
<status status="PASS" starttime="20240229 14:51:17.155" endtime="20240229 14:51:17.156"/>
</kw>
<status status="PASS" starttime="20240229 14:51:17.145" endtime="20240229 14:51:17.156"/>
</kw>
<test id="s1-t1" name="Cenario: Buscar a listagem de todos os livros (GET em todos os livros)" line="9">
<kw name="Requisitar todos os livros" library="kws_apiautomation">
<kw name="GET On Session" library="RequestsLibrary">
<var>${RESPOSTA}</var>
<arg>fakeAPI</arg>
<arg>Books</arg>
<arg>expected_status=any</arg>
<doc>Sends a GET request on a previously created HTTP Session.</doc>
<msg timestamp="20240229 14:51:19.020" level="INFO">GET Request : url=https://fakerestapi.azurewebsites.net/api/v1/Books 
 path_url=/api/v1/Books 
 headers={'User-Agent': 'python-requests/2.31.0', 'Accept-Encoding': 'gzip, deflate', 'Accept': '*/*', 'Connection': 'keep-alive'} 
 body=None 
 </msg>
<msg timestamp="20240229 14:51:19.027" level="INFO">GET Response : url=https://fakerestapi.azurewebsites.net/api/v1/Books 
 status=200, reason=OK 
 headers={'Content-Type': 'application/json; charset=utf-8; v=1.0', 'Date': 'Thu, 29 Feb 2024 17:51:22 GMT', 'Server': 'Kestrel', 'Transfer-Encoding': 'chunked', 'api-supported-versions': '1.0'} 
 body=[{"id":1,"title":"Book 1","description":"Dolor consetetur invidunt et esse justo ipsum nonumy hendrerit dolores dolor erat dolor eros augue. Consequat tempor dolor no euismod erat ipsum et dolores sit duis consetetur consetetur gubergren magna dolor illum odio erat. Delenit dolor amet. Adipiscing dolores vel eos diam dolore dolor ea at magna vero rebum dolor illum magna diam velit. Voluptua et erat esse est et ipsum molestie vero clita ut feugait sanctus stet sea dolores lorem lorem nonummy. Ut eos nam at eirmod eos aliquip zzril. Minim consetetur invidunt laoreet elitr ad. No et elit et takimata dolore esse consetetur. Ea duo justo sanctus rebum autem lorem rebum vulputate sit ea amet rebum praesent.\n","pageCount":100,"excerpt":"Accumsan amet ut dolor erat sadipscing sed. Consetetur blandit duo ipsum ipsum amet lorem. Nonumy ea ipsum dolor tation stet veniam dolor sed sed laoreet. Vero est kasd sed diam diam facilisis dolore eu. Ad congue clita rebum consetetur ea liber dolores lorem voluptua ea illum. Dolores est eos diam at magna sed duis elitr. At rebum euismod nihil sit minim sed rebum. Clita dolor voluptua in accusam sed duo. Labore sit voluptua ipsum magna nibh delenit iriure amet. Lorem kasd congue stet nulla illum vero ut duo accusam est eos rebum. Sed et lorem lorem gubergren lorem iusto eirmod et takimata consetetur lorem dolor sadipscing. Lorem ipsum sed dolor at sea takimata amet ut. Et stet eos id takimata diam te vulputate justo. Sit takimata augue facilisis labore eirmod sit et ipsum et sea justo diam. Dignissim elitr et. Dolores no vero consectetuer augue commodo consectetuer et duo imperdiet est nam diam. Et kasd kasd amet dignissim. Et nihil lorem justo takimata dolor magna sanctus dolor eos diam est laoreet dolor elit wisi diam amet te. Hendrerit et dolor sed aliquyam lorem ut vulputate sadipscing.\nClita amet amet accusam voluptua aliquyam ipsum dolor eirmod est et at sanctus duis diam. Dolor ea et dolore eos nibh lorem diam dolore sit molestie amet accusam dolore sed facilisi. Veniam sed sed ipsum dolor et aliquam est. Praesent sit stet et takimata rebum dolore dolor ut diam in dolor ut kasd tempor clita no kasd. Hendrerit minim praesent consectetuer kasd vero nulla nostrud sadipscing est sed kasd autem. Et sadipscing velit iusto tempor. Elitr consetetur magna velit consequat tempor sed volutpat ipsum eos.\nSed et et duis et rebum et sanctus lorem nostrud et. Consetetur ea facilisis ipsum qui dolor ea takimata gubergren dignissim dolores ut erat ea et stet ut. Quod tempor delenit hendrerit consetetur sadipscing et accusam et eros. Erat dolores voluptua. Ullamcorper aliquyam lobortis esse justo duis gubergren ullamcorper magna. Aliquip tation amet dolores tempor vel dolor vero ad ipsum at erat. Justo quis dolore gubergren duo stet consequat sit praesent voluptua magna gubergren stet tempor. Erat et elit. Dolore accusam duo clita diam vero at iriure iusto nam. Sed magna lorem clita autem takimata quis illum minim duis consetetur. Accusam dolor et.\nEt kasd sea ipsum tempor dolore. Invidunt diam duo voluptua at sit dignissim velit. Rebum euismod sed. Labore no est illum et gubergren. Illum nibh velit. Ipsum sea duo dolore eos ipsum doming nulla ipsum sit eos kasd sanctus praesent ea diam exerci facilisi sanctus. Feugiat labore magna nonumy ut feugait elitr takimata te sea kasd gubergren dolor dolores amet diam. Voluptua duis elitr lorem lorem amet eu tempor in gubergren. Dolor labore sed vero molestie nisl diam et accusam gubergren wisi duis sit. Tation assum exerci dolor tempor invidunt sit sanctus vel ea eum. Blandit sadipscing quod sanctus. Illum stet tempor dolore dolor clita et facilisis lorem in commodo eos dolores rebum feugait in. Iriure dolor takimata labore dolores nibh et vero et minim lorem vero kasd eu autem eirmod et. Sea lorem dolor. Dolor magna tincidunt hendrerit est. Commodo ullamcorper eros sanctus accusam voluptua et nostrud blandit augue voluptua est nisl voluptua justo sanctus amet option ex. Et consetetur elitr sea dolor dolores diam consequat placerat et soluta lorem vel erat eos clita at dolore.\nAt vero lorem laoreet ad nonumy elitr facilisis rebum iusto lorem et no. Esse voluptua elitr erat consectetuer elitr clita consequat dolor dolores dolores exerci duo. Et odio elitr no dolor lorem amet eu. Ipsum sed sed et. Sed consequat eirmod blandit ipsum vero ipsum et et ullamcorper ipsum clita et. Ut ipsum blandit sit sadipscing exerci eos. Et diam justo lorem stet invidunt diam sed est. Justo accusam elitr gubergren dolore aliquyam ea magna diam ut nobis et diam luptatum sanctus diam vel amet lorem. Lorem et eirmod gubergren sadipscing sed kasd rebum diam takimata et vel soluta facilisi vero sanctus dolor. Vulputate tempor ullamcorper. Euismod gubergren at.\n","publishDate":"2024-02-28T17:51:23.4430566+00:00"},{"id":2,"title":"Book 2","description":"Rebum invidunt labore dolore eos eleifend justo volutpat no dolor diam aliquyam justo nibh magna et enim diam dolore. Magna justo aliquyam gubergren luptatum dolores. Iusto sea ea at sadipscing erat accusam eu est. Sanctus lorem sed consetetur nonummy dolore dolor nonumy takimata no. Magna aliquyam voluptua ipsum aliquyam tation dolore amet dolor sed. Sed justo diam at et sit eirmod enim dolor eu eirmod ipsum. Laoreet elitr feugiat et justo ullamcorper kasd erat amet lorem accumsan sit tation labore rebum. Molestie takimata exerci zzril lorem lorem dolores sadipscing et. Et sit lorem sit eirmod amet voluptua sea. Tempor vulputate amet et adipiscing exerci magna ipsum et rebum magna ut rebum sit ut cum dolor nulla. Lorem nisl erat dolor sit eirmod accumsan elitr consetetur vel ut. Magna sit eirmod ut ut ea dolores justo hendrerit ipsum lorem est eum justo gubergren. Kasd esse cum vulputate kasd sea clita dolor. Ea esse dolor magna vel et et sea magna justo diam diam consequat aliquyam justo option amet. Eirmod congue facer erat facilisi dolore sea sit elitr invidunt. Luptatum no stet dolores takimata magna et takimata. Dolor ex nulla nonumy iusto dolore kasd ullamcorper erat. Nonumy stet elit sea et takimata ipsum tempor amet voluptua. Clita nisl ipsum sadipscing feugiat zzril et erat ipsum invidunt elitr sadipscing et et.\n","pageCount":200,"excerpt":"At stet voluptua clita consetetur gubergren sit diam sanctus sadipscing vero magna mazim consetetur id eirmod ea. Clita magna praesent aliquyam ea sit. Et ea lorem stet ut. Ipsum dignissim imperdiet eirmod vel facilisis eu aliquam elitr no duo. Duis kasd vero illum eum. Diam tempor diam rebum dolores et dolor dolor dolore. Dolore dolores tempor elitr et facilisis takimata sit erat et stet sed labore eum. Ea sit consequat iriure lorem suscipit. In clita autem takimata at tempor duo amet augue diam dolores aliquyam et ipsum amet elit consetetur. Elitr sed accusam ea voluptua diam accusam te. Liber sed magna. Ipsum et amet at. Et invidunt gubergren et lorem facer dolores in dolore et voluptua autem doming imperdiet est eos et justo takimata. Erat minim sit aliquyam sea accusam sed. Consequat elit adipiscing suscipit qui commodo erat rebum magna volutpat. Commodo aliquip sed amet. Sed hendrerit diam diam et. Wisi sed duis dolor et lorem eos aliquyam sadipscing facilisis ipsum gubergren dolor et labore. Luptatum placerat lorem sit stet nisl est diam consequat no illum sadipscing dolore qui elitr tincidunt in erat sadipscing.\nTe dolores invidunt ea nostrud facilisis dolore dignissim laoreet et amet amet amet eos vero clita autem exerci et. Sit erat accusam no dolore et ea soluta dolore et aliquyam duis et aliquyam sit et dolores wisi. Sit diam lorem lorem erat exerci rebum invidunt est feugait est. Sed iusto qui consectetuer rebum nibh nonumy erat at ut nibh in vel nonummy amet. Tempor sit ut et at hendrerit accumsan consequat sit gubergren no ea iriure justo molestie invidunt et.\nGubergren et eum consequat duo odio delenit erat luptatum rebum feugait. Tempor diam sit duo invidunt et. Invidunt sit suscipit gubergren accusam sadipscing nonumy et dolore est rebum ut lorem ipsum eos ut vero. Nulla rebum invidunt invidunt sed diam dolores molestie amet sadipscing hendrerit consectetuer sit et eirmod accusam duis duo. Soluta magna consetetur et invidunt vulputate eros. In clita enim vel vel aliquyam sed erat invidunt aliquam vero amet ea. At luptatum vulputate sed accusam at duis augue tation tempor sea eirmod magna consequat nonumy eos zzril. Labore quis facilisi ut tempor est gubergren eirmod sea ipsum blandit sed dolor eos accusam dolores et nonumy feugiat.\nErat sed lorem sit facilisi vero cum adipiscing dolor autem dolore sadipscing. Magna adipiscing eu wisi elitr labore feugiat eirmod sit elitr lobortis sit sanctus. Vulputate dolore est lorem duis kasd elit sadipscing takimata eu aliquyam amet amet vel. Erat ut at at est. Feugait accusam et ut justo magna. Diam elitr dignissim elit nonumy ea. Gubergren imperdiet elit lorem duo et. Aliquyam dolor dolor sed.\nLaoreet ea justo tempor diam et gubergren assum in amet et nonumy volutpat labore eos. Diam no tempor. No et in. Ipsum te magna dolor ipsum nibh dolores diam no no diam. Consequat gubergren ea elitr adipiscing. Diam justo odio diam magna et labore accusam odio amet facilisis magna sed lobortis erat. Sanctus et sed nonumy dolores sit amet dolore. Stet ipsum clita rebum tempor esse et erat elitr in ipsum eirmod tincidunt. Iriure labore dolore sed consequat ex dolor lorem sit delenit no est qui elitr lorem ea vulputate ipsum invidunt. Erat in stet et dolores eu ipsum luptatum dolor accusam sadipscing diam voluptua nihil molestie et amet. Dolor qui invidunt sed nihil in tempor suscipit dolor vero sed dolor in soluta. Sit facilisis lorem vel. Diam vero dolore molestie lorem praesent diam sea imperdiet luptatum autem. Voluptua ea ea dignissim. Magna nostrud accusam nonumy dolor et sed et clita sanctus placerat illum delenit labore no labore ipsum takimata. Sadipscing et invidunt takimata nonumy dolor velit odio euismod. At no feuga... (set the log level to DEBUG or TRACE to see the full content) 
 </msg>
<msg timestamp="20240229 14:51:19.028" level="INFO">${RESPOSTA} = &lt;Response [200]&gt;</msg>
<status status="PASS" starttime="20240229 14:51:17.158" endtime="20240229 14:51:19.028"/>
</kw>
<kw name="Log" library="BuiltIn">
<arg>${RESPOSTA.text}</arg>
<doc>Logs the given message with the given level.</doc>
<msg timestamp="20240229 14:51:19.029" level="INFO">[{"id":1,"title":"Book 1","description":"Dolor consetetur invidunt et esse justo ipsum nonumy hendrerit dolores dolor erat dolor eros augue. Consequat tempor dolor no euismod erat ipsum et dolores sit duis consetetur consetetur gubergren magna dolor illum odio erat. Delenit dolor amet. Adipiscing dolores vel eos diam dolore dolor ea at magna vero rebum dolor illum magna diam velit. Voluptua et erat esse est et ipsum molestie vero clita ut feugait sanctus stet sea dolores lorem lorem nonummy. Ut eos nam at eirmod eos aliquip zzril. Minim consetetur invidunt laoreet elitr ad. No et elit et takimata dolore esse consetetur. Ea duo justo sanctus rebum autem lorem rebum vulputate sit ea amet rebum praesent.\n","pageCount":100,"excerpt":"Accumsan amet ut dolor erat sadipscing sed. Consetetur blandit duo ipsum ipsum amet lorem. Nonumy ea ipsum dolor tation stet veniam dolor sed sed laoreet. Vero est kasd sed diam diam facilisis dolore eu. Ad congue clita rebum consetetur ea liber dolores lorem voluptua ea illum. Dolores est eos diam at magna sed duis elitr. At rebum euismod nihil sit minim sed rebum. Clita dolor voluptua in accusam sed duo. Labore sit voluptua ipsum magna nibh delenit iriure amet. Lorem kasd congue stet nulla illum vero ut duo accusam est eos rebum. Sed et lorem lorem gubergren lorem iusto eirmod et takimata consetetur lorem dolor sadipscing. Lorem ipsum sed dolor at sea takimata amet ut. Et stet eos id takimata diam te vulputate justo. Sit takimata augue facilisis labore eirmod sit et ipsum et sea justo diam. Dignissim elitr et. Dolores no vero consectetuer augue commodo consectetuer et duo imperdiet est nam diam. Et kasd kasd amet dignissim. Et nihil lorem justo takimata dolor magna sanctus dolor eos diam est laoreet dolor elit wisi diam amet te. Hendrerit et dolor sed aliquyam lorem ut vulputate sadipscing.\nClita amet amet accusam voluptua aliquyam ipsum dolor eirmod est et at sanctus duis diam. Dolor ea et dolore eos nibh lorem diam dolore sit molestie amet accusam dolore sed facilisi. Veniam sed sed ipsum dolor et aliquam est. Praesent sit stet et takimata rebum dolore dolor ut diam in dolor ut kasd tempor clita no kasd. Hendrerit minim praesent consectetuer kasd vero nulla nostrud sadipscing est sed kasd autem. Et sadipscing velit iusto tempor. Elitr consetetur magna velit consequat tempor sed volutpat ipsum eos.\nSed et et duis et rebum et sanctus lorem nostrud et. Consetetur ea facilisis ipsum qui dolor ea takimata gubergren dignissim dolores ut erat ea et stet ut. Quod tempor delenit hendrerit consetetur sadipscing et accusam et eros. Erat dolores voluptua. Ullamcorper aliquyam lobortis esse justo duis gubergren ullamcorper magna. Aliquip tation amet dolores tempor vel dolor vero ad ipsum at erat. Justo quis dolore gubergren duo stet consequat sit praesent voluptua magna gubergren stet tempor. Erat et elit. Dolore accusam duo clita diam vero at iriure iusto nam. Sed magna lorem clita autem takimata quis illum minim duis consetetur. Accusam dolor et.\nEt kasd sea ipsum tempor dolore. Invidunt diam duo voluptua at sit dignissim velit. Rebum euismod sed. Labore no est illum et gubergren. Illum nibh velit. Ipsum sea duo dolore eos ipsum doming nulla ipsum sit eos kasd sanctus praesent ea diam exerci facilisi sanctus. Feugiat labore magna nonumy ut feugait elitr takimata te sea kasd gubergren dolor dolores amet diam. Voluptua duis elitr lorem lorem amet eu tempor in gubergren. Dolor labore sed vero molestie nisl diam et accusam gubergren wisi duis sit. Tation assum exerci dolor tempor invidunt sit sanctus vel ea eum. Blandit sadipscing quod sanctus. Illum stet tempor dolore dolor clita et facilisis lorem in commodo eos dolores rebum feugait in. Iriure dolor takimata labore dolores nibh et vero et minim lorem vero kasd eu autem eirmod et. Sea lorem dolor. Dolor magna tincidunt hendrerit est. Commodo ullamcorper eros sanctus accusam voluptua et nostrud blandit augue voluptua est nisl voluptua justo sanctus amet option ex. Et consetetur elitr sea dolor dolores diam consequat placerat et soluta lorem vel erat eos clita at dolore.\nAt vero lorem laoreet ad nonumy elitr facilisis rebum iusto lorem et no. Esse voluptua elitr erat consectetuer elitr clita consequat dolor dolores dolores exerci duo. Et odio elitr no dolor lorem amet eu. Ipsum sed sed et. Sed consequat eirmod blandit ipsum vero ipsum et et ullamcorper ipsum clita et. Ut ipsum blandit sit sadipscing exerci eos. Et diam justo lorem stet invidunt diam sed est. Justo accusam elitr gubergren dolore aliquyam ea magna diam ut nobis et diam luptatum sanctus diam vel amet lorem. Lorem et eirmod gubergren sadipscing sed kasd rebum diam takimata et vel soluta facilisi vero sanctus dolor. Vulputate tempor ullamcorper. Euismod gubergren at.\n","publishDate":"2024-02-28T17:51:23.4430566+00:00"},{"id":2,"title":"Book 2","description":"Rebum invidunt labore dolore eos eleifend justo volutpat no dolor diam aliquyam justo nibh magna et enim diam dolore. Magna justo aliquyam gubergren luptatum dolores. Iusto sea ea at sadipscing erat accusam eu est. Sanctus lorem sed consetetur nonummy dolore dolor nonumy takimata no. Magna aliquyam voluptua ipsum aliquyam tation dolore amet dolor sed. Sed justo diam at et sit eirmod enim dolor eu eirmod ipsum. Laoreet elitr feugiat et justo ullamcorper kasd erat amet lorem accumsan sit tation labore rebum. Molestie takimata exerci zzril lorem lorem dolores sadipscing et. Et sit lorem sit eirmod amet voluptua sea. Tempor vulputate amet et adipiscing exerci magna ipsum et rebum magna ut rebum sit ut cum dolor nulla. Lorem nisl erat dolor sit eirmod accumsan elitr consetetur vel ut. Magna sit eirmod ut ut ea dolores justo hendrerit ipsum lorem est eum justo gubergren. Kasd esse cum vulputate kasd sea clita dolor. Ea esse dolor magna vel et et sea magna justo diam diam consequat aliquyam justo option amet. Eirmod congue facer erat facilisi dolore sea sit elitr invidunt. Luptatum no stet dolores takimata magna et takimata. Dolor ex nulla nonumy iusto dolore kasd ullamcorper erat. Nonumy stet elit sea et takimata ipsum tempor amet voluptua. Clita nisl ipsum sadipscing feugiat zzril et erat ipsum invidunt elitr sadipscing et et.\n","pageCount":200,"excerpt":"At stet voluptua clita consetetur gubergren sit diam sanctus sadipscing vero magna mazim consetetur id eirmod ea. Clita magna praesent aliquyam ea sit. Et ea lorem stet ut. Ipsum dignissim imperdiet eirmod vel facilisis eu aliquam elitr no duo. Duis kasd vero illum eum. Diam tempor diam rebum dolores et dolor dolor dolore. Dolore dolores tempor elitr et facilisis takimata sit erat et stet sed labore eum. Ea sit consequat iriure lorem suscipit. In clita autem takimata at tempor duo amet augue diam dolores aliquyam et ipsum amet elit consetetur. Elitr sed accusam ea voluptua diam accusam te. Liber sed magna. Ipsum et amet at. Et invidunt gubergren et lorem facer dolores in dolore et voluptua autem doming imperdiet est eos et justo takimata. Erat minim sit aliquyam sea accusam sed. Consequat elit adipiscing suscipit qui commodo erat rebum magna volutpat. Commodo aliquip sed amet. Sed hendrerit diam diam et. Wisi sed duis dolor et lorem eos aliquyam sadipscing facilisis ipsum gubergren dolor et labore. Luptatum placerat lorem sit stet nisl est diam consequat no illum sadipscing dolore qui elitr tincidunt in erat sadipscing.\nTe dolores invidunt ea nostrud facilisis dolore dignissim laoreet et amet amet amet eos vero clita autem exerci et. Sit erat accusam no dolore et ea soluta dolore et aliquyam duis et aliquyam sit et dolores wisi. Sit diam lorem lorem erat exerci rebum invidunt est feugait est. Sed iusto qui consectetuer rebum nibh nonumy erat at ut nibh in vel nonummy amet. Tempor sit ut et at hendrerit accumsan consequat sit gubergren no ea iriure justo molestie invidunt et.\nGubergren et eum consequat duo odio delenit erat luptatum rebum feugait. Tempor diam sit duo invidunt et. Invidunt sit suscipit gubergren accusam sadipscing nonumy et dolore est rebum ut lorem ipsum eos ut vero. Nulla rebum invidunt invidunt sed diam dolores molestie amet sadipscing hendrerit consectetuer sit et eirmod accusam duis duo. Soluta magna consetetur et invidunt vulputate eros. In clita enim vel vel aliquyam sed erat invidunt aliquam vero amet ea. At luptatum vulputate sed accusam at duis augue tation tempor sea eirmod magna consequat nonumy eos zzril. Labore quis facilisi ut tempor est gubergren eirmod sea ipsum blandit sed dolor eos accusam dolores et nonumy feugiat.\nErat sed lorem sit facilisi vero cum adipiscing dolor autem dolore sadipscing. Magna adipiscing eu wisi elitr labore feugiat eirmod sit elitr lobortis sit sanctus. Vulputate dolore est lorem duis kasd elit sadipscing takimata eu aliquyam amet amet vel. Erat ut at at est. Feugait accusam et ut justo magna. Diam elitr dignissim elit nonumy ea. Gubergren imperdiet elit lorem duo et. Aliquyam dolor dolor sed.\nLaoreet ea justo tempor diam et gubergren assum in amet et nonumy volutpat labore eos. Diam no tempor. No et in. Ipsum te magna dolor ipsum nibh dolores diam no no diam. Consequat gubergren ea elitr adipiscing. Diam justo odio diam magna et labore accusam odio amet facilisis magna sed lobortis erat. Sanctus et sed nonumy dolores sit amet dolore. Stet ipsum clita rebum tempor esse et erat elitr in ipsum eirmod tincidunt. Iriure labore dolore sed consequat ex dolor lorem sit delenit no est qui elitr lorem ea vulputate ipsum invidunt. Erat in stet et dolores eu ipsum luptatum dolor accusam sadipscing diam voluptua nihil molestie et amet. Dolor qui invidunt sed nihil in tempor suscipit dolor vero sed dolor in soluta. Sit facilisis lorem vel. Diam vero dolore molestie lorem praesent diam sea imperdiet luptatum autem. Voluptua ea ea dignissim. Magna nostrud accusam nonumy dolor et sed et clita sanctus placerat illum delenit labore no labore ipsum takimata. Sadipscing et invidunt takimata nonumy dolor velit odio euismod. At no feugait et ea et feugait invidunt qui dolor aliquyam dolor odio diam no takimata sadipscing diam takimata.\n","publishDate":"2024-02-27T17:51:23.4431572+00:00"},{"id":3,"title":"Book 3","description":"Takimata ut mazim ea takimata et accusam diam sanctus amet stet justo labore illum consectetuer laoreet. Elitr rebum dolore est ipsum id kasd gubergren amet. Lorem dolor lorem ullamcorper lorem nonumy sanctus justo et amet esse exerci accusam sanctus voluptua. Ipsum et aliquyam ipsum takimata eros tempor eleifend sanctus sit amet sit sea erat clita dolor amet iriure. Sit vero consetetur ea vero at nonumy et clita euismod. Elit diam ut in elitr eirmod labore kasd justo tempor stet duo. Ad sed ea sea erat dolore diam quod labore elitr elitr stet lorem et doming sed facilisis. Feugait sea accusam no tempor dolore eos duis dolores eirmod est justo no. Ut ut nulla sed dolore in tempor et accusam clita volutpat magna dolore. Clita nihil diam sit luptatum diam elitr facilisi. Sadipscing sed amet ea ea aliquam diam elitr accusam amet dolor lobortis. In eleifend kasd ipsum at ut ea duo sadipscing accusam duis stet. Ut diam takimata eum kasd. Dolores exerci sed erat exerci nonumy dolor ipsum rebum consequat sadipscing et rebum sit dolores duo. Kasd option gubergren erat est labore diam clita lorem eos dolore sit amet sanctus lorem et. Et facilisis elit nobis stet dolore congue feugiat invidunt no et diam.\n","pageCount":300,"excerpt":"Elitr wisi rebum vero amet facilisis diam erat invidunt in dolor sed zzril aliquip labore. Lorem delenit elitr veniam lorem ipsum minim dolore amet ipsum et dolore et lorem dolor qui. Labore ut rebum lorem magna est magna ipsum ea at gubergren ut sed magna. Diam lorem gubergren sea elitr amet sadipscing dolore consetetur ut consetetur dolore duo feugiat exerci et. At dolore labore takimata lorem sit consetetur amet erat. Exerci amet invidunt sit iriure. Ex sed eirmod. Consetetur consequat duo gubergren kasd rebum tempor diam vel consequat euismod. Zzril at hendrerit nulla odio lorem erat ex elitr sanctus lorem et. Eos est ut sanctus takimata et dolore lorem kasd consequat est. Clita dolor eros eos eirmod eum ipsum delenit vel nonumy justo doming. Nonumy sadipscing odio amet stet sit sanctus sanctus consetetur. Duo ut ut nulla ea clita duis ex et duo lorem enim tempor elitr et adipiscing. Odio diam vero lorem velit ut elitr et facilisis et cum assum hendrerit erat.\nAdipiscing vulputate magna sit et. Kasd no illum sed sit hendrerit et ipsum velit lorem tincidunt ipsum amet dolor nulla ut. Amet no facer takimata ad labore. Vero eirmod takimata aliquyam lorem sed. Amet dolore elitr iriure lorem rebum invidunt erat augue facer dolor gubergren no tation sit tempor autem augue amet. Ipsum kasd ex nonumy dignissim dignissim dolor. Magna rebum dolor vero suscipit eirmod vero in quod autem elit aliquyam clita molestie kasd. Lorem at kasd clita lorem hendrerit elitr lorem erat lorem amet erat sanctus amet feugiat sed rebum in. Delenit te magna rebum aliquyam erat. Eos cum duis magna elitr assum ut vero.\nAt dolore erat et amet iriure consectetuer et dolor amet et ipsum et esse dolore ipsum. Dolores soluta tempor eos kasd voluptua sit lobortis sanctus dolores dolor ea in autem at sit. Et dolores ut rebum adipiscing ea ea accusam labore lorem labore. In diam sit erat sea ipsum sed ipsum accusam dignissim gubergren gubergren. Sit kasd ex no enim no gubergren stet volutpat euismod et. Accusam diam ipsum diam est. Nonummy labore diam amet consetetur lorem duis lorem imperdiet nihil in justo facilisi et sit autem diam. Ipsum commodo sanctus elitr veniam ipsum magna delenit dolor magna dolor sea eirmod justo labore erat no. Luptatum eirmod sed laoreet diam te. Dolor erat nonumy. Et takimata labore et amet nisl erat magna nonummy sanctus dolor lorem erat enim clita. Dolor sed clita lorem voluptua sed amet. Takimata ad nostrud dolor accusam dolores tempor. Est erat no accusam. Gubergren consequat laoreet stet amet diam sea duis molestie consectetuer sit voluptua.\nSadipscing lorem consetetur ut at nonummy amet clita consetetur amet erat. Accusam ut takimata duo odio et duis. Sed sit et ea tincidunt justo tempor at lorem ipsum dolor consequat. Nonumy lorem ut commodo dolore accusam amet at dolore eleifend voluptua erat nonumy eos at. Lorem te vulputate amet facilisi sed et nulla nonumy stet et praesent vel feugait lobortis amet in magna. Kasd sit sanctus est labore voluptua et est sit elitr dolore et sea labore et autem eu et. Sea est kasd justo diam sed molestie. Sed erat facilisis labore tation vel sit suscipit eirmod est eirmod consectetuer eos at erat sit. Nisl amet eu elit ea accusam accusam eos clita aliquam takimata takimata labore sanctus consetetur dolor nulla ipsum. Erat magna rebum ea eleifend sit rebum et consetetur no labore sadipscing. Aliquyam est nibh sit molestie erat magna ut lorem eirmod sit nulla ea luptatum voluptua sea sit lobortis labore. Diam vero tempor gubergren lorem facilisis est sanctus et velit. Diam iriure commodo. Takimata dignissim zzril sit vero labore dolor diam vero vulputate dolores elit dolore dolore takimata sed dolor sit sit. Lorem amet sed. Kasd velit dolore laoreet justo ipsum. Iusto diam nobis nihil sadipscing.\nDolores duo sea sed magna nonumy sadipscing stet et rebum aliquyam duo aliquam justo sit takimata nonumy justo sed. Sea consetetur ipsum congue invidunt et takimata feugiat dolor elitr labore et. Sed sed dolor qui clita sadipscing justo sadipscing duo dolor sed nonumy. Ipsum sea tempor lorem exerci.\n","publishDate":"2024-02-26T17:51:23.443253+00:00"},{"id":4,"title":"Book 4","description":"Accusam amet sanctus vel ipsum tempor. Dolor diam aliquam. Feugiat no enim feugiat et velit tempor ea dolores ex nulla sed molestie. Aliquyam aliquip lobortis esse elitr diam no blandit nulla sed takimata hendrerit dolores rebum diam eos. Ea gubergren sit volutpat ipsum lorem et sed et et invidunt sit justo kasd labore est duo. Eirmod et nulla. Molestie dolor feugait ipsum. Autem ullamcorper eum dolore magna amet id sed et vero sit illum. Dolor sit no clita takimata sea delenit nulla dolore sadipscing suscipit est erat tempor dolor ipsum ipsum. Takimata velit accusam nonumy cum sit duis hendrerit dolore et feugait takimata rebum. Et ipsum lorem dolor clita gubergren enim vel. Te erat voluptua volutpat amet et vero et dolor sit lorem in. Stet accusam eum consetetur et. Vero sit sanctus ut sit illum sed. Labore sea iriure et dolor dolor dolore sit eirmod duo quis nonumy sea vero hendrerit takimata. Lorem dolor et iriure aliquyam tempor eos sit velit dolor et tempor.\n","pageCount":400,"excerpt":"Nobis eirmod lobortis ipsum consetetur amet ipsum. Nibh illum invidunt at elitr sanctus voluptua ea zzril sit. Est consetetur et est. Sed dolore ad et sit autem dolore.\nDolor liber nisl. Accusam at dolor consequat ut diam sanctus enim sed sit dolores ut dolor voluptua rebum labore diam sea erat. Voluptua clita sea ea erat volutpat dolore duo nulla dolores diam dolores illum sed sanctus. Aliquyam lorem ad volutpat at consequat erat lorem dolore tempor. Et doming veniam et. Aliquyam takimata et duo consetetur sea nonumy eos consetetur consetetur.\nEt nonumy rebum ut dolore takimata doming. Enim ut dolores esse amet autem. Duis dolor suscipit et stet odio erat duo amet consequat elitr dolore dolor eleifend. Te amet erat ipsum accusam magna aliquyam est labore kasd kasd ut sea invidunt diam eos sit. Erat labore in labore et eirmod et vel dolor diam nonumy justo sed veniam ipsum nibh aliquip vel blandit. Erat erat sea illum nulla et illum elitr. Volutpat eleifend dolore amet et sed. Praesent lorem iriure tempor justo duo. Dolor no ea et aliquyam sit feugiat exerci diam est eum nonummy magna at. Dolor ipsum invidunt takimata amet veniam duo eros vero. Tempor et euismod. Voluptua kasd ipsum justo euismod feugiat autem. Elitr vero dolore et no nonumy ipsum voluptua gubergren dolore est voluptua.\nEirmod lorem nostrud kasd praesent et eos. Sea sit accusam molestie sit sit eirmod vel illum sed amet autem amet. Esse exerci feugait enim hendrerit laoreet sit stet. Aliquyam blandit invidunt feugait amet consetetur clita sea eos sit. Eirmod justo magna accumsan nibh ut dolore. Et dolore no in accusam dignissim vulputate amet amet et dolor vero duo. Et aliquyam duo dolore sit accusam nisl et nonumy voluptua dolore blandit accusam. Vero sed dolore duo justo duo at molestie blandit ut lorem et iusto amet exerci. Lorem facilisis lorem lorem qui dolor vel sed eum magna sed kasd nulla nulla invidunt iusto invidunt. Et no ipsum accusam et sea duo vero amet duis dolor dolor sit. Rebum duo elitr justo consequat diam diam autem erat vel eos.\nTakimata iriure nonumy nisl soluta sit amet lorem velit tempor magna nulla adipiscing at invidunt in elitr. Aliquam clita dolor vero. Et justo dolore amet illum et rebum labore tincidunt magna gubergren accusam dolor no ea ut dolor diam. Aliquyam sea clita sanctus dolor sed sit sit dolor praesent no kasd at. Illum invidunt et eos amet ipsum dolor sanctus. Invidunt dolore duo consetetur lorem justo. Lorem est et amet stet. Takimata dolor diam amet luptatum. Rebum nihil iusto ut accusam kasd facilisis facilisis clita nonumy tempor. Et consequat consequat voluptua ut dolore ea vero labore ut rebum no sed sadipscing magna est.\n","publishDate":"2024-02-25T17:51:23.4433204+00:00"},{"id":5,"title":"Book 5","description":"Elitr accusam rebum. Sadipscing molestie sed et invidunt tation. Sed eum sed sed sanctus ipsum vel esse et ea. Dolores possim duo et odio nobis. Te sed feugiat kasd dolores est et eirmod dolor amet ut sadipscing at kasd justo stet velit. Dolor gubergren dolore ipsum sit minim ea autem nonumy. Diam sed sit in voluptua voluptua diam amet ea dolor facilisi suscipit rebum sed. Praesent minim diam vero et invidunt elitr nonumy. Takimata et no sadipscing sed. Dignissim amet duo eos lorem dolore eirmod dolore ut magna consequat sed consetetur. Ex at sanctus lorem. Sit gubergren labore et amet ipsum at mazim et invidunt diam dolor vero ut.\n","pageCount":500,"excerpt":"Dolor sed diam lorem volutpat aliquyam dolor dolor amet dolor et amet magna hendrerit duo justo. Rebum clita volutpat et consectetuer vel sed. No accusam sea nulla dolores accusam elitr vero invidunt et sit labore eos aliquyam ut no gubergren sit justo.\nUt at dolor lorem magna dolores. Minim dolor erat amet duo illum kasd at. Iriure dolore elitr tincidunt dolor molestie voluptua lorem duo voluptua justo aliquyam erat.\nSed ut et dolore et elitr ipsum ut diam stet. Tincidunt consequat kasd sit sed gubergren ea veniam sit est est sanctus erat et stet dolor. Stet consequat aliquyam aliquyam magna diam eum nonumy zzril ipsum diam ut diam dolor. In consectetuer diam. Kasd qui erat elitr. Wisi sed feugiat eu. Odio amet kasd vero ullamcorper ut erat no. Dolor duo sed stet in est elitr dolor veniam dolore at iriure et dolor aliquam iusto liber. Clita kasd eirmod aliquam ea dolor sanctus augue kasd. Commodo sit cum qui diam stet ut invidunt eirmod. Dolores ex et eu suscipit clita voluptua suscipit est rebum facilisi dolores facilisi velit clita consectetuer lobortis ut tation. No vero autem sed amet et ipsum kasd tempor. Gubergren tempor at. Sed eirmod dolore wisi odio. No sea accusam vero gubergren. Eos et tempor accumsan no euismod voluptua aliquyam. Sadipscing sea gubergren no diam hendrerit ea labore consetetur. Sit vel stet sit ipsum. Erat kasd sea invidunt consequat nonumy dolore.\nVoluptua sit iusto in liber dolor ut no ipsum exerci eu sit in laoreet labore. Stet et eos zzril praesent erat invidunt velit dolor dolore eu et no. Nonumy sed sadipscing duis tempor sanctus labore ex rebum. Tempor ipsum eum ex no sea magna voluptua hendrerit ut erat accusam lorem consetetur et sed invidunt sit vero. Te duis iriure et duis sit aliquyam amet dolor tempor dolore tempor sadipscing magna. Ut blandit accusam takimata justo. Mazim iusto accusam et zzril voluptua sed in et dolore magna accusam sed rebum dolore placerat dolor sanctus ipsum.\nEos kasd consequat sed facilisis et et sed erat justo erat no gubergren. Duo commodo accumsan iriure stet dolor et lorem no takimata diam voluptua vero justo sit. At voluptua dolore no consequat et consetetur lorem gubergren eos sit volutpat ut doming et exerci sea ipsum. Tempor ipsum est diam dolor et diam feugiat accusam justo sed erat amet in at erat dolore. Et nonumy ad consequat sit dolore duo nulla sit voluptua diam et consetetur tempor kasd dignissim enim takimata takimata. Dolore dolore sanctus erat amet erat. Vulputate nostrud amet qui dolore ad consetetur dignissim duo stet lorem. Vel imperdiet et eirmod. Clita diam praesent in nibh aliquyam dolor takimata enim elit ipsum eirmod sed vel ea ea et. Velit exerci diam zzril et aliquyam gubergren consetetur lorem et labore et diam diam at. Voluptua elit duo nonumy dolore vel gubergren.\n","publishDate":"2024-02-24T17:51:23.4433825+00:00"},{"id":6,"title":"Book 6","description":"Lorem lorem amet sadipscing in aliquyam adipiscing ipsum. Kasd takimata esse sea. Esse consectetuer amet justo est est illum magna feugait accusam et sea sed dolores. Sit illum ipsum hendrerit amet clita duo diam et eros ipsum. Duo aliquyam et eu nonummy ad dolore sed voluptua eos eleifend aliquyam. Et aliquyam accusam lorem congue.\n","pageCount":600,"excerpt":"Clita erat dolores aliquyam quis rebum sed lorem et tempor. Duo te et invidunt dolor lorem ut et et. Aliquyam ipsum et no kasd sed iusto stet euismod duis consetetur. Sit nibh ut dolor stet quis sea zzril et aliquyam clita ut eirmod eos kasd sed. Nonumy sed ipsum magna dolore sit nulla ut et duis et vel elitr amet labore accusam. Gubergren ipsum dolor ea duo invidunt exerci ea nonumy nonummy feugiat consequat ipsum. Nonumy iusto rebum. Eos dolor et accumsan amet dolores ipsum dolor dignissim et et accumsan takimata sit. Nulla diam minim sadipscing ea nulla ipsum consequat laoreet delenit amet takimata. Dolor eirmod erat consequat sit consetetur vero duis sit gubergren elitr. Justo erat nam erat ea. Blandit dolore sit nonumy et dolore ipsum et odio sadipscing sed lorem takimata clita ut no magna. Et diam justo rebum eos duo soluta zzril amet labore. Lorem vero kasd et nobis dolore nisl sed ex elitr amet dolores aliquyam liber autem. Labore eirmod accusam et diam. Exerci stet tempor nulla est diam commodo dolore lorem et illum sed consetetur magna sadipscing ad sit. Ea nisl dolore eos magna no.\nAliquyam est consequat sea aliquyam amet duo delenit facilisis consequat dolor justo ut dolores sed facilisi clita. Et ad aliquyam diam amet duis dolores eirmod dolore facilisis consetetur. Sit eirmod eu diam sed dolores eos sed no est illum sit vel est ut et ad. Facilisis accusam ea. Dolore sed aliquyam sea et sed. Dolore et stet adipiscing duis dolor justo diam lobortis sit duo stet erat feugait ipsum.\nMagna vero te amet elitr at dolores ipsum et consetetur sanctus. Aliquyam nobis sea. Eirmod duo eirmod suscipit eum eros lorem.\nClita diam et duo sit eirmod et ipsum ipsum feugiat luptatum imperdiet amet et. Congue ipsum exerci diam. Clita erat no accusam stet iusto est eos. Tempor lorem diam sea ea sed magna lorem tation ad dolor at consetetur facilisis tincidunt dolore. Kasd luptatum illum consetetur diam eirmod. Gubergren tempor sanctus takimata ipsum justo ipsum eirmod. Eros ea takimata sanctus ullamcorper consetetur invidunt sit takimata vero sea ipsum no lorem. Exerci dolor justo tempor lorem ea velit ipsum invidunt duo est sed. Eos ut ut at tincidunt nonumy facilisis diam nam. Ipsum diam sadipscing lorem liber amet et. Magna dolor amet kasd labore dolore accusam nonumy. Nibh aliquip gubergren feugait diam amet. Dolores voluptua ipsum justo autem. Ipsum amet lorem ipsum at diam tempor et lorem erat. Invidunt sit labore ipsum accusam kasd facilisis diam praesent. Justo et et quis ut consectetuer eos eirmod sed sadipscing. Erat sit sit veniam sed amet dolore ipsum. Clita et ut magna facilisis amet ipsum gubergren amet kasd est amet invidunt gubergren.\nEt ipsum te duo ut eum ipsum ut dolores et magna lorem aliquam. Sit erat justo est tempor ut ex sit diam magna dolores sanctus tempor dolore sed dolore mazim lorem. Delenit sit tempor ea sadipscing rebum ex. Sadipscing takimata feugait lobortis labore gubergren nonummy sit duis takimata est diam gubergren sanctus at no. At at ex est. Illum aliquyam et dolor diam eirmod at accusam sadipscing et amet takimata eos accusam. Gubergren sea sit clita sed dolor tempor sadipscing magna tempor. Sea labore esse te nobis sed aliquyam est ea dolor. Sed vel sadipscing elitr ipsum est aliquyam euismod accumsan sed amet diam illum eos eleifend no dolor option. Justo wisi sanctus sed iriure feugait feugiat exerci enim feugiat takimata est ut amet. Invidunt vulputate eirmod diam accusam iriure exerci vero delenit eos rebum kasd ipsum et rebum. At stet et dignissim eos tempor diam dolore. Et no duo lobortis diam. Aliquyam tempor dolore labore duo tempor et sed et ea. Velit gubergren eos kasd sed eum sea aliquyam. Et justo vero at sed dolore gubergren sit duis. Kasd sed hendrerit lorem nonumy invidunt sea eirmod lobortis amet consequat luptatum sanctus ipsum feugiat eirmod. Stet augue consetetur est praesent takimata erat vel ea sed ipsum commodo sanctus.\n","publishDate":"2024-02-23T17:51:23.443465+00:00"},{"id":7,"title":"Book 7","description":"Ut duo no vel lorem amet praesent clita magna vulputate molestie lorem. Nisl gubergren aliquyam accusam magna et et ea sadipscing dolore kasd vero. Sadipscing no lorem sit eirmod eirmod ut eirmod est facilisis vero veniam takimata elitr autem duo sanctus dolores. Ipsum diam qui gubergren augue hendrerit consetetur elitr sed et. Sit sanctus lorem ea qui justo volutpat dignissim aliquyam dolor nisl ea accusam est. Dolore sit rebum eum sit rebum ea sea gubergren. Labore vel sed illum quod et nonumy sed diam et ad rebum duo no justo elit. Te quod imperdiet labore ipsum sit justo eos esse et euismod eirmod.\n","pageCount":700,"excerpt":"Nonummy justo et et duo clita lorem takimata accusam enim takimata nostrud sit in sit accumsan. Labore at sanctus tempor. Dolore tempor voluptua facilisi diam consetetur vel at ea ut adipiscing nonummy elitr nulla. Ipsum sadipscing facer et. Sed minim ipsum accusam lorem eros magna eirmod et ut est tation ipsum et dolores. Duo nulla magna accusam imperdiet invidunt no amet erat et accumsan justo iusto eirmod lorem lorem vero. Lorem erat in veniam dolore takimata sanctus gubergren lorem amet at sed ut.\nSit et ut. Elitr ea labore tempor duis et dolore no qui aliquyam clita dolor vel elitr ea erat diam. Ipsum lorem clita elitr esse ut duis nulla ea sit lorem vulputate vulputate justo. Clita sadipscing sanctus gubergren consetetur vero ipsum nihil invidunt justo eirmod stet eirmod eirmod duo rebum clita diam. In dolore rebum est. Vel esse sadipscing sit dolore cum et tation erat aliquam veniam nonumy magna elitr consetetur iriure eu rebum invidunt. Takimata aliquyam sit eirmod labore at gubergren amet odio sea dolor ut et at. Takimata in nonumy lorem sed et aliquyam consetetur vulputate minim sadipscing esse est illum. Lorem eros ea sed tincidunt erat consetetur sit. Luptatum et rebum. Invidunt et et duis sit magna consetetur nonummy amet sadipscing voluptua amet. Lobortis autem gubergren. Consetetur adipiscing eirmod nam adipiscing te in amet dolore dolore aliquyam te sit dolor takimata exerci enim dolore ea. Euismod sed at consequat vel ut duo labore.\nIpsum zzril id invidunt. Justo esse duo blandit justo at dolor aliquam ut duis gubergren. Eos et dolore et nonumy velit facilisi erat. Amet ut aliquyam voluptua sit no commodo. Accusam elitr amet diam dolor ipsum vel sit dolore sanctus rebum kasd takimata dolores est consetetur eirmod et. Sea diam sed sit labore aliquyam et rebum sed duo ut. Dolores eros magna et. Erat amet sea blandit rebum dolor nonumy iusto dolor. Gubergren ea quod aliquyam duo sit amet dolor justo et consetetur invidunt nonummy ea gubergren et labore consequat. Sit in takimata dolor justo dolores minim.\nVero amet nibh eleifend quis et ut eum sea eirmod. Ipsum sadipscing lorem dignissim sit sed takimata ea. Amet exerci in at facilisis ut veniam diam consetetur ipsum rebum lorem takimata ut sanctus consetetur lobortis. Accumsan amet exerci elitr. Erat dolor erat consetetur stet et augue feugiat commodo sea dolore tation amet amet molestie liber augue qui. Diam facilisi aliquyam commodo sit ipsum congue tempor sit clita. Consetetur no lorem feugiat elitr erat minim dolores at adipiscing luptatum magna. Dolor vulputate et rebum zzril eirmod no duo molestie sea sed eu. Takimata sea magna ipsum amet ex kasd rebum labore lorem vero autem at voluptua vero. Tempor invidunt sadipscing euismod veniam vel accusam duo et. Diam stet et exerci commodo no et ut sea dolore dolor ea elitr ipsum dolor erat aliquyam at lorem.\nEt clita ipsum duis est duo ea dolor nihil lorem. Tincidunt takimata facilisi sea ipsum sed. Sed nihil dolore lorem ut at erat erat ut elitr. Diam delenit et eirmod aliquyam augue magna elitr nonumy ut praesent magna et nulla kasd no diam. Ipsum dolore ut diam diam vero in ea lorem ipsum voluptua labore. Sit et eirmod volutpat erat sea gubergren tincidunt ipsum. Ut ipsum lobortis ut gubergren aliquyam sadipscing ut sed justo gubergren est lobortis dolore dolor at dolore. Amet erat diam et justo minim consetetur dolore sea dolor duis. Magna et ut delenit zzril et et exerci sit stet. Labore sit wisi dolor et dolor labore dolor et. Dolor consetetur eleifend ea labore dignissim at takimata at. Odio amet justo voluptua gubergren dignissim nonumy facilisis voluptua justo consequat. Elitr labore velit.\n","publishDate":"2024-02-22T17:51:23.4435397+00:00"},{"id":8,"title":"Book 8","description":"Sea eirmod lorem adipiscing nobis erat eleifend et lorem ea et facer sit augue lobortis justo elit. Odio vero lorem elit ipsum dolore accusam. Dolore odio dolores sea consetetur amet option tempor nibh nonumy lorem est ea sea soluta. Ea eum takimata nulla ea sed luptatum facilisis vero iriure eirmod ipsum consetetur eirmod erat et dolor kasd eos. Duis lorem zzril et sit. Illum at vulputate justo sanctus labore ut ea justo erat labore feugait nisl sed ea elit sit no. Amet duo consequat. Eu eu takimata sadipscing. Et sanctus ullamcorper voluptua nonumy. Aliquyam tempor dolore et invidunt justo. Nonumy diam ipsum sed at dolore kasd ipsum dolore tempor sit nam vero ea. Dolores et tempor amet erat.\n","pageCount":800,"excerpt":"Lorem in sea sea voluptua consetetur lorem kasd dolore feugiat nulla invidunt stet takimata ea et et dolor. Sea no takimata at nonumy diam rebum dolore ea consetetur et elitr kasd et. Sit option augue. Esse dolor aliquyam stet amet dolores adipiscing no. Kasd eirmod ut et ea dolore minim dolor diam sanctus duo sed diam. Consetetur minim quis ipsum justo ut facilisi ut dolor magna sanctus et amet delenit lorem gubergren takimata est. Congue diam labore dolore sed elitr wisi et iusto amet doming eum stet dolore clita lorem cum et. At liber nonumy odio facilisis gubergren. Tempor ut sea luptatum qui erat adipiscing sit. Diam labore accusam vero ea gubergren. Et eos est aliquyam hendrerit et ea no tation. Feugiat invidunt ipsum at. Est te kasd voluptua iusto et tincidunt adipiscing no autem odio possim sea esse in sadipscing lorem et diam.\nDolor ipsum dolor sed facilisis dolores iusto dolore nulla ex. Consetetur at no ex erat consectetuer no rebum qui dolore justo et aliquyam elitr volutpat diam diam. Esse et ipsum rebum erat labore ea dolor ut luptatum eu consequat sea et dolor sanctus. Vero elitr ipsum hendrerit ex. Clita et hendrerit accusam autem et. Sanctus dolore labore accusam clita sed sed ut ipsum wisi et quod. Duis aliquyam congue rebum consetetur euismod vero diam sanctus ipsum eirmod rebum sea iriure. Sit nonummy vero molestie ut.\nVel qui ut dolor dolore sanctus. Aliquam lorem ipsum accusam erat takimata sadipscing invidunt rebum eos elitr no labore nobis. Rebum duo eos dolore vero. Erat magna gubergren ullamcorper kasd consequat dolores aliquyam no eum justo magna sea ex clita consequat ipsum dolor et. Ullamcorper vel tempor stet diam dolores velit dolor ut. Odio dolore magna dolore ea. Nostrud tempor invidunt gubergren amet. Nulla aliquyam imperdiet dolores justo eros lorem gubergren lorem rebum tempor. Rebum praesent sed consetetur lorem invidunt erat takimata dolore sit feugait no consetetur. Eos et takimata duo ipsum erat iusto. Nonumy amet molestie stet ad duo diam ea mazim tempor nonumy et laoreet. Eirmod nonumy accumsan duo invidunt sit. Ullamcorper sed nibh.\nUt magna invidunt magna diam sed takimata takimata diam et dolore placerat elit et accusam amet et. Dolor velit congue sanctus invidunt labore ullamcorper ipsum consequat aliquam aliquyam. Sadipscing sit iusto nam dolore diam elitr amet et dolore. Dolores nostrud tempor ex dolor invidunt sit. Id autem sanctus sea diam.\nAutem labore erat dolore accusam stet gubergren accusam exerci est tempor consetetur. Tempor lorem velit dolore nonumy diam feugiat et zzril rebum. Nulla gubergren magna exerci eos est sea rebum diam amet voluptua option. Magna lorem gubergren minim lobortis rebum. Clita lobortis ipsum justo iriure ut consequat ipsum labore dolor vero kasd et accumsan consequat lorem. Nulla justo tation et nonumy justo at lorem dolore nonumy et accusam wisi gubergren sanctus iriure vero mazim. Clita lorem aliquam diam et vero et duo ut sit sea. Clita est sanctus et dolore est duo nostrud lorem ut kasd esse et lorem. Sanctus takimata justo sadipscing consetetur at amet dolores consequat vero justo et. Dolore sit zzril accusam takimata consetetur amet eirmod. Diam mazim dolor sadipscing facilisi sanctus sed elitr tincidunt diam augue dolore aliquyam voluptua tempor sea duo laoreet.\n","publishDate":"2024-02-21T17:51:23.4436093+00:00"},{"id":9,"title":"Book 9","description":"At dolore clita vero eirmod dolor no quod magna stet accusam invidunt. Et sit amet est voluptua nulla et ut. Iusto dolore sit dolore ut est nonumy quis. Mazim ea consectetuer lorem sea sea sit takimata sit duis sit. Invidunt feugait sed duis accusam duo et dolor consectetuer diam et dolor. Vero et amet dolores labore dolor mazim dolores tempor. Nonumy sanctus eos clita erat diam elitr et sed invidunt ea enim elitr eu gubergren eos est diam est. Quis erat ut volutpat et imperdiet clita labore ea suscipit sed ipsum in veniam elitr. Lorem sed laoreet duo duo possim hendrerit consetetur tempor vero sed et consetetur diam at at amet et et. Justo rebum nisl lorem sadipscing enim at laoreet invidunt dolores et dolor nostrud sit esse voluptua dolor. Accusam sed elitr velit eirmod. Eirmod et dolores no sea labore magna lorem molestie tincidunt vero eos justo sanctus. No magna nonummy autem accusam est. Hendrerit et in et facer sea invidunt ipsum. Lorem feugait accusam tincidunt et accusam dolore magna sed dolore qui. Gubergren est enim feugiat at justo justo no rebum lorem delenit sit dolore kasd.\n","pageCount":900,"excerpt":"Labore magna iriure sanctus eos lorem rebum et dolor consetetur aliquyam nulla magna dolor. Duis dolore ea facilisis wisi. At feugait kasd lorem euismod eum erat nonummy euismod amet eirmod dignissim duis sed dolor clita consetetur. Elitr sed eirmod invidunt invidunt et et dolor. Elitr aliquip et justo gubergren rebum euismod dolor dolore eos eirmod amet clita.\nIusto duis dolores diam ea magna sit amet ut soluta invidunt eros congue rebum eum eirmod consectetuer consetetur. Vero et et tincidunt facilisis takimata. Dolor ipsum kasd illum eirmod cum sanctus dolores consetetur. Sadipscing at lorem lorem magna ut elitr duo kasd ipsum dolore accusam eirmod. Amet sit duis dolor. Labore et dolor sed vel sadipscing ipsum duis. Ipsum dolor no sed vero sed aliquyam lorem dolores duo doming nihil et ipsum. Aliquyam et lorem dolores sed commodo et no. Sit erat ipsum stet eirmod lorem dolore diam dolor et et labore sit. Dolores at euismod ut magna suscipit diam et amet invidunt amet aliquam delenit dolor eirmod sit erat. Possim vel magna gubergren vero nulla sea elit duis et justo vulputate diam vero dolore. Magna consetetur dolore duo nonumy no takimata diam dolor ad. Feugait sit accusam no eirmod dolore ut diam facilisis dolores.\nLabore ut sadipscing option diam dolor consequat no et et sit takimata ipsum sed justo. Duis dolores dolores dolor lorem lorem rebum. Aliquyam et consequat sed vero iusto dolore nonummy sed nonumy molestie. Gubergren esse et erat at no feugiat dolores eos magna in eos. Dolor vel amet. Te enim duo eum kasd gubergren dolores vero qui et nonumy stet nisl tation molestie et. Molestie eu gubergren lorem dolor dolore sea gubergren et amet accumsan eos. Erat clita illum magna rebum eu sadipscing id rebum ipsum justo est. Dolor dolor tempor. Labore eum dolor no nulla commodo iriure aliquyam stet volutpat eu volutpat sed vel dolor enim eos et. Dolore diam consetetur blandit iriure amet sanctus.\nVoluptua vero est at dignissim et sed consetetur takimata dolor ut et. Dolore takimata mazim eos invidunt invidunt. Amet laoreet kasd ea diam aliquyam erat laoreet ut veniam eos tempor diam eos. Vel sed accusam ipsum et sea diam placerat erat eleifend ut option.\nEt eum erat dolore blandit. Dolor eos ut dolor. Eos sit ipsum diam et aliquip iriure iriure dolores nonumy ipsum erat stet diam. Gubergren ut nonumy elitr duis augue consequat in te congue et eirmod eos esse eos. Zzril takimata sit ut dolore vel lobortis in feugiat dolores facilisis accusam ut nulla. Eirmod lorem est ut diam rebum duo duo eos esse vero sit vulputate et sit elitr. Accusam accusam nulla in at dolores eirmod nonummy vel et sit takimata elitr clita rebum. Vero et wisi delenit sanctus diam nonumy voluptua eleifend eos nostrud sit ut placerat sea stet kasd invidunt. Hendrerit no vero quod lorem. Tincidunt eos eleifend at et at. Lorem at magna. Zzril option takimata et delenit stet dolores erat lorem ullamcorper sit gubergren dolore magna lorem est.\n","publishDate":"2024-02-20T17:51:23.4436841+00:00"},{"id":10,"title":"Book 10","description":"Dolor clita nihil no ipsum eos tempor qui diam amet sadipscing clita diam stet consetetur lorem. Tempor ipsum ipsum ea stet delenit magna autem blandit. Labore accusam ipsum molestie no magna ut ea. Dolor clita et nulla lorem aliquyam kasd elitr dolor ipsum iriure sit augue vero ex facilisi nam dolor. Iriure rebum amet magna sea sed vel amet est nam elitr eos eu ipsum blandit consectetuer iusto euismod. Ipsum sed et lobortis in. Et ea consectetuer duo ullamcorper molestie clita.\n","pageCount":1000,"excerpt":"At sadipscing vero sadipscing dolor kasd ea dignissim sea magna sit consetetur lorem dolor esse magna dolores elit. Feugiat duis delenit dolor sit sed est dolore sit dolore accumsan ea feugiat et dolor dolor sit nulla. Lorem ea et et diam erat justo duis et dolor eos. Ut et erat ea kasd. Et magna lorem lorem tempor autem amet velit ut illum kasd no eum sed sed clita sadipscing. Consectetuer rebum iriure nonumy possim justo facilisis duo eos ipsum lorem eos. Id sed ut dolore. Sed tempor hendrerit feugiat diam est gubergren eum et dolore.\nNo dolor aliquyam eu vel veniam sed magna voluptua labore justo justo. Dolor voluptua eirmod tempor ea. Aliquyam magna vulputate consetetur tincidunt iusto dolor elitr placerat dolor est nonumy eum tempor gubergren voluptua. Duo erat commodo lorem. At luptatum stet duo eum ullamcorper enim est eirmod sed sanctus sea nibh amet ea. Dignissim voluptua erat sanctus. Diam ipsum enim. Dolores exerci stet dolor clita sea erat nonumy nonumy diam consetetur et sea rebum et at dolore amet. Vel et voluptua vero takimata esse est takimata sea eirmod stet eirmod ea in sed et amet. Lorem magna congue duo consetetur aliquyam odio accumsan elitr ea te amet takimata gubergren kasd ut qui at ad. Et sit ut sea et aliquyam. Et suscipit et consetetur dolor dolor vero amet diam et est sadipscing et. Ea placerat sea magna ipsum sadipscing id aliquyam euismod dolore sea tempor vel. Sed et amet in justo sit sadipscing quis ut dolore gubergren. Ea blandit et sed labore duis qui takimata justo et et quis. Duis dolore et sea erat consetetur. Dolore est ipsum suscipit sit no clita duo at ut dolore justo takimata lorem facer ut praesent illum.\nClita duis takimata eos aliquam dolor lorem molestie amet gubergren invidunt facilisis invidunt eu ipsum sadipscing. Sit eos amet clita gubergren labore vulputate et sit veniam duis rebum euismod sadipscing lobortis dolores. Lorem elitr et sanctus. Eum minim dolor at dolore justo ipsum ea duis diam illum esse accusam ipsum duo et gubergren. Kasd takimata justo et in dolore duis takimata est stet. Ipsum elitr ut ipsum dolor qui diam justo ipsum nihil amet placerat ipsum ea. Rebum kasd at blandit ut congue euismod aliquyam. Sea clita et luptatum diam amet praesent dignissim duis. Labore sit eros at est accusam diam amet sadipscing gubergren clita dolore ut vero. Ut et dignissim feugiat rebum. Tempor aliquyam lorem no amet takimata eirmod iriure dolore et ipsum vero kasd diam veniam. Et sit ea et ea est enim voluptua. Vulputate et dolore mazim enim accusam zzril labore ipsum dolor et sed lorem amet aliquyam ipsum luptatum ipsum. Clita sed et diam amet eleifend dolor lorem at zzril duis hendrerit amet takimata aliquyam in. Erat est ut sit eleifend euismod justo assum invidunt justo et. Euismod luptatum nulla gubergren duo diam sed.\nHendrerit dolores takimata tincidunt ipsum lorem duis labore eos commodo dolores erat nihil. Ullamcorper stet aliquyam ut dolores lorem magna sed labore duis dolor nam. Eleifend elit clita vero. Iriure elitr labore te dolores tation in erat nisl voluptua. In aliquyam et sed sed dolore ipsum iriure cum diam voluptua no sit tempor vero. Sea lorem et te esse sit sed et imperdiet commodo vel eros et soluta te. Quis stet gubergren sea invidunt sea aliquyam nonumy no gubergren dolore takimata ut facer erat. Consetetur lorem aliquyam justo commodo amet. Aliquip amet clita sanctus. Aliquyam et lorem no hendrerit dolore aliquyam volutpat sadipscing nonummy no magna ut stet. No aliquip ad et aliquyam sanctus est blandit sit dolores invidunt amet. Commodo veniam duo amet consequat et et elitr euismod no sea et eirmod vel illum dolore quis. Duo sanctus liber et. Kasd eos aliquyam iusto ullamcorper no dolore clita dignissim diam sadipscing vero magna sed erat rebum erat veniam. Dolor labore eos et et elitr sed tincidunt tempor labore clita ullamcorper nonumy praesent et ut. Euismod consectetuer luptatum est sed erat autem amet. Sea duis clita labore nonumy dignissim labore ea exerci nonumy dolores labore lobortis takimata. At sadipscing quis consectetuer at labore amet consequat vero facer facilisi cum amet dolore.\nIpsum eos feugiat duis nulla et stet blandit kasd feugiat ipsum ut diam. Diam dolores diam eu sed aliquam tempor aliquyam. Est no diam labore. Sed tempor sadipscing quis labore. At erat diam. Gubergren sanctus ea ut nulla consequat nulla est iusto sit stet duis consetetur iriure sit dolore suscipit. Consectetuer justo diam.\n","publishDate":"2024-02-19T17:51:23.4439561+00:00"},{"id":11,"title":"Book 11","description":"Sit nostrud lorem sed est dolore. Invidunt tempor diam. Diam sed stet accusam diam invidunt minim dolor sed. Hendrerit enim kasd dolor dolor amet stet nonumy dolor at eirmod rebum ea justo stet est invidunt magna. Elit sed nonumy vero ea delenit magna justo duo erat suscipit dolor et. Ad amet id. Sit tempor sea et ea diam ut. Amet erat molestie tempor dolore amet qui invidunt quis. Sanctus dolores et vero te no eu nonumy magna nonumy iriure et sadipscing ut dolor dolore gubergren sit. Te delenit duo sed in sanctus commodo facer invidunt. Tempor stet zzril lorem dolores volutpat et dolor ad wisi accusam facilisis amet.\n","pageCount":1100,"excerpt":"Diam clita erat invidunt et et ipsum ipsum in zzril invidunt amet exerci tempor eros. Facer dolores tempor et dolores. Et facer consetetur kasd sanctus ipsum aliquyam sanctus sed aliquyam et autem eos ea lobortis dolore magna sit at. At vero amet illum sadipscing eu clita ut diam diam odio nibh stet ipsum aliquyam imperdiet sadipscing voluptua tempor. Sea augue no facilisi nonumy tempor takimata ea aliquyam rebum sit invidunt at. Accusam stet commodo sea tempor diam. Ea dolore est est stet dolore gubergren lorem. Sadipscing diam aliquyam sadipscing diam magna erat eirmod sea et molestie dolores elitr amet sed duis duo sea.\nEirmod kasd tation accusam nibh takimata magna dolore nonumy eum sit zzril gubergren et lorem voluptua tincidunt. Eos eos vero sanctus ut laoreet. Dolor clita takimata sit invidunt invidunt ipsum erat sadipscing accusam dolor no kasd ipsum et ut et. Eirmod et at. Eirmod sed est lorem dolor lorem accusam erat sit delenit ipsum at nonumy dolores. Dolore sed in aliquyam magna gubergren sanctus justo labore. Ipsum dolor sed kasd magna amet dolor lorem nulla vero sanctus eos dolores sed clita. Eum exerci amet tincidunt magna lorem stet dolores et invidunt facilisis sed id. Justo dolor eos amet labore amet sanctus et quod. Sea sea justo ea et tempor. Sanctus at erat invidunt duo. Sadipscing lorem labore elitr ipsum sea at accusam.\nDolor dolor rebum esse sit invidunt gubergren magna accusam in amet est cum ipsum amet diam et amet. Gubergren nonumy kasd ut aliquyam et voluptua labore sanctus ut at diam. Assum dolor rebum justo dolore. Vero amet diam lorem voluptua ullamcorper et amet nonumy ipsum velit elitr molestie tincidunt aliquyam dolor sadipscing in. Duo delenit sadipscing. Dolores wisi ea tation sadipscing clita sed justo kasd dolore sed dolor lorem stet vero duo.\nElitr dolore consequat vero sed volutpat kasd dolores. Clita labore enim consetetur nulla sanctus voluptua dolore justo ipsum nonumy sea labore sanctus lorem enim ipsum erat. Lorem illum facilisis amet accusam vel feugait et praesent. Tempor dolor minim consetetur. Diam dolor elit vero sanctus tempor sit diam. Sanctus stet lorem ea et takimata amet dolores sed sed sed voluptua sanctus feugiat quis. Eirmod amet diam wisi lobortis qui ad magna diam elitr et ut rebum clita. Commodo ipsum gubergren accusam vulputate mazim dolores magna ut ut tincidunt. Kasd amet aliquam sanctus dolore tempor et ullamcorper in. Magna suscipit consetetur et lorem no vero justo diam ullamcorper sadipscing dolor et ipsum kasd.\nJusto kasd ipsum eirmod sanctus sanctus dolor kasd erat lorem ipsum sanctus duis lorem. Nonumy kasd invidunt lorem sadipscing duis sed. Lorem eu magna vero no sit no invidunt sit rebum euismod accumsan nisl accumsan dolores dolore. Consetetur gubergren aliquyam stet facilisis sea lorem lorem ut kasd gubergren lorem duo vero labore takimata. Et aliquyam ipsum no sed vel at dolore aliquyam consetetur kasd accusam sed sadipscing sea diam sea hendrerit iusto. Justo no nonumy gubergren dolore et sadipscing dolore sed nonumy sed dolore possim clita ipsum at sed dolores. Molestie dolor eos vulputate vero consectetuer. Amet liber magna eirmod lorem facilisi et dolore delenit lorem diam eum dolor vero est invidunt. In clita at. Sadipscing et et nobis et stet vel stet duis autem exerci nisl. Invidunt dolor lorem sit dolor ullamcorper dolore. Ea laoreet accusam nonumy minim. Invidunt takimata accusam sed. Ipsum voluptua iriure elit elitr in consetetur et voluptua vero sit eum elitr accusam dolor.\n","publishDate":"2024-02-18T17:51:23.4440305+00:00"},{"id":12,"title":"Book 12","description":"Wisi lobortis justo invidunt sit magna ea diam no amet takimata no accusam eos at augue. Erat sadipscing magna eirmod lorem labore sadipscing assum. Et dolore ea elitr erat lorem dolores et blandit erat ut nonumy in vero nulla in dolor vulputate. Dolor at elit minim takimata dolore imperdiet nulla ea ea vero magna duo. Dolore clita sea dolores erat facilisi nonumy. Magna sea quis labore no ea dolore ea laoreet elitr lorem vel at diam iusto sit. Sea minim ut sed consetetur tempor kasd dolores. Dolore placerat ipsum et ut accusam dolores takimata molestie voluptua doming at ipsum sanctus. Justo magna lorem ea. Sed aliquyam vel dolore ea et dolor sit clita consetetur elitr dolores sadipscing et. Ipsum sit labore vero eu eos rebum dolor facer sea erat elitr no labore voluptua lorem at eirmod ipsum. Sed labore sadipscing at eros invidunt sed ipsum vel et takimata accumsan te. Elit dolor aliquyam dolores vero sed. Eum consetetur no et lobortis diam consetetur sanctus diam justo no duis amet eos. Imperdiet aliquyam labore invidunt luptatum tempor erat vel nulla amet invidunt ipsum vero amet dignissim.\n","pageCount":1200,"excerpt":"Commodo suscipit rebum nostrud congue accumsan diam delenit erat et diam sed diam. Sit erat dolore accusam kasd tempor facilisis at et dolores dolor est tempor eos vero. Rebum suscipit justo blandit diam minim ut accusam ipsum facilisi kasd clita ipsum duis accumsan stet ut rebum praesent. Lorem labore no erat tempor est magna dolor sadipscing labore et. Te sanctus sea sed ullamcorper ut sanctus diam diam praesent ipsum sadipscing ut. Sit sadipscing sadipscing qui praesent amet. Dolore at et dolore ex.\nEos duis et ipsum nonumy accusam vulputate ea enim at stet dolore accumsan duo justo. Consequat aliquam elitr accusam ullamcorper sanctus nonumy iriure tation ipsum option id dolor ut molestie nonumy consetetur. Nonumy quod sanctus consetetur veniam dolore amet dolores invidunt lorem. Duo kasd consetetur dolore ad gubergren amet amet nobis sadipscing et vero lorem. Ad accusam et lorem quis vero clita eirmod justo duis rebum. Justo invidunt et ut amet dolore diam euismod. No velit invidunt laoreet dolores ut lorem lorem dolore clita duo cum duo.\nSed dolore sea eos consetetur et amet et ea stet ut velit sanctus et invidunt eirmod. Sanctus consetetur eirmod vero sea justo at consequat erat justo sit gubergren ut ipsum. Erat rebum ipsum accusam magna ipsum tation. Sadipscing no tation est in dolor tempor sed lorem stet sed et voluptua amet iusto eos. At sanctus adipiscing feugiat lorem vel dolore tempor tempor dolore duo possim amet et facilisis. Takimata vero vero accusam amet elitr diam exerci. Duo erat ipsum sed et ut consetetur rebum erat diam no duo justo diam takimata amet. Ea sea clita congue ullamcorper molestie aliquyam rebum lorem iriure dolor. Ipsum dolores dolore tempor takimata amet ipsum ex nobis clita. Vulputate sed sed facer eum praesent diam eirmod accusam vulputate accusam luptatum. Gubergren erat duis sed ipsum amet eirmod blandit accumsan kasd. Amet elitr lorem lorem sed eos lorem gubergren magna dolore sit esse sadipscing facilisis et dolor elitr et. Consequat duo et te ut vel dignissim amet stet. Sed duo et vero sed erat vero invidunt accusam nostrud in erat dolore dolor. Gubergren amet volutpat eirmod praesent et eros gubergren duis magna et amet magna lorem vero. Sanctus assum duo eirmod voluptua et. Lorem vel eirmod gubergren dolor ipsum lorem ea erat clita placerat ut volutpat takimata eos. Takimata nostrud zzril diam. Volutpat takimata takimata diam rebum velit facilisis et dolores et amet dolores dolor gubergren aliquyam no gubergren.\nInvidunt rebum et sit ea vel ea sadipscing quis est dolor takimata magna. Dolores ipsum sed velit justo. Eirmod dolore sit et magna consectetuer amet ipsum sadipscing liber. Dolores nonumy dolore no accusam velit iusto. Labore esse ut duo eirmod sed dolores dignissim amet ea et hendrerit magna quis. Dolor esse invidunt ad magna accusam et eros invidunt no eros diam eu enim aliquip ex et voluptua luptatum. Et quod sed ullamcorper vero sit magna ea clita praesent eirmod ipsum. Magna laoreet elit. Sit laoreet elitr autem accusam sit duis consetetur sed dolor accusam lorem stet nonummy zzril vel. Diam congue in laoreet eos consetetur et sanctus aliquyam. Magna et invidunt magna et et nulla et lorem tation sit. At sed vero amet exerci. Labore imperdiet sed dolor. Diam lorem duo consetetur et. Hendrerit sea invidunt elitr dolore sed blandit sit voluptua kasd esse magna lorem hendrerit sit. Sed nisl nonumy diam dolor consequat liber sit voluptua clita cum soluta sed. Et vulputate duis ut labore sadipscing clita sanctus no magna autem dignissim euismod no invidunt. Facilisis ipsum liber accusam sed dolor autem stet delenit blandit et ipsum feugiat aliquyam est.\nEa stet erat no est dignissim. Justo kasd dolores tempor et amet accusam et sea est sed nonumy autem dolor. Laoreet amet dolores tempor. Ut wisi facilisis lorem diam gubergren exerci ipsum gubergren amet molestie nonumy sit diam. Vero lorem eirmod invidunt dolore nulla ipsum vel dolore diam magna nonumy sit. At ipsum ut eum sit et aliquip duo et eirmod. Eirmod dolor et tation gubergren gubergren eos kasd ut eirmod esse et diam feugait duo. Suscipit dignissim option in feugait esse et nonumy sea vero. Erat soluta ut vero erat aliquyam magna erat et clita facilisi at ipsum duis.\n","publishDate":"2024-02-17T17:51:23.4441311+00:00"},{"id":13,"title":"Book 13","description":"Et amet sanctus diam consetetur sanctus tempor nibh dolore elitr vulputate diam. Duo diam takimata elit ipsum dolor vulputate lorem zzril sit aliquyam. Elitr hendrerit ut et dolores nisl justo no sea dolore no accusam aliquip blandit diam eum lorem diam gubergren. Nonumy aliquyam kasd sed takimata at accusam et nulla dolore takimata et et takimata. Ea invidunt dolor. Voluptua et no molestie facilisis consetetur sit luptatum eirmod gubergren iusto blandit diam clita est iusto. Ut ut sanctus. Hendrerit magna elitr duo. Tempor ut dolor ipsum exerci dolore.\n","pageCount":1300,"excerpt":"Amet sanctus est kasd tincidunt quod. Labore feugiat sed est et kasd illum nibh stet nulla. Veniam stet molestie dolores duo nostrud laoreet amet option eirmod vero.\nEt magna vero vel eum amet et et sit et illum kasd facer kasd consetetur amet. Dolores zzril invidunt lorem takimata ad est ut duo kasd lorem vel voluptua vero ipsum aliquyam dolor sea. Sanctus rebum ipsum. Consetetur rebum ipsum dolore mazim sed ut imperdiet dolores luptatum erat quis sanctus ipsum. Ea takimata no duo labore et eirmod aliquip invidunt possim sed. Euismod erat lorem nonummy. Molestie kasd ex stet diam. Lorem dolor wisi takimata at et tation eu erat amet ea elitr nonummy sea autem sit sanctus. Sit sea at facilisi praesent sit et ut duo invidunt suscipit vero et. Diam luptatum sed dolor ea et clita qui amet veniam amet volutpat. Accusam duis takimata ut sea elitr aliquyam clita nisl diam. Dolore id stet et.\nFacer sanctus eirmod nulla ipsum velit sed nonumy dolore et hendrerit. Dolor dolor justo sed adipiscing ipsum delenit facilisis tempor consectetuer lorem rebum dolores iusto dolor consectetuer. Amet duis facer dolores dolores amet magna. Erat at diam lorem elitr delenit aliquam consectetuer sit.\nVero commodo aliquam ipsum ad takimata eirmod accusam elitr elitr dolore nibh dolores amet. Magna nulla vel erat enim gubergren voluptua gubergren. Dolore tempor voluptua accusam est. Dolores accusam duis. Eros duo qui. Enim amet clita invidunt stet sanctus duo lorem ea wisi eos diam est tempor gubergren et. Consetetur sit et sit consetetur labore volutpat et et id no dolores et. Voluptua rebum dolore autem rebum commodo. Sit amet ipsum tincidunt. Lorem takimata in elitr lorem eos eos assum facilisis. Diam blandit eros vulputate at magna gubergren nonumy sed sit sadipscing dolor sit accusam. Wisi voluptua sed volutpat accumsan diam magna sea veniam aliquam dolore molestie et blandit justo. Autem facer vero accumsan et at.\nEsse et ea illum consetetur invidunt lorem. Duo dolores lorem sit takimata dignissim clita praesent dolore consectetuer sit invidunt et dolore. Consetetur accusam erat feugiat vel. Ut dolores consectetuer lorem nibh nisl ea ea dolor ut hendrerit suscipit accusam justo nonumy delenit sea amet dolor. Labore ipsum rebum dolores consequat sea doming eirmod lorem accumsan veniam rebum diam ipsum est. Duo eirmod kasd aliquip sea elitr velit dolore ut luptatum dolores nobis veniam et gubergren dolor accumsan hendrerit sadipscing. Dolore magna invidunt vero sit sadipscing at velit duo lorem amet. Tempor sea diam diam. No sit consectetuer. Rebum invidunt blandit. In feugait sit et dolor. Duis eos suscipit sit consequat amet elitr takimata sed. Eirmod et vulputate sea sed liber kasd lorem dolor possim aliquip at et. Diam possim hendrerit eirmod ea consequat vero ut esse hendrerit consetetur tation. Lorem sit lorem augue. Eos ipsum ad odio sed aliquyam clita amet takimata sit diam. Iriure lorem gubergren dolor. Est tempor sed amet nonumy exerci sea lorem at sit at nobis vero diam eu ipsum clita dolores amet.\n","publishDate":"2024-02-16T17:51:23.444197+00:00"},{"id":14,"title":"Book 14","description":"Eirmod invidunt invidunt consetetur eirmod diam enim. In lorem dolor vero amet labore stet justo sea sit labore diam aliquyam. Diam velit qui placerat velit. Ipsum elit ea et et clita vero vel et tempor consequat ea tation ut gubergren adipiscing ipsum nonumy dolor. Nisl sit dolore tempor sanctus duo at laoreet. Et dolor in. Duo elitr et vero labore et suscipit sit veniam accusam amet diam luptatum magna eros ea elitr. Gubergren sed no tempor eirmod sea delenit facilisi rebum dolor sit vero clita. Placerat clita lorem clita magna eos nonumy elitr dolor sit gubergren consetetur nonumy at dolor liber augue. Consetetur at sit elitr erat sea lorem. Te dolor justo takimata ullamcorper facer et elitr elit sea consetetur rebum ut rebum. Ipsum ea lorem dolores amet dolor est stet sit placerat. Consectetuer no erat lorem clita sea illum at facilisis tempor amet et zzril amet. Ut stet diam accusam eirmod eos sanctus. Diam quis eu et duo molestie autem at luptatum ut option et dolor dolore. Eros diam sed in eirmod nonumy duo ipsum est takimata rebum clita aliquyam invidunt vero et et duis. Ea enim esse amet eos amet diam zzril. Diam lorem elitr.\n","pageCount":1400,"excerpt":"At nobis volutpat diam facilisis elitr vero et tation tempor tempor rebum no magna sea velit. Sea sadipscing gubergren consetetur rebum eirmod sit vulputate doming magna justo clita facilisis minim duis lorem erat sed. Justo nonumy dolore. Delenit amet sanctus sed in elitr et tempor sit facilisis elitr ullamcorper exerci eros. Lorem clita voluptua takimata kasd nonumy dolor hendrerit dolor quod aliquyam dolores quis et eleifend diam facilisis erat. Justo duis aliquyam ut eu diam at commodo erat dolores adipiscing nonumy sed et elitr amet. Sed rebum tempor laoreet magna ipsum gubergren dolore rebum lorem. Sea est ea eirmod labore rebum accumsan tempor et dolor sadipscing. Nisl sed nibh laoreet clita erat vulputate delenit dolor eos sea sit. Eirmod laoreet veniam dolore voluptua tempor rebum dolor ipsum sed no eos clita takimata vel. Dolores duis veniam exerci sed diam amet at. Ipsum ipsum suscipit et no sed delenit lorem facer qui accusam molestie ut adipiscing gubergren kasd kasd. Dolor takimata dolore consetetur eos takimata dolore stet eum consequat labore justo sed dolor sed. Tempor erat dolor nonumy ullamcorper exerci et lorem wisi sed ea eirmod.\nSit lorem eos et ullamcorper et in mazim eirmod. Duo gubergren ea amet dolore magna amet et sadipscing dolore consetetur sadipscing elitr dolor gubergren. Diam dolore amet accusam stet justo justo esse tempor et vero sed justo tempor. Ea praesent amet clita duo sea takimata id sanctus gubergren duis magna consequat. Augue et lorem clita dolores. Elit dolore ut velit lobortis id invidunt kasd consetetur nulla diam at nonumy. Esse laoreet takimata at vero et wisi accusam et duis duo laoreet ut stet dolor diam. Est consectetuer et volutpat in ipsum sea dolores est kasd lorem. Sit iriure ea eirmod amet duo est et et sit vulputate lorem ipsum nonumy amet ipsum nostrud nonummy. Kasd amet facilisi accumsan vulputate dolore justo diam laoreet ipsum dolor vero kasd. Eos lorem sanctus sanctus invidunt clita no dolore. Hendrerit consetetur stet labore justo feugiat gubergren in vero wisi augue justo. Nulla dolore erat rebum dolore et et eros blandit labore volutpat et sed feugiat.\nDiam sit dolor justo sanctus clita elitr qui accusam amet voluptua duo et sit facilisis kasd. Clita sanctus est dolores placerat tempor voluptua gubergren consequat stet et vel et. Kasd consetetur lorem eirmod nonumy labore suscipit clita sed consetetur takimata dolore. Kasd molestie ut dolor sit clita vel et illum velit amet sanctus aliquip consectetuer sit rebum clita aliquyam lorem. Erat et eu luptatum gubergren dolore ea illum eros vero sanctus gubergren sit et minim te eos magna. Est et adipiscing lorem duo iusto est voluptua duis dolore in possim magna. Invidunt dolores magna. Duo accusam takimata autem kasd. Gubergren gubergren ea nonumy magna volutpat at minim. Option soluta dolor ea feugait. Vero erat elit amet duo stet clita. Feugiat sed et iriure dolore. Ea wisi invidunt dolores laoreet sit sit id aliquyam magna facilisis kasd. Accusam in elit eirmod dolores sanctus dolore eirmod accusam diam amet stet et dolor lorem eleifend. Amet duo accumsan. Invidunt clita hendrerit accumsan diam amet et lorem sea clita clita eum diam duo et takimata. Aliquyam delenit erat gubergren vero nam eos velit nonumy consectetuer diam consetetur amet dolor amet dolor. Duo ea diam gubergren lorem zzril sed nonumy lorem sit amet dolores tation nulla sea dolor in erat. Ipsum dolor suscipit clita eos duo duo tempor feugait dolor illum duo id.\nAccusam gubergren eirmod et elitr et dolore duis aliquyam stet kasd velit sit in sea feugiat takimata. Justo sed in labore ipsum eos sadipscing nulla. Adipiscing magna eos sed gubergren sed. Tincidunt labore et labore takimata sit tempor nonumy feugiat ipsum rebum dolore consetetur ipsum autem stet. Et nonumy labore placerat ea eum sanctus et diam sadipscing duo est. Vero sed amet nobis consetetur dolor takimata dolores voluptua amet justo sadipscing lorem. Nonummy laoreet augue accusam. Rebum sit eum sed dolores et autem voluptua placerat hendrerit ut iusto sanctus feugiat ut clita et kasd. Dolore ipsum hendrerit hendrerit ut labore et liber vero molestie consetetur diam erat hendrerit amet ea. Nonumy eos sea nonumy diam feugait luptatum tempor dolores est est sea no accusam et magna ut. Nibh voluptua labore placerat tempor accumsan elit diam et kasd est suscipit aliquyam erat. Clita at lorem amet lorem ut in tempor magna accusam eirmod erat consetetur. Dolor nostrud tempor magna duis vero labore clita dignissim consetetur aliquyam dolor amet magna. Eirmod est aliquyam et ea nonumy sed.\nEa kasd vel minim erat dolore dolores gubergren facilisi lorem dolore kasd invidunt. Dolores esse ea sit no no nulla est elitr magna sit et iusto. Vel tempor et ea et dolore.\n","publishDate":"2024-02-15T17:51:23.4443021+00:00"},{"id":15,"title":"Book 15","description":"Eos elit exerci dolore consequat tempor dolor. Gubergren clita et no takimata exerci laoreet takimata delenit ipsum velit lorem et labore imperdiet. Ex nibh illum consectetuer ea aliquyam eos tempor et. Nonumy diam dolore sit sed sea qui sed no. Sit nonumy rebum. Kasd accusam justo. Stet est et. Rebum aliquam duo nibh voluptua aliquam amet dolor amet clita assum ipsum erat takimata nonumy et sed sit. Voluptua labore amet amet et eos duis eum. Ipsum accusam vulputate sit autem diam vero amet justo dolores erat in sea eirmod autem et no et. Adipiscing dolor ipsum cum in aliquyam dolore eu sea gubergren sadipscing duo diam invidunt ipsum dolore. Magna iusto ut tempor sit amet et amet ipsum lorem vel accumsan duo. Cum amet luptatum dolores sed sit facilisi labore diam at est labore sed sea.\n","pageCount":1500,"excerpt":"Sit aliquip magna kasd sea duo eirmod elitr sea sadipscing. Elitr diam gubergren dolor est illum no nonumy dolor. Elitr diam qui aliquyam accusam accusam aliquyam diam tempor takimata lorem magna est nisl stet. Sit takimata et sea eu kasd at et clita duis labore vulputate sea consetetur tempor. Nonumy ea et ipsum. Ea et id. Dolore velit amet vero diam vel sit facer nonumy sit duo sea sea vel autem et sadipscing takimata vel. Feugait takimata tempor dolore placerat ipsum lobortis amet in. Dolore nibh rebum sit hendrerit congue dolor lorem vel no rebum dolor. Consectetuer nonumy lorem magna invidunt. Et et takimata sadipscing dolore consetetur dolor amet sit dolore at at et at. Invidunt dolor option gubergren magna dolor exerci dolores dolore feugiat vero sea est vel. Feugiat eos et erat et euismod sadipscing ipsum.\nEos dolore ut wisi sadipscing zzril sadipscing ea dolor dolore velit. Elitr ipsum sit ea laoreet quis lorem augue consequat. Rebum rebum nonumy vulputate est ut volutpat eos tempor tation dolores iriure gubergren nulla. Diam sit consetetur i
[...]
m sanctus dolore ut consequat accusam sanctus erat magna et sanctus rebum nonumy. Dolor justo sanctus et gubergren sea eirmod accusam ut et takimata dolore dolor elitr. Eos elit dolores consetetur elitr diam clita dolore duo lorem sanctus autem dolores gubergren nibh sed diam molestie. Consetetur ipsum sit. Est amet sit labore rebum sit justo magna diam hendrerit. Ea sed facilisi augue ipsum clita takimata sit eu takimata esse vulputate et euismod ut luptatum. Duis esse invidunt et ea dolore gubergren accusam ipsum est sit diam wisi et. Sed qui kasd dolores esse magna erat et duo consequat accusam nisl ad ea nonumy et et duis nonumy.\nAmet dolor clita elit. Magna ea tempor sed clita no ipsum accusam vero gubergren amet hendrerit sed vero nihil magna. Stet dolores elitr dolore clita ipsum minim justo dolor accusam ipsum ipsum dolor dolor justo. Sea consetetur adipiscing dolor ea voluptua eos zzril minim dolor et aliquam. Facer nonumy at dolor dolor at magna duo aliquyam blandit in esse. Eos labore nonumy lorem cum clita diam clita.\nAt nonummy nonumy feugiat erat eos rebum option at consequat te accusam et invidunt et eirmod eos. Lorem duis justo ut eirmod sed dolor et sit sanctus. At ipsum consequat dolore lorem tempor ut lorem lorem aliquyam velit euismod clita. Dolor rebum justo dolor lorem sit amet dolore nonumy sanctus aliquyam takimata eos volutpat. Erat no nibh autem ad invidunt nonumy facilisis ea. Qui stet takimata dolore eirmod suscipit aliquyam dolore vulputate sadipscing stet. Dolor assum accusam vulputate diam dolor lorem in ipsum stet. Et dolor gubergren soluta sit at kasd nonumy nulla in blandit dolore delenit ipsum facer aliquip liber sanctus ea. Vero aliquyam augue nibh sed justo voluptua sit et eos wisi. Consetetur wisi minim. Sadipscing invidunt lorem delenit dolores qui nibh augue sed et tincidunt wisi amet clita dolor in erat sadipscing. Assum iriure in at dolores erat autem nonummy et no vero in gubergren ea. Iriure in voluptua luptatum ut sea et dolor tempor ex luptatum voluptua nam lorem sit duo gubergren tempor. Eos et accumsan lorem erat sadipscing eum.\n","publishDate":"2023-08-16T17:51:23.4931212+00:00"},{"id":198,"title":"Book 198","description":"Cum accusam takimata et autem hendrerit diam. Eu sit est illum labore. Eirmod est vulputate nostrud voluptua aliquip dolor in justo sanctus. Consetetur sit vulputate sit esse feugiat lorem tincidunt sit ut magna feugiat lobortis ut dolore ipsum. Exerci nibh adipiscing ut eirmod nonumy sit vel vulputate amet minim diam tempor. Lobortis sanctus dolore at. Nulla sit labore eos dolore dolore kasd sit nonummy eos nostrud et tation tempor.\n","pageCount":19800,"excerpt":"Sea iriure ea sadipscing sadipscing praesent takimata ea dolores. Vel eros diam iusto. Enim ea et amet kasd facilisi dolore tempor ullamcorper kasd dolores et sit et. Luptatum gubergren elit sed dignissim magna accusam nulla nibh rebum tation sadipscing at stet dolor justo. Dolor dolor justo suscipit erat vero tempor sit quis vulputate sit diam sit option. Iriure suscipit labore tation zzril ipsum et labore sit justo sit nonummy consequat. Sit congue amet stet dolor praesent nihil takimata nibh diam et consetetur et eos invidunt takimata. No et tempor dolore invidunt facilisis nibh clita. Kasd consetetur ipsum zzril wisi nostrud accumsan in labore ea dolores erat lobortis est. Sit diam feugait et tempor rebum dolor amet justo sed erat tempor lorem aliquyam sed minim elitr. Sit duo sed accumsan ex. Magna rebum amet at sed no lorem hendrerit. Minim magna zzril lorem stet dolore sit consectetuer invidunt placerat eos no. Nulla erat qui. Diam praesent accusam invidunt praesent et magna duis. Sea erat amet voluptua dignissim vero sadipscing justo delenit ipsum erat dolor consequat hendrerit wisi sed. Dolor tation dolores adipiscing duis ut. Stet esse et amet. Enim elitr dolor duis quis sanctus duo et wisi.\nEu aliquip dolores dolore est takimata et option dolor dolor lorem amet accusam aliquyam vero dolore. Sadipscing elitr accusam vero justo odio aliquyam diam et luptatum et rebum gubergren amet molestie. Ut dolor justo et esse dolore dolor vero nonummy consectetuer voluptua iriure vero adipiscing iriure takimata justo zzril duis. Eirmod suscipit soluta no sed wisi consetetur labore et amet diam autem consetetur rebum justo tempor vel dolor. Gubergren voluptua et. Ullamcorper autem dolor no. Ut voluptua et amet vero nobis nonumy id. Ipsum rebum sed aliquip minim sed rebum clita. Lorem vel ea kasd elitr sed et dolore labore elitr consetetur sadipscing magna commodo. Dolore at tempor consequat no erat dolor invidunt dolor adipiscing gubergren. Lorem dolor eirmod soluta voluptua amet hendrerit amet dolore sit.\nUt commodo justo lorem sit zzril sed ipsum ex nonumy rebum justo eos et sadipscing consetetur. Ipsum invidunt sea kasd eirmod ea nulla duis facilisis sit lorem luptatum eleifend enim iriure aliquyam amet dolor. Duo amet invidunt te rebum praesent sit accumsan accusam nonumy ut commodo vero. Magna aliquam invidunt ut sit sed eros aliquyam duis vel tempor aliquyam accusam sed dolor erat. Dolore sea feugiat doming consetetur gubergren takimata molestie eu erat sanctus at ut duo vulputate. Vero velit takimata est kasd amet clita sanctus et tempor ad sanctus ut. Vero illum accumsan eos nonumy sadipscing dolor lorem amet amet diam et dolor gubergren ipsum facilisi dolore eos. At vero consequat kasd diam accusam dolores sanctus vero amet et praesent magna ea invidunt sea. Justo dolor eum rebum ut dolore. Sadipscing nostrud sit sed.\nConsequat adipiscing tempor et at at wisi consetetur. Magna tation molestie sed elitr erat ut ipsum consectetuer dolore sit quod. Ut consequat et ut at aliquyam sea sea. Sit stet et ea ipsum vel clita nonumy sanctus sit sed et sit et ipsum et dolore. No et diam feugait lobortis no option congue est gubergren elitr eirmod nonumy sed in. Sanctus dolor nihil consetetur sadipscing takimata iriure in stet consetetur est justo erat nonumy. Suscipit et mazim sit et no sanctus nulla sit invidunt. Lorem nonumy nam eu sanctus tincidunt dolore erat sed dolor tempor ipsum eirmod elitr consectetuer voluptua nisl. Eirmod est justo ipsum vero possim. Dolor vero clita tempor clita feugait sadipscing facer. Sit sed sea et dolores sadipscing consectetuer dolor autem amet justo in elitr accusam et euismod diam delenit. Justo ex esse accusam sed sed ut invidunt sadipscing sanctus doming molestie. Accusam molestie et qui dolor justo gubergren amet et vero molestie justo.\nElitr eos gubergren invidunt dolor delenit sed sed accumsan ea vero facilisi eos sadipscing labore sit. Ut gubergren et lorem diam dolor blandit dignissim sit. Diam vel et hendrerit nulla ullamcorper rebum tempor. Eos gubergren aliquyam duo praesent est. Voluptua consetetur tempor. In et sanctus dolor amet dolor dolor sed amet aliquyam et lorem nonumy. Accusam aliquyam at rebum gubergren esse vero rebum. Elitr aliquyam kasd sit consetetur duis vel eirmod et adipiscing et tempor kasd ea est sadipscing lorem stet. Lorem ut te voluptua consetetur diam stet amet sit accusam magna liber amet. Erat aliquyam dolore. Ea dolor aliquyam erat elit invidunt in takimata amet laoreet feugiat ea commodo dolore sit sed ipsum feugait erat. Ea dignissim ea. Gubergren nonumy tempor ipsum ex gubergren tation consequat diam takimata possim ad labore gubergren sed. Elitr molestie consequat tempor dolore augue amet consequat accusam tincidunt ut eos. Eirmod sed diam consectetuer et. Labore rebum rebum amet dolore justo sed eirmod dolore nonummy lorem magna rebum.\n","publishDate":"2023-08-15T17:51:23.4932429+00:00"},{"id":199,"title":"Book 199","description":"Dolore stet sit eum consetetur eum consetetur. Et hendrerit et amet nobis te est sit et accusam. Dolore ut dolor duo ea. Sit no est clita amet lobortis sadipscing lobortis accusam sit minim lorem consectetuer nobis sadipscing. Rebum et takimata rebum autem sit quod magna amet ipsum eirmod vero aliquyam et at option. Sanctus wisi ea lorem delenit gubergren enim invidunt ipsum et sit dolor invidunt ipsum sanctus blandit dolor. Sanctus lorem adipiscing.\n","pageCount":19900,"excerpt":"Sed magna elitr exerci est. Ipsum sed possim magna diam sit tation. Magna tempor et et gubergren sit lorem duis est lorem diam diam sadipscing tincidunt sit in nonumy ipsum in. Gubergren lorem dolore diam dolore nibh vero ipsum vulputate ea ad diam dolor blandit aliquyam imperdiet labore vulputate. Magna ea eros et doming lorem tempor consetetur sadipscing stet ipsum facilisi erat feugiat lorem. Est accusam lorem eos dolores tempor labore accusam doming. Sanctus lorem facilisi accusam dolor nonumy eos et elitr ut dolore luptatum sadipscing. Rebum aliquip no feugiat invidunt eos ut duis vel tempor nisl sanctus et ut lorem et augue.\nLorem dolor sit et odio sadipscing stet sea sanctus justo lobortis laoreet takimata et lorem dolores et consetetur. Rebum dolor et takimata eros ut dolor lorem eirmod sadipscing lobortis et et amet et. Lorem augue duo quis diam sadipscing suscipit ipsum at praesent lorem accusam. Takimata duo takimata et eirmod lorem et facilisi ut sit dolor delenit invidunt iriure justo accumsan autem luptatum eleifend. Labore dolor ea zzril sed euismod facilisis erat vel. Gubergren qui dolores sit eos autem amet zzril voluptua ea illum consetetur nonumy erat amet augue et dolor. Liber ipsum dolor iriure kasd dolor erat dolor consetetur amet placerat aliquyam ut. Kasd aliquam sed clita takimata minim tincidunt vero. Lorem et sanctus amet ipsum vero ex illum rebum nonumy sanctus nostrud odio consetetur nostrud et enim lorem. Consequat nobis lorem no duo. Amet molestie illum sit ut sanctus hendrerit est. Elitr magna eos euismod augue.\nEa ipsum esse magna. Invidunt lorem duo est sed. Eros no possim. Justo consetetur dolor lorem takimata dolore sanctus. Nulla ipsum eos sanctus at qui dolor dolor elitr at consetetur consectetuer placerat eum nibh ad invidunt ea dolore. Elitr amet amet in labore ea sadipscing vero in delenit dolor. Eos sed sanctus sed feugait sea sanctus nostrud ea commodo nulla vero. Lorem iriure sed ut in consetetur erat gubergren sea te takimata stet nulla erat erat dolores eirmod. Stet amet clita et ut illum tempor labore esse autem wisi est aliquyam amet dolor volutpat ipsum. Takimata dolor praesent ea dolores lorem elitr. Elitr elitr sanctus sed ipsum quis dolore consectetuer te at sadipscing no duo lobortis sit sed amet sit.\nLorem eos justo duo te diam accusam eos dolor sadipscing sea at eos. Nulla esse duis kasd vero. Sea liber eos accusam id sit lorem tempor vero. Eirmod diam suscipit est sit hendrerit. Sanctus erat nulla invidunt facilisis. Est molestie odio sea ipsum nisl diam ipsum duis ea eros amet quis dolor. Sed sit est magna vero kasd laoreet wisi voluptua nonumy eirmod luptatum clita molestie sanctus nonummy erat. Aliquyam nonumy doming amet clita sit at diam lorem nibh cum volutpat euismod sed sadipscing luptatum vero. Liber amet nulla duo sit dolores. Erat lorem diam dolor stet consetetur facilisi amet magna diam aliquyam dolores et elitr ea duo. Nonumy duo aliquam sed sit no duis et. Laoreet sed lorem dolor clita esse dolores ipsum lorem. Elitr dolores elitr vel tempor delenit. Exerci diam illum iriure no augue duis. Sanctus dolore accusam velit in nonummy accusam lorem rebum ea gubergren rebum voluptua nonummy nonummy ea nonumy. No ea sadipscing accumsan sed suscipit ipsum odio eleifend amet sadipscing sadipscing dolore stet. Erat possim et feugiat sed sit molestie amet at. Duis erat invidunt eos at magna vulputate est diam sed aliquam te. Invidunt ut rebum et sit adipiscing lorem eos volutpat eos diam dignissim feugiat.\nAccumsan eirmod gubergren et magna nonumy ut dolores elit sea no stet ut est eos ipsum. Diam lobortis et dolor sit nibh magna gubergren ipsum consequat sit voluptua sit amet no dolores est gubergren. Elit ut sea in gubergren et te. Erat amet nonumy takimata diam stet magna amet. Et dolor labore no ea diam stet ipsum vel et dolores sea at diam duo stet in iusto. Elitr et amet ea tincidunt lobortis et. Laoreet sadipscing erat dolor et. Stet duo clita. Rebum diam erat rebum sed vero dolor feugiat sit. Et eirmod diam nulla sadipscing et diam amet aliquyam rebum et ipsum ea diam ipsum in ipsum tempor nulla.\n","publishDate":"2023-08-14T17:51:23.4933286+00:00"},{"id":200,"title":"Book 200","description":"Et eum rebum rebum amet eos consequat duo no eos ea no sit tempor eros zzril et sed. Clita lorem sit veniam et et autem ut et sed erat est ut sed ea. Labore nonummy magna feugait illum lorem adipiscing feugait clita aliquyam et sed euismod no exerci magna lorem. Nihil accusam clita magna magna dolor invidunt ea dolor tempor est augue. Nonumy labore diam iriure autem. Rebum accusam at ea sit clita sed amet est et vel sea ea labore dolor voluptua dolor at takimata. Diam sit ipsum sed ipsum sadipscing blandit est invidunt invidunt erat duis feugiat. Est tempor sed sed consetetur diam sit lorem congue sit consequat hendrerit sit diam nulla. Diam augue ipsum et nisl lorem nonumy amet ea sed nonumy dolores consetetur quis vero et vero dolores amet. Iriure takimata ipsum nonumy labore ut voluptua vel vel ipsum dolor nostrud diam sed wisi autem. Aliquyam dolore facilisis sit elitr delenit qui duo blandit zzril ea. Lorem at mazim no et et accusam amet magna duo dolor aliquyam labore gubergren in duis sanctus accusam nonumy. Dolor soluta vel accusam clita labore est elitr erat justo sit et et. Ea magna dolore at eos invidunt et veniam et voluptua et dolore ut kasd dolor clita sit eu. Ut praesent erat tempor kasd ut voluptua dolore sadipscing amet dolore nulla cum eum velit eos.\n","pageCount":20000,"excerpt":"Qui eirmod aliquyam kasd magna sadipscing dolores sadipscing vero amet mazim et dolore aliquyam lorem esse invidunt sit. Et aliquyam magna magna accusam tation molestie dignissim. Et erat tempor labore duo dolore lorem kasd soluta ut sit takimata. Rebum diam et amet. Labore dolore takimata labore consequat dolore justo praesent vero. Vero vel illum no tempor gubergren ut invidunt et. Et kasd diam. Et voluptua rebum amet aliquyam velit nonumy sanctus augue option dolor et dolor at et accusam. Facilisis sadipscing sadipscing kasd ipsum at in iriure nulla minim wisi at ipsum invidunt gubergren nonumy est. Sea sanctus takimata sit tempor. Et lorem accusam velit et sea. Duo duo vero lorem et eirmod labore est.\nElitr feugiat et accusam dolore delenit kasd diam assum voluptua ut dolor erat delenit vero laoreet te. Dignissim justo est vel iriure delenit amet kasd. Sed lorem lorem et sed dolor dignissim duis sanctus accumsan zzril at luptatum accusam dolor adipiscing dolores. Et diam amet sadipscing soluta ipsum duo. Lorem ea in dolore eos duis aliquyam et delenit no et voluptua luptatum aliquip et lorem et et. Enim takimata dolor ex sea amet no ut sea in at eirmod. Sea rebum gubergren nostrud dolores sit sea hendrerit congue diam dolores erat takimata ipsum esse dolor eos invidunt dolore. Volutpat sed kasd elitr. Lorem consetetur vel diam diam justo ipsum tation sadipscing sed exerci vel commodo in vel nonummy vulputate dolor eirmod. Amet ipsum est. Justo lorem elitr aliquyam vel dolor vero dolore accusam lorem aliquyam et diam sed. Kasd accusam duis labore dolor augue eos sadipscing vero sit commodo kasd. Amet te in et minim et labore consequat in tempor option elitr et. Sanctus amet clita accusam.\nIpsum dolores ipsum. Aliquyam tation et dolor tempor invidunt nobis sanctus consetetur sanctus. Diam ut et at stet sed dignissim erat ipsum nonumy feugiat ea sed aliquyam et et at te exerci. Sit sanctus rebum dolores diam sed rebum sit ad doming sed ut stet te sed vel. Ipsum eu et lorem facer stet ipsum sadipscing. Consequat diam elit ullamcorper. Et sed ut. Nonumy et at gubergren et sed ea sed. Ea sadipscing eu et stet consetetur vero sed dolore consetetur amet ea takimata accusam invidunt aliquam. Dignissim consetetur dolore.\nEt suscipit lorem dignissim dolor et et sed. Quis voluptua sed eos sanctus veniam at sed sea invidunt sed. Amet no sit et justo vel feugiat elitr accusam sed. Nostrud lorem blandit eu aliquam consetetur iriure gubergren amet gubergren et te tempor invidunt tempor diam. Labore vero dolores vulputate ex. Et justo duo dolor gubergren no esse ipsum duis nonumy sed consequat sea tempor vel amet. Lorem ut tempor diam ullamcorper duo. At magna eirmod tempor consetetur accusam tempor amet eirmod gubergren. Magna vel clita takimata diam dolore. Nonumy iriure eirmod et molestie eos labore eos. Duis sit erat kasd nonumy invidunt ipsum delenit invidunt sed nostrud consequat ut eirmod kasd eos.\nImperdiet diam amet no. Labore lorem enim euismod stet voluptua aliquyam kasd tincidunt lorem sit stet elit dolore dolore sadipscing duo voluptua et. Adipiscing takimata clita dolor kasd duo lobortis erat sanctus elitr vulputate invidunt diam. Consequat elitr nulla duo clita ipsum. Eirmod eirmod lorem sed. At magna consetetur labore labore clita stet doming justo esse molestie aliquip luptatum et kasd amet tempor clita esse.\n","publishDate":"2023-08-13T17:51:23.4934186+00:00"}]</msg>
<status status="PASS" starttime="20240229 14:51:19.028" endtime="20240229 14:51:19.034"/>
</kw>
<kw name="Set Test Variable" library="BuiltIn">
<arg>${RESPOSTA}</arg>
<doc>Makes a variable available everywhere within the scope of the current test.</doc>
<msg timestamp="20240229 14:51:19.034" level="INFO">${RESPOSTA} = &lt;Response [200]&gt;</msg>
<status status="PASS" starttime="20240229 14:51:19.034" endtime="20240229 14:51:19.034"/>
</kw>
<status status="PASS" starttime="20240229 14:51:17.157" endtime="20240229 14:51:19.034"/>
</kw>
<kw name="Conferir o status code" library="kws_apiautomation">
<arg>200</arg>
<kw name="Should Be Equal As Strings" library="BuiltIn">
<arg>${RESPOSTA.status_code}</arg>
<arg>${STATUSCODE_DESEJADO}</arg>
<doc>Fails if objects are unequal after converting them to strings.</doc>
<msg timestamp="20240229 14:51:19.039" level="INFO">Argument types are:
&lt;class 'int'&gt;
&lt;class 'str'&gt;</msg>
<status status="PASS" starttime="20240229 14:51:19.039" endtime="20240229 14:51:19.039"/>
</kw>
<status status="PASS" starttime="20240229 14:51:19.039" endtime="20240229 14:51:19.039"/>
</kw>
<kw name="Conferir o reason" library="kws_apiautomation">
<arg>OK</arg>
<kw name="Should Be Equal As Strings" library="BuiltIn">
<arg>${RESPOSTA.reason}</arg>
<arg>${REASON_DESEJADO}</arg>
<doc>Fails if objects are unequal after converting them to strings.</doc>
<status status="PASS" starttime="20240229 14:51:19.044" endtime="20240229 14:51:19.045"/>
</kw>
<status status="PASS" starttime="20240229 14:51:19.039" endtime="20240229 14:51:19.045"/>
</kw>
<kw name="Conferir se retorna uma lista com &quot;200&quot; livros" library="kws_apiautomation" sourcename="Conferir se retorna uma lista com &quot;${QTDE_LIVROS}&quot; livros">
<kw name="Length Should Be" library="BuiltIn">
<arg>${RESPOSTA.json()}</arg>
<arg>${QTDE_LIVROS}</arg>
<doc>Verifies that the length of the given item is correct.</doc>
<msg timestamp="20240229 14:51:19.054" level="INFO">Length is 200</msg>
<status status="PASS" starttime="20240229 14:51:19.049" endtime="20240229 14:51:19.054"/>
</kw>
<status status="PASS" starttime="20240229 14:51:19.049" endtime="20240229 14:51:19.054"/>
</kw>
<tag>API</tag>
<tag>TESTE_1</tag>
<status status="PASS" starttime="20240229 14:51:17.156" endtime="20240229 14:51:19.054"/>
</test>
<doc>Aqui estarão presentes os testes referentes as API's de de Books.</doc>
<status status="PASS" starttime="20240229 14:51:16.894" endtime="20240229 14:51:19.060"/>
</suite>
<statistics>
<total>
<stat pass="1" fail="0" skip="0">All Tests</stat>
</total>
<tag>
<stat pass="1" fail="0" skip="0">API</stat>
<stat pass="1" fail="0" skip="0">TESTE_1</stat>
</tag>
<suite>
<stat pass="1" fail="0" skip="0" id="s1" name="Apiautomation">Apiautomation</stat>
</suite>
</statistics>
<errors>
</errors>
</robot>
