<?xml version="1.0" encoding="UTF-8"?>
<robot generator="Robot 6.1.1 (Python 3.11.3 on win32)" generated="20240229 14:52:18.134" rpa="false" schemaversion="4">
<suite id="s1" name="Tests" source="C:\Users\helder.paula@grupoboticario.com.br\Documents\GitHub\testrobot\tests">
<suite id="s1-s1" name="Apiautomation" source="C:\Users\helder.paula@grupoboticario.com.br\Documents\GitHub\testrobot\tests\apiautomation.robot">
<kw name="Conectar a minha API" library="kws_apiautomation" type="SETUP">
<kw name="Create Session" library="RequestsLibrary">
<arg>fakeAPI</arg>
<arg>${BASE_URL}</arg>
<arg>disable_warnings=${True}</arg>
<doc>Create Session: create a HTTP session to a server</doc>
<msg timestamp="20240229 14:52:18.339" level="INFO">Creating Session using : alias=fakeAPI, url=https://fakerestapi.azurewebsites.net/api/v1, headers={},                     cookies={}, auth=None, timeout=None, proxies=None, verify=False,                     debug=0 </msg>
<status status="PASS" starttime="20240229 14:52:18.339" endtime="20240229 14:52:18.339"/>
</kw>
<kw name="Create Dictionary" library="BuiltIn">
<var>${HEADERS}</var>
<arg>content-type=application/json</arg>
<doc>Creates and returns a dictionary based on the given ``items``.</doc>
<msg timestamp="20240229 14:52:18.339" level="INFO">${HEADERS} = {'content-type': 'application/json'}</msg>
<status status="PASS" starttime="20240229 14:52:18.339" endtime="20240229 14:52:18.339"/>
</kw>
<kw name="Set Suite Variable" library="BuiltIn">
<arg>${HEADERS}</arg>
<doc>Makes a variable available everywhere within the scope of the current suite.</doc>
<msg timestamp="20240229 14:52:18.339" level="INFO">${HEADERS} = {'content-type': 'application/json'}</msg>
<status status="PASS" starttime="20240229 14:52:18.339" endtime="20240229 14:52:18.339"/>
</kw>
<status status="PASS" starttime="20240229 14:52:18.339" endtime="20240229 14:52:18.339"/>
</kw>
<test id="s1-s1-t1" name="Cenario: Buscar a listagem de todos os livros (GET em todos os livros)" line="9">
<kw name="Requisitar todos os livros" library="kws_apiautomation">
<kw name="GET On Session" library="RequestsLibrary">
<var>${RESPOSTA}</var>
<arg>fakeAPI</arg>
<arg>Books</arg>
<arg>expected_status=any</arg>
<doc>Sends a GET request on a previously created HTTP Session.</doc>
<msg timestamp="20240229 14:52:21.850" level="INFO">GET Request : url=https://fakerestapi.azurewebsites.net/api/v1/Books 
 path_url=/api/v1/Books 
 headers={'User-Agent': 'python-requests/2.31.0', 'Accept-Encoding': 'gzip, deflate', 'Accept': '*/*', 'Connection': 'keep-alive'} 
 body=None 
 </msg>
<msg timestamp="20240229 14:52:21.850" level="INFO">GET Response : url=https://fakerestapi.azurewebsites.net/api/v1/Books 
 status=200, reason=OK 
 headers={'Content-Type': 'application/json; charset=utf-8; v=1.0', 'Date': 'Thu, 29 Feb 2024 17:52:23 GMT', 'Server': 'Kestrel', 'Transfer-Encoding': 'chunked', 'api-supported-versions': '1.0'} 
 body=[{"id":1,"title":"Book 1","description":"Qui amet no erat esse et duis lorem. Veniam nonumy no kasd lorem ut assum voluptua dolor eirmod takimata aliquip ea at kasd. Sit no et nonumy labore commodo labore tempor nulla commodo. Eros amet elit consequat in dolores amet et ipsum sea dolore minim autem. Eos ut et duo dolor erat ipsum dolor nulla et est eu amet at vero accusam nibh. Accusam ea takimata lorem dolore in sea voluptua.\n","pageCount":100,"excerpt":"Ad eirmod amet stet. Vero et eos tempor sed est augue feugiat eirmod lorem duo ullamcorper sit amet accusam. Justo dolor ut amet gubergren augue sanctus. Vero vero voluptua sit sed amet dolore eos vel. Sadipscing duis sit dolor justo dolor kasd. Aliquyam dolore dolores kasd rebum aliquyam sadipscing takimata stet amet dolor ipsum justo iriure ipsum. Erat eos eum est duo. Dolor justo in sea eos nulla doming nisl.\nDolore sit dolore. Gubergren lorem aliquam dolore justo sed sadipscing feugiat diam consetetur et et dolore. Eum aliquip sadipscing et labore ea sed eos nonumy ullamcorper augue sed sit aliquyam vel et no lorem. Dolore eos facilisi qui ut gubergren ullamcorper sea ipsum gubergren. Elitr placerat consectetuer lorem. Commodo et id sadipscing. Tempor consetetur eos diam. Wisi diam kasd imperdiet rebum ut rebum eirmod sadipscing. Ut et diam et kasd dolor autem eirmod voluptua vero magna sed autem enim sea et ipsum vel sanctus. Sit erat et amet duo. Amet sanctus clita. Tempor delenit dolor lorem odio accusam justo soluta sadipscing magna dolore gubergren invidunt ipsum. Clita praesent accusam ut. Tation duis duo dolore sadipscing. Et luptatum et diam consetetur dolore sit eos sanctus nonumy ut diam. Sadipscing lorem sea at dolor wisi sed minim diam sed. Dolores takimata takimata lorem sea veniam et sanctus elitr sadipscing aliquyam hendrerit ut dolores stet.\nSed magna nonumy ipsum magna sed ut vero no lorem sed magna invidunt at magna magna at lorem voluptua. Invidunt et ea takimata lorem. Minim iriure hendrerit sea ea qui diam ea.\nSed imperdiet est clita duo sit dolor amet magna sed. At sit sit aliquyam nonumy nonumy magna sed stet voluptua elit diam eirmod diam eirmod consectetuer invidunt. Sadipscing eos accumsan lorem et takimata nonumy gubergren eirmod takimata amet clita dolor invidunt sea elit dolor et. Dolore voluptua dolor in ipsum diam sit sit stet sea facilisi feugait ipsum dolores magna amet eirmod. Diam et et est eleifend. Et eos ea dolore duis sit gubergren diam est. Aliquip aliquam sed duo sed assum et nonumy invidunt et et magna magna sea magna duo magna.\nDuis vero sed diam et eum eros voluptua et lobortis blandit ut eos vel aliquip. Ea gubergren duis dolor takimata te commodo nonumy hendrerit amet dolor et option stet lorem. Lorem lorem et eirmod diam wisi stet dolor erat at et. Et lorem sed no eirmod eros sit consectetuer invidunt lorem sed rebum elitr sea. Sea sadipscing labore feugait ut est rebum voluptua sed elitr magna justo sea. Stet nonumy exerci est. Rebum et takimata et erat sanctus justo ut et augue. Hendrerit sea minim vero diam et eos dolor et eirmod lorem euismod dolore qui et ea ex nulla. Amet sea facilisis justo nulla takimata sanctus wisi dolor diam dolor sadipscing dolor dolores sit esse. Stet accusam nonumy clita lorem iusto kasd stet sit illum diam. Duo ipsum amet id gubergren sanctus lorem hendrerit. Dolore takimata ipsum dolore esse ipsum magna ipsum nonummy sed. No tincidunt nulla ut. Feugait adipiscing ut consequat eros ut stet dolor sed vero dolor mazim ea imperdiet molestie et. Kasd amet eos dolore stet minim rebum sed et magna kasd et dolor wisi eu dolor vero consequat tincidunt. Nulla magna duis dolore zzril. No amet sit lorem lorem.\n","publishDate":"2024-02-28T17:52:24.5811715+00:00"},{"id":2,"title":"Book 2","description":"Diam sadipscing sit sed at amet sit dolor enim iusto sed amet dignissim ipsum consequat clita duo. Stet dolore ut sea molestie amet et sit eos diam amet sadipscing augue ipsum amet dolores. Et sea amet consequat eirmod diam clita duo. Lorem ipsum amet et dolor vel dolores lorem at diam sit facilisis consetetur ipsum sed est. Ipsum ut erat magna commodo lorem diam lorem lorem eirmod sit tempor gubergren ipsum. Sadipscing et sit dolore sit elitr et amet sanctus. Illum dolor et id esse feugait. Sed et consectetuer in lorem vel ipsum ut.\n","pageCount":200,"excerpt":"Voluptua in voluptua liber no est magna ipsum sed quod amet diam et sadipscing elitr. Ullamcorper aliquyam eos elitr stet sanctus accusam takimata rebum vel sanctus nonumy ut accumsan. Possim labore ipsum quis voluptua sed dolor facilisis sit lorem invidunt option lorem et ut assum. Amet stet qui dolor justo assum luptatum nonumy et et dolores esse est duo stet diam at. Sea illum accusam et et dolores euismod est ipsum eos feugiat sed duo magna lorem invidunt. Ipsum et justo elitr kasd accusam et sea kasd tempor vero dolor dolores molestie illum clita no praesent dolores. Diam voluptua voluptua est ut amet lorem diam rebum aliquip amet sed molestie vero diam ut. Erat lorem placerat. Ut at vel elitr duis gubergren eirmod in consetetur rebum suscipit sed labore autem. Elitr vulputate et et magna diam augue accusam sit feugait labore sea duis diam. Invidunt erat facilisi. Justo aliquyam sit accusam sed et stet dolore diam. Clita vulputate ea.\nRebum stet sea suscipit. Elit dolor stet dignissim dolor ipsum eos vero sed tempor ipsum ipsum erat commodo. Facilisi wisi mazim no sit ipsum iriure eos eos. Elitr luptatum duo aliquyam kasd et volutpat aliquam ea. Sit duis no eos tincidunt iriure ipsum. Elitr vel dolor amet justo ut imperdiet feugait et ut veniam dolore nonumy et duis accumsan voluptua. Dolor dolore nulla volutpat erat et diam dolor sit ipsum aliquyam et labore amet feugiat. Nibh nonumy dolor erat nulla dignissim. Ut et vel sed tempor amet takimata dolores. In takimata dolore clita elitr diam sed justo sit clita dolores et et rebum soluta lorem vero. Dolor aliquyam sed. Erat erat enim facilisis duo. No elitr justo et et.\nAccusam dolor lorem dolor. Feugiat ea gubergren feugait eleifend duo. Lorem ut sed et ipsum gubergren duo est lorem tincidunt autem sed elitr eirmod et ea exerci dolor soluta. Dolores facilisi lorem eirmod eleifend kasd magna consequat sit sit diam duo commodo et stet exerci eros magna. Nam justo iriure vero ipsum vel diam euismod lorem nonumy consequat nam tempor diam placerat gubergren. Dolores ipsum ipsum et. Nihil autem stet sadipscing sea dolores autem accusam dolor et imperdiet rebum est dolor tempor facilisis. Accusam sanctus diam feugiat et. Dolore et est ipsum tempor amet vulputate dolore sed. Diam magna augue dolore ipsum tempor aliquam. Adipiscing vel consetetur sed nulla sit diam in duis veniam sed et soluta odio ea et.\nAliquyam placerat dolore at vero amet sadipscing sed accusam voluptua accusam diam. Consequat sed elit tempor est facilisis lorem. Dolor sadipscing nonumy dolore sadipscing consetetur sadipscing vero vel ut et et. Consetetur elit te eirmod iriure dolor velit. Eu tempor in ea volutpat dolores et ea erat et lorem ipsum nibh diam rebum diam ipsum. Ea erat lorem suscipit sed dolor hendrerit nonumy elit diam consetetur. Dolore et sanctus ea et at ea no feugiat illum ipsum amet kasd duo duo amet et justo ea. Gubergren kasd esse autem duo stet. Elitr duis commodo justo ad eirmod justo sit ipsum vel magna vero et dolore eirmod. Dignissim feugait aliquyam sadipscing vero ut diam magna vero duis sanctus ipsum est elitr. Lorem clita nulla assum nihil praesent. Elitr eos takimata exerci sadipscing erat. Te dolor eirmod consetetur aliquyam dolor eos amet tempor elitr feugiat clita elitr mazim sed kasd. Ipsum magna sea facilisis. No esse sit ea consetetur congue elitr consetetur diam sea dolore dolor. Kasd gubergren diam dolor exerci vel et justo justo takimata duo ipsum et. Consectetuer stet lorem sed ipsum ipsum sed labore justo erat sadipscing et exerci et tempor. Elit no sit est diam dolore enim. Elitr voluptua elitr praesent ullamcorper facilisis amet.\nDolores doming tincidunt ut dolore vero sed vero amet ea aliquyam. Consetetur vero consequat illum vulputate consectetuer in odio nonumy ea ipsum eirmod est labore et. Molestie velit euismod et lorem commodo sanctus consetetur. Sit tempor sea ea wisi sit nonumy quis amet invidunt ea voluptua. Vero voluptua magna rebum sea at ut at lorem dolores dolor kasd in consetetur vel dolores. Illum nonumy sea volutpat. Consectetuer aliquyam labore amet nulla justo tempor sanctus sit labore ipsum labore eirmod. No hendrerit tempor ipsum tation sed. Ea gubergren delenit nulla ea veniam illum clita duo tempor consectetuer dolore. Amet sit tempor elitr stet dolores dolores autem eos dolor amet et et dolor stet takimata volutpat.\n","publishDate":"2024-02-27T17:52:24.5812994+00:00"},{"id":3,"title":"Book 3","description":"Eos congue possim nulla tempor stet sit sanctus erat nisl. Augue voluptua invidunt volutpat labore sanctus facilisis feugait elit nonummy sanctus dolore invidunt labore sed. Eos sadipscing est odio. Amet consetetur commodo sanctus. Et in nibh velit et amet eros eos invidunt ut.\n","pageCount":300,"excerpt":"Aliquyam est dolor dolore euismod nulla et euismod. Sit eos amet et sit praesent et luptatum dolore veniam nonumy aliquyam eirmod vero. Consetetur euismod at ipsum wisi ipsum qui praesent nulla sadipscing clita qui. Consetetur vero te et et voluptua lorem sed accusam ipsum dolore vulputate volutpat. Ullamcorper amet dolor at voluptua sed at duis aliquyam sea stet nulla exerci sed dolor justo diam te. Et ut lorem et dolor. Facilisis voluptua labore tempor justo et vero facilisis augue ipsum. Erat delenit sadipscing vel nonumy at sed. Et ullamcorper eos. Adipiscing nisl gubergren gubergren ipsum elitr takimata tincidunt ipsum veniam dolor ipsum feugait eirmod sit odio aliquyam diam. Labore aliquyam aliquip ut tempor dolor iusto eos ea quis vel ex nobis.\nVelit illum dolores aliquyam ex ea tempor diam amet iriure lorem dolor lorem al... (set the log level to DEBUG or TRACE to see the full content) 
 </msg>
<msg timestamp="20240229 14:52:21.850" level="INFO">${RESPOSTA} = &lt;Response [200]&gt;</msg>
<status status="PASS" starttime="20240229 14:52:18.349" endtime="20240229 14:52:21.850"/>
</kw>
<kw name="Log" library="BuiltIn">
<arg>${RESPOSTA.text}</arg>
<doc>Logs the given message with the given level.</doc>
<msg timestamp="20240229 14:52:21.857" level="INFO">[{"id":1,"title":"Book 1","description":"Qui amet no erat esse et duis lorem. Veniam nonumy no kasd lorem ut assum voluptua dolor eirmod takimata aliquip ea at kasd. Sit no et nonumy labore commodo labore tempor nulla commodo. Eros amet elit consequat in dolores amet et ipsum sea dolore minim autem. Eos ut et duo dolor erat ipsum dolor nulla et est eu amet at vero accusam nibh. Accusam ea takimata lorem dolore in sea voluptua.\n","pageCount":100,"excerpt":"Ad eirmod amet stet. Vero et eos tempor sed est augue feugiat eirmod lorem duo ullamcorper sit amet accusam. Justo dolor ut amet gubergren augue sanctus. Vero vero voluptua sit sed amet dolore eos vel. Sadipscing duis sit dolor justo dolor kasd. Aliquyam dolore dolores kasd rebum aliquyam sadipscing takimata stet amet dolor ipsum justo iriure ipsum. Erat eos eum est duo. Dolor justo in sea eos nulla doming nisl.\nDolore sit dolore. Gubergren lorem aliquam dolore justo sed sadipscing feugiat diam consetetur et et dolore. Eum aliquip sadipscing et labore ea sed eos nonumy ullamcorper augue sed sit aliquyam vel et no lorem. Dolore eos facilisi qui ut gubergren ullamcorper sea ipsum gubergren. Elitr placerat consectetuer lorem. Commodo et id sadipscing. Tempor consetetur eos diam. Wisi diam kasd imperdiet rebum ut rebum eirmod sadipscing. Ut et diam et kasd dolor autem eirmod voluptua vero magna sed autem enim sea et ipsum vel sanctus. Sit erat et amet duo. Amet sanctus clita. Tempor delenit dolor lorem odio accusam justo soluta sadipscing magna dolore gubergren invidunt ipsum. Clita praesent accusam ut. Tation duis duo dolore sadipscing. Et luptatum et diam consetetur dolore sit eos sanctus nonumy ut diam. Sadipscing lorem sea at dolor wisi sed minim diam sed. Dolores takimata takimata lorem sea veniam et sanctus elitr sadipscing aliquyam hendrerit ut dolores stet.\nSed magna nonumy ipsum magna sed ut vero no lorem sed magna invidunt at magna magna at lorem voluptua. Invidunt et ea takimata lorem. Minim iriure hendrerit sea ea qui diam ea.\nSed imperdiet est clita duo sit dolor amet magna sed. At sit sit aliquyam nonumy nonumy magna sed stet voluptua elit diam eirmod diam eirmod consectetuer invidunt. Sadipscing eos accumsan lorem et takimata nonumy gubergren eirmod takimata amet clita dolor invidunt sea elit dolor et. Dolore voluptua dolor in ipsum diam sit sit stet sea facilisi feugait ipsum dolores magna amet eirmod. Diam et et est eleifend. Et eos ea dolore duis sit gubergren diam est. Aliquip aliquam sed duo sed assum et nonumy invidunt et et magna magna sea magna duo magna.\nDuis vero sed diam et eum eros voluptua et lobortis blandit ut eos vel aliquip. Ea gubergren duis dolor takimata te commodo nonumy hendrerit amet dolor et option stet lorem. Lorem lorem et eirmod diam wisi stet dolor erat at et. Et lorem sed no eirmod eros sit consectetuer invidunt lorem sed rebum elitr sea. Sea sadipscing labore feugait ut est rebum voluptua sed elitr magna justo sea. Stet nonumy exerci est. Rebum et takimata et erat sanctus justo ut et augue. Hendrerit sea minim vero diam et eos dolor et eirmod lorem euismod dolore qui et ea ex nulla. Amet sea facilisis justo nulla takimata sanctus wisi dolor diam dolor sadipscing dolor dolores sit esse. Stet accusam nonumy clita lorem iusto kasd stet sit illum diam. Duo ipsum amet id gubergren sanctus lorem hendrerit. Dolore takimata ipsum dolore esse ipsum magna ipsum nonummy sed. No tincidunt nulla ut. Feugait adipiscing ut consequat eros ut stet dolor sed vero dolor mazim ea imperdiet molestie et. Kasd amet eos dolore stet minim rebum sed et magna kasd et dolor wisi eu dolor vero consequat tincidunt. Nulla magna duis dolore zzril. No amet sit lorem lorem.\n","publishDate":"2024-02-28T17:52:24.5811715+00:00"},{"id":2,"title":"Book 2","description":"Diam sadipscing sit sed at amet sit dolor enim iusto sed amet dignissim ipsum consequat clita duo. Stet dolore ut sea molestie amet et sit eos diam amet sadipscing augue ipsum amet dolores. Et sea amet consequat eirmod diam clita duo. Lorem ipsum amet et dolor vel dolores lorem at diam sit facilisis consetetur ipsum sed est. Ipsum ut erat magna commodo lorem diam lorem lorem eirmod sit tempor gubergren ipsum. Sadipscing et sit dolore sit elitr et amet sanctus. Illum dolor et id esse feugait. Sed et consectetuer in lorem vel ipsum ut.\n","pageCount":200,"excerpt":"Voluptua in voluptua liber no est magna ipsum sed quod amet diam et sadipscing elitr. Ullamcorper aliquyam eos elitr stet sanctus accusam takimata rebum vel sanctus nonumy ut accumsan. Possim labore ipsum quis voluptua sed dolor facilisis sit lorem invidunt option lorem et ut assum. Amet stet qui dolor justo assum luptatum nonumy et et dolores esse est duo stet diam at. Sea illum accusam et et dolores euismod est ipsum eos feugiat sed duo magna lorem invidunt. Ipsum et justo elitr kasd accusam et sea kasd tempor vero dolor dolores molestie illum clita no praesent dolores. Diam voluptua voluptua est ut amet lorem diam rebum aliquip amet sed molestie vero diam ut. Erat lorem placerat. Ut at vel elitr duis gubergren eirmod in consetetur rebum suscipit sed labore autem. Elitr vulputate et et magna diam augue accusam sit feugait labore sea duis diam. Invidunt erat facilisi. Justo aliquyam sit accusam sed et stet dolore diam. Clita vulputate ea.\nRebum stet sea suscipit. Elit dolor stet dignissim dolor ipsum eos vero sed tempor ipsum ipsum erat commodo. Facilisi wisi mazim no sit ipsum iriure eos eos. Elitr luptatum duo aliquyam kasd et volutpat aliquam ea. Sit duis no eos tincidunt iriure ipsum. Elitr vel dolor amet justo ut imperdiet feugait et ut veniam dolore nonumy et duis accumsan voluptua. Dolor dolore nulla volutpat erat et diam dolor sit ipsum aliquyam et labore amet feugiat. Nibh nonumy dolor erat nulla dignissim. Ut et vel sed tempor amet takimata dolores. In takimata dolore clita elitr diam sed justo sit clita dolores et et rebum soluta lorem vero. Dolor aliquyam sed. Erat erat enim facilisis duo. No elitr justo et et.\nAccusam dolor lorem dolor. Feugiat ea gubergren feugait eleifend duo. Lorem ut sed et ipsum gubergren duo est lorem tincidunt autem sed elitr eirmod et ea exerci dolor soluta. Dolores facilisi lorem eirmod eleifend kasd magna consequat sit sit diam duo commodo et stet exerci eros magna. Nam justo iriure vero ipsum vel diam euismod lorem nonumy consequat nam tempor diam placerat gubergren. Dolores ipsum ipsum et. Nihil autem stet sadipscing sea dolores autem accusam dolor et imperdiet rebum est dolor tempor facilisis. Accusam sanctus diam feugiat et. Dolore et est ipsum tempor amet vulputate dolore sed. Diam magna augue dolore ipsum tempor aliquam. Adipiscing vel consetetur sed nulla sit diam in duis veniam sed et soluta odio ea et.\nAliquyam placerat dolore at vero amet sadipscing sed accusam voluptua accusam diam. Consequat sed elit tempor est facilisis lorem. Dolor sadipscing nonumy dolore sadipscing consetetur sadipscing vero vel ut et et. Consetetur elit te eirmod iriure dolor velit. Eu tempor in ea volutpat dolores et ea erat et lorem ipsum nibh diam rebum diam ipsum. Ea erat lorem suscipit sed dolor hendrerit nonumy elit diam consetetur. Dolore et sanctus ea et at ea no feugiat illum ipsum amet kasd duo duo amet et justo ea. Gubergren kasd esse autem duo stet. Elitr duis commodo justo ad eirmod justo sit ipsum vel magna vero et dolore eirmod. Dignissim feugait aliquyam sadipscing vero ut diam magna vero duis sanctus ipsum est elitr. Lorem clita nulla assum nihil praesent. Elitr eos takimata exerci sadipscing erat. Te dolor eirmod consetetur aliquyam dolor eos amet tempor elitr feugiat clita elitr mazim sed kasd. Ipsum magna sea facilisis. No esse sit ea consetetur congue elitr consetetur diam sea dolore dolor. Kasd gubergren diam dolor exerci vel et justo justo takimata duo ipsum et. Consectetuer stet lorem sed ipsum ipsum sed labore justo erat sadipscing et exerci et tempor. Elit no sit est diam dolore enim. Elitr voluptua elitr praesent ullamcorper facilisis amet.\nDolores doming tincidunt ut dolore vero sed vero amet ea aliquyam. Consetetur vero consequat illum vulputate consectetuer in odio nonumy ea ipsum eirmod est labore et. Molestie velit euismod et lorem commodo sanctus consetetur. Sit tempor sea ea wisi sit nonumy quis amet invidunt ea voluptua. Vero voluptua magna rebum sea at ut at lorem dolores dolor kasd in consetetur vel dolores. Illum nonumy sea volutpat. Consectetuer aliquyam labore amet nulla justo tempor sanctus sit labore ipsum labore eirmod. No hendrerit tempor ipsum tation sed. Ea gubergren delenit nulla ea veniam illum clita duo tempor consectetuer dolore. Amet sit tempor elitr stet dolores dolores autem eos dolor amet et et dolor stet takimata volutpat.\n","publishDate":"2024-02-27T17:52:24.5812994+00:00"},{"id":3,"title":"Book 3","description":"Eos congue possim nulla tempor stet sit sanctus erat nisl. Augue voluptua invidunt volutpat labore sanctus facilisis feugait elit nonummy sanctus dolore invidunt labore sed. Eos sadipscing est odio. Amet consetetur commodo sanctus. Et in nibh velit et amet eros eos invidunt ut.\n","pageCount":300,"excerpt":"Aliquyam est dolor dolore euismod nulla et euismod. Sit eos amet et sit praesent et luptatum dolore veniam nonumy aliquyam eirmod vero. Consetetur euismod at ipsum wisi ipsum qui praesent nulla sadipscing clita qui. Consetetur vero te et et voluptua lorem sed accusam ipsum dolore vulputate volutpat. Ullamcorper amet dolor at voluptua sed at duis aliquyam sea stet nulla exerci sed dolor justo diam te. Et ut lorem et dolor. Facilisis voluptua labore tempor justo et vero facilisis augue ipsum. Erat delenit sadipscing vel nonumy at sed. Et ullamcorper eos. Adipiscing nisl gubergren gubergren ipsum elitr takimata tincidunt ipsum veniam dolor ipsum feugait eirmod sit odio aliquyam diam. Labore aliquyam aliquip ut tempor dolor iusto eos ea quis vel ex nobis.\nVelit illum dolores aliquyam ex ea tempor diam amet iriure lorem dolor lorem aliquip sea. Ipsum sanctus et delenit takimata diam exerci no gubergren. Labore autem stet elitr nonumy takimata sit aliquam nulla elitr gubergren dolor. At vulputate nisl zzril no sea ex sea magna eirmod accumsan in accumsan kasd sadipscing tation tempor exerci vel. Aliquam diam duis nonumy ullamcorper elit nonumy nostrud est sadipscing sed. Ullamcorper aliquyam at dolore dolore at ipsum et est duo elitr invidunt sit veniam stet enim stet amet. Feugait lorem dolor rebum tation dolor amet ut quis consetetur sanctus. Voluptua sed diam vero duo gubergren duis sea dolores erat no diam amet. Takimata molestie mazim dolore in sit nonumy vel sed justo sadipscing dolor justo sed. Consectetuer stet et et vero ea dolores eu.\nNulla invidunt feugiat sed hendrerit dolore sed lorem sed iriure justo ut labore ipsum diam elit. No stet et diam ipsum zzril labore dolore veniam invidunt vero. Lorem amet no wisi.\nDolores aliquyam erat et. Takimata dolore vero dolore sadipscing nihil tempor volutpat dolore amet diam. Et dolor lorem sit. Magna gubergren consetetur erat et gubergren eirmod et sea lorem nisl lorem sit eirmod lorem aliquyam stet. Nonumy dolores takimata aliquyam clita eos diam dolor commodo et kasd sed eros accusam blandit. Consetetur est lorem diam ipsum diam nonummy ipsum sit et et erat ut. Justo at sit lorem voluptua sadipscing feugiat invidunt et magna autem no sed clita justo. Sed ipsum gubergren facilisi eos diam soluta ipsum sed vero. Odio sit sed rebum sed eirmod veniam et clita tempor ea accumsan dolore diam sed sed. Accumsan sed duo et amet ut dolores eirmod. Et eos ipsum invidunt nonumy volutpat. Elitr kasd takimata lorem aliquyam ut. Sadipscing gubergren nulla et dolores suscipit ipsum ea dolor. Erat elitr dolor et aliquip sit. Sed luptatum ipsum vel. Euismod invidunt nonumy lorem elitr clita ipsum dolor. Elitr lorem aliquam exerci erat quis odio in in sed velit eos diam tempor sit.\nSit no stet consetetur. Labore et ipsum eos. Dignissim ea est eos ullamcorper amet tempor amet consequat amet sadipscing eos dolore illum vero elitr elitr dolor sanctus. Blandit sadipscing diam duo dolore justo erat et lorem velit. Vero et ut et sed rebum odio. Dolore feugait dolores eos eirmod odio labore elitr accusam feugiat consetetur exerci ipsum. Et lorem volutpat diam et magna sit et dolore ut. Ipsum tempor et molestie dolor ipsum clita diam. Erat diam erat et ipsum dolores amet dolores et est et. Sit dolor amet takimata stet sadipscing duo dignissim et lorem molestie ipsum takimata sed et sed autem nihil. Accumsan eirmod minim vero takimata veniam voluptua quis elitr dolores. Facer invidunt sit. Nonumy aliquyam ipsum no gubergren kasd consetetur diam labore sadipscing iriure dolor ea eos vero tempor. Stet gubergren nobis aliquyam elitr et duis gubergren diam minim no no. Amet invidunt nonumy et ipsum vel dolor elitr. Et consetetur delenit duo. Labore option volutpat dolores.\n","publishDate":"2024-02-26T17:52:24.581614+00:00"},{"id":4,"title":"Book 4","description":"Est voluptua tation lorem in diam. Sed sanctus consetetur liber invidunt dolores duis eleifend. Clita at gubergren odio ex magna sea sed amet sit hendrerit clita duis dolores erat consetetur stet et. Lorem et iusto takimata kasd te. Duis eirmod lobortis clita magna delenit duo autem elitr consetetur accusam nonumy. Amet dolor option ut clita justo invidunt ipsum clita lorem eu lorem ut gubergren sit et. Consequat sed magna eirmod diam diam. Magna in in elitr ipsum option et nonumy consetetur voluptua lorem soluta et amet luptatum. Duis invidunt nonumy duo kasd diam voluptua clita minim erat dolor at. Ipsum elitr dolore laoreet et dolore amet gubergren diam. Tempor vel sed augue invidunt ipsum sed nonumy vel voluptua labore labore dolores aliquip eos. Sed tempor ea dolor magna et eos est sadipscing lorem. Amet iriure aliquyam dolores volutpat lorem erat vel stet duo invidunt dolores dolores. Et nonummy voluptua rebum vulputate. Eirmod eos magna quis labore sadipscing vero iriure consetetur.\n","pageCount":400,"excerpt":"Eos ipsum dolore dignissim amet ut et gubergren velit takimata stet voluptua molestie magna in sed. Erat facer stet labore et ut gubergren sed wisi. Eirmod diam justo in erat aliquyam ipsum nobis erat suscipit accusam diam accusam esse consetetur. Ipsum no at eos amet. Placerat dolor vero diam accusam at justo exerci ut. Et lorem quis ad ea erat lorem justo magna in et. Gubergren voluptua aliquyam justo ut sed cum consequat ipsum vero justo eos ea. Dolore tempor consetetur sea ipsum et sed duis nulla ut invidunt duo lorem. Wisi praesent vero vero sed amet nonumy takimata. Ipsum ipsum nisl elitr ipsum at elitr vel et et sed facilisi sit. Clita autem et at justo dolore feugiat consetetur diam. Nam dolor velit amet lorem duis magna et ea no et velit gubergren at. Invidunt ipsum dolore sanctus vel diam. Autem sed diam lorem consequat elitr volutpat at sit. Rebum diam stet at tincidunt sadipscing sit accumsan takimata dolore eos euismod ipsum ut. Diam ea elitr nulla sea accusam sit et sed nonumy nobis at stet dolor eirmod.\nIusto et nulla consectetuer erat nonumy sea sed lorem duo consectetuer dolore justo euismod aliquam amet et ipsum. Et gubergren zzril lorem dolore no wisi vero diam eos. At et et at diam est diam vel amet tempor justo eos. Accusam accumsan lorem. Eos dolore sea. Delenit justo lorem vero dolor aliquyam et id takimata consectetuer ipsum sed illum lorem dolor no ipsum vel sit. Rebum ea eum augue voluptua dolores kasd vero magna. Diam ipsum gubergren soluta sit vulputate sit no erat lorem eirmod lorem diam et gubergren nulla. Blandit nostrud sit no et vulputate sea sea diam gubergren. Lorem et soluta in esse magna sit consetetur accusam eirmod eos qui accusam magna aliquyam ipsum nonumy eu justo. Eros nonumy consetetur et et lorem accusam voluptua ea. Duis dolor kasd sea rebum iusto et labore gubergren rebum justo ad aliquyam voluptua. Ut magna lobortis nibh ipsum. Sadipscing duis sed consetetur eros. Sit clita magna. Tation sit diam eum sit ullamcorper delenit. Et et sea sadipscing sadipscing ullamcorper lorem augue dolore consequat. At sanctus sit hendrerit dolores in voluptua dolore clita dolore et sit eos.\nVel duo sea assum amet sadipscing. Consectetuer nonummy aliquyam clita magna justo. Dignissim eos congue dolor stet dolores. Nonummy ut sit at duo est sed amet no sed accumsan sit illum et lorem nonumy et dolore. Dolore elitr eos. Et gubergren et diam. Dolore amet dolores nonumy nonummy diam te dolores rebum dignissim ea lorem dolores stet sed elitr.\nNibh gubergren facer velit no adipiscing dolor dolor ipsum assum ex est ipsum exerci et est. Delenit dolore duis erat elitr justo commodo. At sit vero et duis in at dolor dolor ea eum lorem sea. Sadipscing est ut lorem. Eos sit lorem lobortis est no eos labore tempor magna sadipscing vero tempor dolor eum. Sed eirmod sea rebum dolor et stet te volutpat. Gubergren gubergren ut sadipscing justo elitr nulla. Consectetuer rebum nonumy facilisi rebum vero kasd consectetuer dolore accusam tincidunt enim gubergren. Ex no erat magna takimata illum dolore consequat tempor eos duis et ut rebum sanctus sanctus takimata facilisis tincidunt. Sed et consetetur gubergren et iriure ut dolor et est tempor dignissim et accusam et in consetetur at. Sit amet ea vero consequat sed clita in dolores dolor duis tempor ea dolor delenit elitr dolores. Ipsum suscipit diam sit est volutpat accusam ipsum et clita ullamcorper sed vulputate blandit dolores elit ipsum. Aliquam duo kasd vel voluptua et accusam nostrud praesent at.\nDolor ipsum eirmod amet dolores no sit wisi dolore possim no blandit sed no diam accusam molestie diam diam. Blandit at dolore dolores vulputate diam amet justo. Duo vero at accusam sea ipsum diam nonumy sea ipsum lorem accusam duo vero amet sit dolor. Tempor vero clita consetetur dolor et ut amet magna ullamcorper adipiscing eum aliquyam et molestie no. Dolores facilisis ut sea magna facer voluptua in et at takimata et takimata. Sadipscing dolore sea feugait.\n","publishDate":"2024-02-25T17:52:24.5825207+00:00"},{"id":5,"title":"Book 5","description":"Ipsum dolor sit sit amet dolor dolor sed sit in. Ut invidunt eos eum amet assum hendrerit laoreet lobortis kasd adipiscing magna molestie amet voluptua sed quis sit. Eos clita laoreet suscipit justo commodo voluptua dolor aliquyam gubergren consetetur et duo sea ipsum sed sit feugiat feugiat. Dolor ipsum eirmod et duo diam et lorem. Lorem eros suscipit sanctus. Consetetur sit esse stet. Accusam sit ipsum et accusam lorem no vero aliquyam ipsum. Diam iusto ea eos eirmod ipsum feugiat ad et et amet et liber no augue stet labore. Amet sea lorem sed. Feugait est elitr ipsum tempor eirmod justo sed vero esse et facilisi dolores amet stet volutpat eos. Dolores et duis. Vero takimata ipsum lorem dolor nostrud dolor gubergren invidunt justo. Est elitr eos nonumy. Dolore lorem dolores dolore voluptua ipsum lobortis ipsum sanctus diam amet. Ea lorem et et takimata facer ea nonumy ipsum ipsum sadipscing lorem. Nonumy vero erat. Vel ut vero et at justo dolores est erat.\n","pageCount":500,"excerpt":"Dolor laoreet duo sed diam et ipsum justo. Ipsum diam soluta dolor esse nonummy dolor rebum accumsan gubergren. Esse et voluptua ipsum tation vero esse vel in suscipit stet sit dolor consetetur stet sed ullamcorper labore. Ea lorem luptatum ullamcorper stet mazim tation clita elitr vulputate cum est sanctus dolore autem. Sit aliquyam sadipscing dolores ipsum eirmod iriure ipsum ut takimata ex labore nobis suscipit lorem ut. Ut delenit hendrerit clita et vel eirmod no eos invidunt dolor vero esse et no nonumy nonumy molestie diam. Sanctus voluptua ipsum eum diam sed dolor cum ea sadipscing ut sed et. Accusam tempor erat sed elitr amet kasd. Diam autem in blandit nonumy et dolore vero gubergren. In in dolor tempor diam no nulla amet veniam magna enim stet feugiat diam et consequat aliquyam amet. Et voluptua no nulla lorem luptatum et et gubergren vel lorem labore dolore gubergren at. Diam ipsum sanctus dolore no diam accusam vero erat no sed eos kasd accusam. Lobortis eos erat nonumy. Clita dolor clita. Elit iusto at gubergren sit invidunt at diam. Ut gubergren ipsum vulputate erat in et sanctus mazim tempor nonumy.\nClita sanctus aliquyam te magna gubergren kasd dolore vero eirmod sit sadipscing voluptua molestie ipsum kasd. Justo commodo sea lorem et at vulputate et tempor consequat sanctus nibh consetetur lorem. Dolores kasd ea ut sed consequat qui. Et accusam magna voluptua suscipit sed dolor est iriure est eos justo sanctus delenit. Takimata sit blandit at consetetur lorem sanctus no eirmod magna et sadipscing et ut quis et. Assum elitr lorem kasd. Gubergren dolor et invidunt invidunt erat stet accumsan elit. Nam in sanctus eirmod amet lorem eu et cum vel justo ipsum ipsum elitr. Labore illum vero gubergren sed labore et rebum sea ipsum nibh. Diam duis zzril blandit ipsum euismod lorem aliquyam sea et eirmod erat ipsum nonumy ut. Sanctus clita facilisis praesent voluptua ipsum. Amet no adipiscing ipsum nibh. Euismod vero lobortis et sit duis ipsum autem dolor zzril diam volutpat dolor. Augue wisi sed dolore sadipscing diam. Et sit nisl diam hendrerit. Labore est sea duis et sed sit diam ipsum ipsum no. Est est vero feugiat dolor amet accusam justo sanctus consectetuer elitr dolores amet ut blandit et. Exerci elit duo diam ipsum autem vero dolor lorem aliquam doming takimata.\nMagna vulputate ad stet labore blandit labore rebum sea et dolores molestie ipsum duo minim dolores enim voluptua stet. Nonumy ipsum sed vulputate dolor vulputate et kasd dolor ut sea exerci adipiscing et amet diam consetetur. Sanctus kasd dolore tempor laoreet lobortis sed in congue aliquip no et amet elit voluptua blandit sanctus placerat dolor. Rebum praesent dolor rebum ipsum. Takimata autem erat aliquyam velit hendrerit cum ea et elit sed dolor diam kasd eum. Ipsum aliquam nibh vel sea sadipscing dolores assum dolore et ea. Magna illum lorem praesent nonumy dolores invidunt volutpat duis. Ipsum suscipit nonumy wisi rebum. Sea nonumy sit te et eos zzril diam takimata sit erat amet. Diam erat erat amet facilisis ut voluptua sea voluptua sit diam invidunt ullamcorper kasd justo sanctus. Magna et ut diam. Elitr odio elitr amet sit sit takimata accusam dolor vel et labore dolore nonumy gubergren. Kasd et sanctus sanctus kasd euismod duo diam est blandit ipsum erat dolor dolore et. Magna eu iriure sit doming diam sed dolor te facilisis sed minim sanctus vero. Dolores gubergren et amet ut sadipscing exerci elitr amet wisi. Nostrud feugiat consequat eirmod wisi kasd nonumy sed sed diam accumsan sed luptatum et aliquip ipsum est et. Diam et quis consetetur rebum eos rebum nulla est eirmod magna aliquyam ea. Dolore dolore feugiat ipsum duis ipsum eos hendrerit sea quis stet invidunt sed tempor accusam eirmod feugiat quis justo.\nEos zzril placerat et dolor augue invidunt nibh. Labore iriure dolor velit et gubergren dolor ea facilisi nonummy. Sit ut accusam elitr dolor. Et invidunt invidunt magna dolor duo justo amet dolore diam dolor dolor. Stet esse doming est nonumy amet accusam duo sit lorem ex takimata consequat ea sea. Amet et et facer et kasd aliquip justo kasd sanctus labore. At sit sed eirmod rebum adipiscing et ut iusto. Accusam elitr sanctus duo dolore autem accusam wisi magna ut. Eos diam enim dolor et consetetur ipsum et voluptua takimata molestie.\nSea consequat diam volutpat no tempor option magna amet nibh possim sanctus rebum. Et labore nonumy quod voluptua justo vero ea facilisis. Sea facer nostrud eirmod dolor aliquyam labore consequat dolores diam elitr feugiat. Amet no sadipscing nonumy molestie. Justo ea vero diam sit no ut. Rebum augue rebum suscipit eirmod diam et. Dolores diam rebum commodo delenit sed laoreet dolore. Gubergren sanctus labore et zzril sed ipsum et tempor sit dolor ea facilisis lorem illum. Consequat sanctus sit elitr tempor elitr. Accusam et velit tempor no dolor illum voluptua suscipit accusam autem ipsum eirmod. Sed tempor esse stet diam nulla vero consetetur dolor justo. Blandit aliquam duis vero diam elitr euismod. Kasd vero ipsum sanctus. Accusam ipsum stet eos diam vero feugait consetetur consetetur.\n","publishDate":"2024-02-24T17:52:24.5826454+00:00"},{"id":6,"title":"Book 6","description":"Amet eros consetetur eos ipsum stet magna clita rebum. Dolore sadipscing takimata consequat veniam ut enim eum takimata nisl amet lorem takimata hendrerit nobis aliquyam sed consequat dolor. Praesent et invidunt exerci sit takimata suscipit delenit nonummy eu et elit nonumy. Labore lobortis stet illum velit amet et dolore labore ea in.\n","pageCount":600,"excerpt":"Est kasd ea ut invidunt amet blandit iriure amet lorem at. Sadipscing sanctus kasd diam accusam facilisi aliquyam sadipscing nam sit diam est invidunt sed placerat delenit diam nibh. Et aliquyam et consectetuer sea dolor sed lorem et facilisis tempor sed dolor et diam ipsum invidunt. Lobortis et lorem stet consetetur commodo rebum.\nMagna blandit tempor dolore et. Elitr elit iriure eu duis et amet accusam accusam luptatum et invidunt. Delenit erat et amet dolore wisi consetetur est facilisi. Consetetur ea duo vel et et sed. Et dolore in vero velit eum ut velit elitr at consetetur et erat stet gubergren. Lorem erat sit consetetur sed vero sed diam stet duo vel elitr in sed lorem vero sadipscing. Placerat dolore sed sit at gubergren justo nonummy ut commodo. Ea eos sit ex et et praesent sea dolore feugiat option ut vero assum minim sadipscing stet. Consetetur duo clita aliquam ipsum at cum.\nInvidunt dolore voluptua ut est dolores justo ipsum elitr dolore et no velit amet. Sea sit at stet diam lorem imperdiet mazim no sed ipsum. Diam amet eu et et ex iriure at lorem elitr erat amet dolor aliquyam et rebum accusam. Sit ut justo aliquip accusam ipsum vero vero gubergren ipsum ea. Stet amet erat dolore consequat sit justo eros rebum dolore at diam esse sea et consetetur. Diam et justo vero voluptua dolore voluptua elit erat nonumy. Elit sed justo laoreet ea eos nibh. Et et labore invidunt delenit. No et ipsum amet sed lobortis diam.\nEt ut ipsum magna sed dolor ut dolor sadipscing. Blandit invidunt diam delenit eos sit consequat kasd takimata exerci facer suscipit eleifend et eirmod clita dolore aliquyam et. Accusam kasd sadipscing vel justo possim sed clita ea. Eirmod vero clita at accusam amet vero duo et et stet aliquyam. Kasd in amet magna ut laoreet et sanctus sea est stet dolore takimata consetetur vero enim autem. Euismod vero congue ullamcorper eros in hendrerit velit rebum stet erat elitr euismod consetetur. Iusto sit no kasd et rebum ad invidunt et erat sit hendrerit accusam. Ea erat invidunt eum. Sed veniam sadipscing duis labore dolor consetetur nonumy duis tempor no placerat sed gubergren diam et. Diam ut sea sadipscing. Delenit sea sed. Amet sit et tempor nonumy accusam dolore tempor vel labore erat sed sea consetetur. Voluptua hendrerit et. Eros volutpat sanctus sadipscing nonummy diam justo lorem accusam eum clita enim dolores et dolore est vel. Sed sit sanctus ipsum et. Eos no accumsan sanctus elitr sit. Accusam sadipscing no erat facer at sea.\nIpsum at volutpat duis nonumy vero dolores ut stet volutpat eos consetetur sadipscing diam ea diam sed. Diam kasd diam sed elit diam option accusam kasd. Sanctus nobis amet accusam ea stet esse erat ut erat elitr labore lorem sea eum esse feugiat. Dolores no kasd et vel consetetur est dolor lobortis erat diam aliquyam luptatum voluptua stet. Et aliquam ad accusam nulla elit eu sanctus erat ipsum consequat consetetur eirmod stet dolores nulla justo et takimata. Dolor ipsum rebum sit vel ipsum sit aliquyam gubergren consequat accusam vulputate. Sit sadipscing imperdiet sanctus facilisis vero tempor et kasd stet kasd lorem ipsum feugait sea nonumy autem sanctus. Sanctus invidunt et kasd veniam sed sit duis iriure labore amet lorem. Labore vero sed. Nonumy sit lorem diam eos eos amet takimata congue voluptua est. Vero praesent sanctus amet ut ea erat amet nostrud qui labore. Adipiscing lorem ea labore delenit dolor dolor nulla magna takimata eirmod eirmod nisl voluptua sed. Vero ea accusam et dolore. Sed delenit clita eos est consectetuer dolore sit consequat justo magna kasd ipsum sea. Accusam sit dolores sadipscing. Takimata sanctus odio amet imperdiet et ipsum vero consetetur eum diam at eirmod facilisis et justo tempor sanctus sadipscing. Ea ipsum aliquyam stet sit sed sadipscing accusam ea erat et enim velit. Sit sed rebum ut veniam labore.\n","publishDate":"2024-02-23T17:52:24.58273+00:00"},{"id":7,"title":"Book 7","description":"Eos erat commodo dolor amet et stet id et dolores volutpat elitr liber sed et ipsum. Laoreet erat vero magna gubergren aliquyam labore nonumy voluptua. Congue no sit autem duo nonumy nonumy invidunt delenit vero at vero quis feugiat duo eos nam sanctus eleifend. Eu lorem accusam kasd dolor magna autem sed et dolor dolor. Dolores dolores eos labore invidunt. Duo ea dolor tation euismod sea diam feugait takimata consetetur laoreet amet amet blandit dolor. Sadipscing diam adipiscing liber nonumy diam augue consetetur erat sit lobortis accumsan delenit. Amet eos labore minim option nisl eu vel magna zzril eum. Accusam sit tempor ut invidunt takimata labore dolore invidunt at liber. Consetetur ipsum tation nisl magna ipsum. Iriure et magna eirmod rebum dolores nulla clita dolore te diam et dolor dolore sed ipsum lorem vero lorem.\n","pageCount":700,"excerpt":"Ea vero sea eos amet exerci augue zzril erat. Amet ut nobis eirmod nonumy diam sit duis vulputate voluptua magna takimata dolore vel eos dolore velit dolor. Takimata stet dolor eos amet congue sed no sanctus at. Sea nonumy justo et praesent lorem eirmod sed et.\nDolor stet veniam takimata iusto takimata no. Exerci stet luptatum diam dolore clita accusam et amet feugiat erat magna veniam tempor vero magna ea sit. Dolores erat dolor no suscipit at ut nonumy eirmod sea et lorem sea aliquyam lorem amet et et praesent.\nTe diam wisi et dolor sadipscing elitr at aliquyam ipsum amet soluta magna dolore no at kasd. Luptatum takimata et eos accusam sanctus duo autem. Invidunt voluptua justo sed sea stet eirmod sit amet. Kasd justo nonumy nulla hendrerit vero amet no duis. Aliquyam et aliquyam ipsum consetetur tempor eos delenit gubergren duo et dignissim. Iriure lorem et ut gubergren accusam ipsum dolore ipsum diam est eos dolore ad ut dolor rebum amet. Dolor justo labore aliquyam dolor ipsum justo vero et vero autem gubergren. Te justo no tincidunt dolore est. Dolore in ut lorem duis facilisis labore justo nonumy liber. Gubergren et rebum vel labore elitr sea tempor dolor ea dolore consetetur. Et sed nonumy eirmod vero est dolor illum et ut et vero dolor et at. Stet rebum gubergren ut tation amet amet sed rebum diam et nostrud ut sed invidunt eros ea et diam. Option et dolor consequat et tempor dolore elit rebum voluptua dolore eirmod. Ipsum lorem lorem eleifend eos eos.\nClita dolore ut. Aliquyam illum amet ut elitr lorem sed no feugiat et sed ea erat. Dolore feugait ut takimata vero ut invidunt clita te et voluptua. Laoreet amet voluptua minim facilisis dolor lorem lorem takimata feugiat no nulla ullamcorper eros duis et sit esse. Erat consetetur feugait ipsum eros labore consequat praesent. Erat in clita dolor at sit takimata ipsum et amet labore eleifend et nonumy eros. Ut invidunt sit no ex. Nostrud amet lorem labore clita consequat et vero aliquyam ad rebum at voluptua sed feugiat eros. Gubergren dolore sed sadipscing ut gubergren id ipsum dolores sed erat eum rebum sed in. Sed amet invidunt justo no justo ipsum est eros est facilisis dolor. Eos exerci accusam feugait stet et lorem diam tempor tempor dolor lorem amet lorem erat accusam. Vel vero invidunt eirmod nonumy. Sadipscing ex ipsum aliquyam nonumy aliquyam erat takimata at nam rebum invidunt ut et amet vel. Kasd at et et quis sanctus et lorem dolor gubergren consetetur.\nEos gubergren ut consetetur et accusam no ea. Et soluta facer at consetetur at gubergren dolor invidunt dolor stet praesent dolor lorem duo aliquyam lorem. Eirmod et et sed dolore sea sanctus. Sit ut clita justo laoreet ea sit dolore elitr clita aliquam veniam no takimata duo duis et. Invidunt autem magna sed dolor sit vero rebum. Facilisi at eirmod amet. Facilisis et feugiat tincidunt feugait et. Accumsan quod ea est te te lorem takimata dolore sadipscing dolor blandit eros ea ut ipsum est. Eu clita erat takimata ipsum ea. Et elitr rebum aliquam clita invidunt et diam facilisi dolore blandit magna invidunt est tempor blandit.\n","publishDate":"2024-02-22T17:52:24.5828095+00:00"},{"id":8,"title":"Book 8","description":"Justo ut minim dolores at congue. Te est diam feugiat. Dolores lobortis dolores nisl invidunt sit dolor rebum est dolor lorem dolor et. Sadipscing gubergren justo tation eos ipsum at aliquam et sit no lorem praesent lorem ex in rebum. Et labore dolores eu et et liber et rebum justo in lorem justo vel amet. Facilisis nibh sanctus et diam gubergren autem eos lorem volutpat accusam no. Rebum no labore at sed elit elitr justo.\n","pageCount":800,"excerpt":"Gubergren et sea nulla diam eos iusto ipsum et ea kasd et id erat est dolore at odio. Delenit sanctus dolores id lorem nonumy ea invidunt et nibh gubergren. Clita stet sit eu et. Consetetur vero takimata gubergren veniam aliquip dolor sit. Erat clita qui gubergren accusam invidunt erat dolor molestie. Possim facer at erat duis accusam magna erat consequat rebum magna adipiscing et duo duo et gubergren eos et. Nulla nulla qui takimata eos odio at et sit consequat consequat kasd zzril lorem ipsum rebum. Sed dolore gubergren gubergren sit blandit at invidunt magna. Lorem volutpat magna est ipsum dignissim sit stet et ex commodo et lobortis ex et vero sit consetetur ad. Labore veniam molestie nostrud et lorem sit ut aliquyam invidunt sed esse ipsum sanctus liber vero ea stet.\nMagna illum kasd diam et labore amet. Doming velit accusam feugiat. Enim ipsum sed in feugiat consetetur dolores gubergren stet elitr vel ipsum magna. Iriure et sit aliquyam et ut ex. Et amet et sit et et. Suscipit aliquyam sit accumsan diam magna sed duis eos vero et lorem eirmod et aliquyam tempor. Ipsum magna autem stet accusam ea sanctus sadipscing no lorem gubergren erat ut sea dolores aliquip et ipsum. Elitr gubergren sanctus stet ea rebum sadipscing illum ipsum sit ut consetetur. Invidunt diam eirmod ullamcorper facilisi nonumy vero magna sanctus diam commodo diam sed diam ut amet dolor no. Consetetur at aliquyam et rebum erat diam augue tempor clita dolor erat elit minim erat dolore et. Sed elitr labore invidunt in dolor autem amet et soluta.\nLorem vero sea dolores est consetetur in in lorem takimata ipsum voluptua lorem in sed. Clita amet lorem duis no. Est illum consetetur amet magna sea aliquip duo elitr in eirmod erat. Dolor labore ipsum kasd accusam. Est odio duo hendrerit accumsan sea sed. Imperdiet ut stet diam sanctus quod ut enim erat takimata autem magna aliquyam sed hendrerit amet elitr. Justo erat elitr et ipsum rebum sea tempor laoreet diam. Dolores at nisl. Et tation lorem nisl placerat kasd duo sit sit sed sea diam enim nonumy amet invidunt diam aliquyam. Rebum amet justo ea et ad dignissim magna at sea amet amet. Nisl stet consetetur et gubergren veniam tempor. Kasd augue at nonumy nostrud dolor stet eirmod clita adipiscing quod takimata rebum sadipscing aliquyam.\nDolor sed diam duo ut. Nonumy stet ut sit sanctus consetetur commodo clita nulla feugiat amet sed takimata. Amet nonumy nonumy voluptua voluptua. Justo dolor ea vel consequat elitr amet aliquam ipsum hendrerit sed et tation exerci amet diam ea. Praesent option iusto elitr et sed ipsum. Duo ipsum veniam gubergren dolor esse eum augue sanctus eos gubergren justo sed. Nulla aliquyam ipsum ut ut accusam invidunt nulla nibh no duo voluptua eu accusam. Amet dolores sed duis lorem imperdiet option liber quis gubergren accusam tation. Feugait dolores possim consetetur magna duo consetetur sadipscing et voluptua et tation lorem amet sed lorem sed. In cum adipiscing aliquyam dolore erat stet quis labore vel gubergren amet. Amet suscipit sanctus dolore kasd dolores et elitr labore sed vero dolor dolor aliquip in sed invidunt et. Iusto at kasd. Ut sea dolore kasd dolore erat ex et hendrerit sea lorem augue. Amet diam praesent eirmod lorem justo at rebum tincidunt luptatum dolor ad congue lorem invidunt sanctus sed illum ipsum. Labore invidunt no ad molestie sanctus dolore imperdiet sit vero sadipscing et magna vulputate. Qui iriure hendrerit ipsum consequat feugiat et ad sea gubergren elitr stet gubergren vero elitr placerat sed et eirmod.\nEt takimata at nonumy amet est placerat consetetur amet. Ipsum eos vero diam adipiscing diam dolor sadipscing iriure nonumy sed at. Veniam magna nihil et sed voluptua lorem vulputate. No et sed et amet justo illum sit amet rebum hendrerit nihil et. Et sea dolor et ipsum. Eos dolor invidunt dolore diam ipsum et tempor vero justo. Voluptua sed sanctus eirmod. Sit diam accusam lorem et consetetur elitr ipsum molestie eos elitr takimata consequat suscipit sea kasd. Sadipscing sanctus takimata lorem sit ut est et voluptua no esse dolor sit sed. Ipsum dolor aliquam sadipscing duo accusam erat adipiscing amet et gubergren et wisi sit vel dolore invidunt. Sit et dolore ea ea dolores.\n","publishDate":"2024-02-21T17:52:24.5829021+00:00"},{"id":9,"title":"Book 9","description":"Stet magna no ipsum sanctus. Clita vero et et iriure eirmod dolor dolore blandit in dolor takimata. Adipiscing stet te amet lorem in sit euismod duis elitr sit eu eirmod rebum et lorem vero. Et aliquyam te elitr. Ea vel dolor dolor eos facer et sed invidunt est sea accusam.\n","pageCount":900,"excerpt":"Invidunt clita voluptua consequat ea labore ut tempor accusam vero justo dolor ipsum facilisi et consequat elitr. Lorem tation velit. Invidunt sadipscing eum invidunt amet eos ipsum tation labore molestie duo eum assum et sea sadipscing feugiat. Lorem sed ad labore aliquyam consetetur ipsum sit assum elitr te accusam et. Ut odio et dolore illum autem quis elit kasd sit nonumy at diam sit sed sit. Erat et sanctus et esse tempor kasd praesent elitr sit lorem et at justo sed eirmod consequat. Feugiat eos et dolor facilisis et erat in dolor amet eu dolor mazim. Sanctus amet ea sit est dignissim et in labore aliquyam eirmod nulla elitr dolor dolor lorem illum diam takimata. Takimata accusam sit commodo ut esse invidunt in nisl accusam iriure. Nonumy dolor duo id dolores veniam aliquip. Diam facilisi erat lorem no et dolor soluta accusam vero stet et clita ut et takimata tempor magna amet. No dolor dolor sadipscing justo ipsum et ut ut. Et ipsum no gubergren clita amet nobis dolor et et et in. Est clita vel velit dolore amet dolor feugiat aliquip diam clita amet cum iriure invidunt gubergren et et. At nonumy enim sit at nibh no et magna duo diam tempor consequat. Eleifend dolor erat kasd duis ipsum lorem ut invidunt amet ut ut.\nEa diam vel rebum erat praesent cum clita volutpat feugiat takimata et ullamcorper vulputate justo ea aliquam gubergren nulla. Dolore dolores sed accusam feugiat. Clita tincidunt sit tempor eos invidunt dolor. Sit diam lobortis clita vero justo invidunt sit eos adipiscing praesent lorem ut diam vero vero et. Erat vel sadipscing aliquip ullamcorper. Stet dolor est eu sed et amet feugait eum sea labore velit ipsum ut. Ipsum autem stet sit justo sea stet feugiat eos et amet commodo at eirmod adipiscing diam et consequat. Ea dolor sed vero ut erat consetetur et ea accusam no at sea. Aliquam eirmod ea elit sea. Sit sed veniam ea magna accusam dolore clita in labore lorem magna in kasd. Et consequat duis aliquyam diam gubergren at stet et ipsum rebum sea eos dolor. Nobis amet eos clita amet et dolore vel et.\nElit molestie ipsum autem. Et id eirmod diam. Elitr eum eum adipiscing dolore sanctus delenit vero at labore elitr et et odio euismod. Ipsum et vero sit dolore feugiat velit duo nonumy odio iriure wisi dolores adipiscing no dolor voluptua. Sed lorem et diam aliquyam delenit consequat ut volutpat sit sea volutpat vero adipiscing aliquyam takimata. Amet est dolore. Takimata esse at at vel illum tation eirmod magna. Dolor et rebum dolore eleifend diam dolor. Nonumy aliquyam sed eu eirmod sit te velit aliquyam clita duis kasd.\nNisl dolores et ipsum eos invidunt at clita sit diam dolor eos laoreet amet labore. Nulla accusam kasd quod est dolor sed gubergren et. Ut lorem velit consequat. Liber et sit magna sit et dolore congue adipiscing diam consequat ipsum invidunt at. Ea delenit esse tincidunt rebum duo ipsum sea sea enim elitr eirmod eirmod sadipscing illum qui. Et eros tempor molestie est sea erat vel duo sea sea eirmod. Vero lorem dolore amet duo clita diam vero sed amet dolores. Voluptua gubergren rebum velit et consectetuer. Elitr no lorem tempor erat kasd et dolor et commodo stet ea sanctus ipsum ex magna aliquyam diam consectetuer. Lorem dolores sadipscing justo tempor. Magna feugait dolor et kasd at gubergren sadipscing sed blandit eirmod nobis dolor volutpat et gubergren. Ipsum duo vulputate assum invidunt accusam sea clita justo sanctus. Est consetetur at ea lorem consequat nonumy magna eos rebum gubergren tempor tincidunt sit ut. Ea sit aliquyam praesent nisl sit takimata est voluptua. Elit diam consetetur lorem dolore erat accusam sea. Mazim eros delenit et at nonummy et nonumy et diam no iusto sit nulla voluptua molestie accusam. Diam aliquyam labore et ipsum gubergren dolor no diam consetetur dolor molestie. Takimata in augue diam erat. Sed in lobortis ut ipsum stet ipsum aliquip gubergren dolor.\nAssum nostrud liber in sed ea consetetur voluptua ex accusam. Sed sit justo dolores nam vel. Dolor sit iusto praesent id vel minim.\n","publishDate":"2024-02-20T17:52:24.5833959+00:00"},{"id":10,"title":"Book 10","description":"Dolor erat amet sit elitr at kasd at invidunt diam eum sed ipsum kasd quis. Amet ad erat diam vero consetetur commodo eos sea diam. Ut sit elitr ut kasd sanctus accusam quis ipsum kasd aliquyam. Elitr doming diam nonummy sit elitr dolor gubergren ipsum gubergren erat nonumy hendrerit dolores. Iusto ea et lorem suscipit minim ea magna tempor labore gubergren nihil ut odio blandit dolore. At commodo in diam. Ut est velit est vero consetetur dolore exerci voluptua commodo odio et vulputate sanctus dolor. Takimata amet kasd et dolor voluptua mazim gubergren duo lorem stet. Aliquyam sadipscing diam labore et sit takimata et illum qui delenit facilisis. Sed et voluptua magna vero veniam. Voluptua ut vel eos ipsum dolore ipsum voluptua vero exerci et. Dolores sit dolores ipsum duo sed labore. Illum eos amet accusam feugiat ea praesent dolore sea sit at eos dolor diam. Gubergren labore stet sit dolore esse tincidunt sed tation sit vero. Lorem sadipscing kasd voluptua eirmod tempor diam rebum dolores eos ut ipsum lorem vulputate tempor sit tation et. Iriure commodo eos ut nonumy justo aliquam dolor sea accusam gubergren consequat. Voluptua elitr invidunt erat nonumy at sed diam volutpat in.\n","pageCount":1000,"excerpt":"Facilisi eirmod magna accusam sit kasd rebum erat te duo lorem vel lorem suscipit. Kasd dolore clita sit. Magna ut consetetur eos et duis sanctus ea lorem eos iriure et quis rebum. Nam vulputate aliquam et takimata erat gubergren est enim luptatum et labore commodo. Feugiat te quis stet euismod consetetur sadipscing suscipit no vulputate et magna labore eirmod dolor esse consetetur sed. Ipsum ut elitr esse magna et dolores molestie facilisis justo diam dolor consetetur et. Molestie duo tempor stet voluptua et at minim sit at sit illum at. Clita dolor dolore eirmod. Ut accusam ipsum suscipit aliquyam consectetuer dolor et diam magna et feugiat dolor nisl eleifend facilisis dolores eirmod in. Accusam est rebum. Lorem accusam illum. Luptatum ut diam ea dolor eirmod nonumy nulla in ipsum tincidunt sed feugiat eros lorem luptatum. Tempor diam takimata labore nostrud justo clita aliquyam. Gubergren lorem dolore dolore voluptua et luptatum vero dolor erat dignissim accumsan blandit exerci. Erat ipsum amet. Volutpat vel placerat vel diam rebum aliquyam nonumy et justo odio est sed diam. Tempor ea stet delenit voluptua dolore ipsum. Est lorem ipsum et labore. Amet est molestie nibh accusam eos voluptua takimata.\nIpsum sed sed dolore suscipit accusam facilisi magna elit duis. Dolor et eum duo at stet. Et ut euismod dolor sadipscing. Quis at ipsum dolore kasd autem. Augue tation consetetur in eirmod dolor nulla.\nFacilisi ipsum aliquyam est gubergren illum. Et at te sit ut dolores. Dolor diam ut consetetur. Et diam dolor nonumy vel amet dolores amet. Sea vero consetetur sed duis invidunt erat sadipscing hendrerit. Odio et consequat et invidunt vero amet vulputate nisl ea amet ea volutpat. Sed elitr facilisi et. In sit facilisis dolore elit et luptatum vel no exerci ut amet clita voluptua diam clita magna nonumy. Amet aliquam accusam consetetur eos eirmod blandit duo clita sit erat. Et feugait voluptua delenit ipsum erat et wisi labore nonumy sit magna diam gubergren no eirmod eum. Facilisis feugiat sea. Ad ipsum lorem sed tempor sadipscing dolor duo takimata.\nConsetetur odio kasd nulla labore. Duo aliquyam accusam ut sed. Vero eos facilisis ad dolor et sadipscing et. Et elitr at sed euismod et sanctus labore dolor sed sanctus tempor qui consetetur. Autem vel vero sadipscing placerat elitr duo. Diam elit in sed sanctus facilisis. At praesent clita dolore. At vero rebum voluptua erat sea amet autem ut duo consectetuer autem duis duo congue. Eirmod justo et nonumy vulputate eum sea. Clita est at kasd eos est et congue amet sit sit delenit magna justo ipsum magna facilisis feugiat lorem. Duo elitr amet kasd gubergren dolore takimata est aliquip et. Et sed eos magna lorem lorem eos nonumy dolor dolores amet eos elit nulla at in adipiscing. At consectetuer accusam euismod no vel amet magna lorem dolor. Luptatum aliquyam stet no consetetur eirmod consetetur accusam tempor. Erat dolor aliquyam eos elit exerci et facilisis ut eirmod. Accusam voluptua nisl in nonumy dolores. Dolore ut et sed duis sit. Vel gubergren no rebum lorem sit. Quis rebum sed duo dolor consetetur lorem tation invidunt veniam et rebum duo et sit.\nSit nonumy justo duo consetetur diam ea aliquyam facilisis eos et et et. Dolor accusam dolor aliquip dolore vero rebum amet rebum dolor feugait diam nulla est invidunt amet. No sit tincidunt sit amet diam amet accusam vero vero erat takimata ut dolore et invidunt. Eos dolor sit ipsum sea sit invidunt kasd ipsum ut consequat et. Ipsum et erat et vero aliquyam et gubergren erat in rebum invidunt at sed ut. Nonumy ullamcorper in et delenit consectetuer accusam autem lorem vel kasd ullamcorper kasd sea justo magna voluptua takimata est. Justo duo vero sadipscing sed. Odio et velit sed nisl voluptua dolores dolor congue voluptua gubergren aliquyam euismod et clita eirmod aliquyam ipsum clita. Qui invidunt erat. Nibh lorem erat diam eirmod elitr consequat sanctus dolores clita nisl sanctus. Duo ut ipsum dolore justo gubergren quis zzril ea sit blandit autem justo clita voluptua accusam eos elitr.\n","publishDate":"2024-02-19T17:52:24.5900866+00:00"},{"id":11,"title":"Book 11","description":"Et diam ut clita ipsum invidunt. Sanctus diam eirmod vel ipsum tempor ipsum consetetur dignissim rebum amet magna. Eros imperdiet takimata et elitr illum sadipscing eos duo est et magna amet gubergren ipsum rebum ad. Erat amet iriure eos imperdiet et est eos justo.\n","pageCount":1100,"excerpt":"Duis kasd diam ea ut diam takimata ea clita sadipscing elitr dolor at quis voluptua. Illum aliquyam magna clita et diam accusam lorem accusam ut illum. Takimata diam clita tempor consetetur aliquyam erat facilisi delenit duis et lorem sea hendrerit dolor voluptua ut sit. Dolores dolor accusam id duo sea dolore ea volutpat et tation. Duo voluptua volutpat et. Consequat facilisis invidunt. Accusam consequat quod praesent tempor sed eirmod nonumy clita feugait sit et magna dolor sed. Ipsum praesent amet lorem ut assum eu sed zzril consetetur. Praesent nonumy adipiscing diam ea amet sed nisl amet tincidunt amet takimata euismod no et dolor quis. Et aliquyam sadipscing dolor sadipscing tempor accusam accusam odio veniam kasd nonumy iusto tempor. Dolore at ipsum diam nonumy euismod et lorem stet. Accusam eos nisl et. Consetetur lorem lorem dolor amet dolore eirmod aliquyam amet magna est. Sanctus nihil blandit invidunt erat ea dolor vel hendrerit labore velit diam nonumy sed. Diam dolores at et exerci euismod molestie at. Amet dolore id diam no sit ullamcorper luptatum. Lorem amet dignissim stet eros diam blandit diam dolor consetetur rebum et. Ipsum et dolor minim ipsum dolore sed erat aliquyam sadipscing vero soluta labore vulputate dolores voluptua erat. Sadipscing duo et sit.\nLiber ea no sanctus eu dolore dolor sanctus clita eirmod sit esse ea ea nibh amet est dolore. Nonumy vero dolor sadipscing gubergren ea sea lobortis nostrud no sadipscing diam vel sit hendrerit et sadipscing dolores soluta. Tation ut duo clita eirmod ipsum elitr takimata ut consetetur no lorem aliquyam kasd rebum minim erat clita vel. Eum dolore ipsum dolor nobis voluptua tempor et ut ipsum amet dolores kasd et laoreet lorem elitr. Est facer aliquyam tempor duis duis magna eirmod vel euismod tincidunt vero ipsum dolore tempor. Justo ea eirmod.\nDiam sea duo. Consequat sea clita nisl magna vero et consectetuer sed lorem praesent diam gubergren ad diam ad magna. Sit justo sadipscing duis autem diam sit eos sit est iusto amet ea et. Accusam duo clita eu ipsum. Vero accusam eos magna lorem labore diam dolor. Diam eos kasd accusam. Augue sed labore sea. Sit ipsum minim invidunt ipsum accusam dolores est stet dolor vero magna wisi duo erat praesent. Eos luptatum dolor ea elitr ea clita diam. Ipsum amet esse stet nonumy dolor et diam duo dignissim et praesent voluptua. Amet et eirmod nulla takimata diam stet nonummy esse diam eirmod sed nonumy sanctus dolor. Erat et eos et kasd stet vel ipsum liber velit gubergren eirmod. Sit nibh voluptua. Qui sanctus amet liber stet ut ipsum labore. Diam kasd et nisl lorem est eu est amet ad labore sea at sit ea nisl. Magna at vero iriure. Accusam magna suscipit ut elitr dolor tincidunt sea et stet diam et in nonumy dolore.\nMinim consectetuer magna clita amet lorem aliquip at vel kasd laoreet duo lorem accusam lorem diam. Kasd dolor diam. Kasd consetetur lorem dolor vero stet vel ut esse vel vero amet gubergren stet sed ipsum tempor. Iriure et amet at justo velit et accusam eos aliquyam ut odio eum sit gubergren illum kasd. Sed et voluptua justo wisi eos. Gubergren diam duo elitr consectetuer liber ea rebum sed dolores est kasd dolor eirmod justo est tation. Ut accusam sit eum et velit no at ipsum sadipscing consetetur stet gubergren. Ipsum ipsum lorem lorem sea sit enim tempor feugait. Amet dolores stet dolor clita sea. Sed consetetur et no option at tation diam. No velit aliquyam lorem et no sea accumsan sit no kasd duo nostrud. Duis option dolor esse. Aliquyam takimata sit. Molestie soluta exerci dolore erat eleifend ea gubergren et exerci takimata dolore sit nisl dolor ullamcorper lorem et ea. Elitr magna dolore commodo. Lorem sea consetetur vero no augue nostrud eirmod in dolor sanctus facilisi in sit. Diam option dolore feugiat stet sanctus amet no minim amet. Enim erat aliquam consequat sed magna magna ut dignissim nonumy et lobortis tempor kasd sanctus amet. Eirmod lorem magna soluta sed consetetur dolor est ipsum.\nEuismod diam ipsum placerat accusam magna blandit elitr gubergren gubergren ut nulla erat consequat eu nonumy takimata blandit. Tempor est aliquip enim sit dolore stet et. Justo sit invidunt sea sed facilisis in aliquam. Sed ut nulla sadipscing lobortis stet elit clita at magna labore eos. Et duis est sed ex lorem ea sed quis tempor eros option at et lorem consetetur diam. Velit tempor consequat ipsum sed ea clita. Imperdiet magna kasd duo diam justo aliquyam accusam gubergren et amet elitr duo justo exerci liber. Et dolor et. Placerat illum et takimata clita quod duo nonumy duo labore. Magna clita consectetuer sed. Lorem rebum vero gubergren takimata liber et augue sed et sea molestie lorem nonumy dolores esse aliquyam vel. Eos et volutpat qui cum dolore magna in labore accumsan clita. Dolor facilisis ut erat dolore magna sed et. Gubergren nulla magna rebum dolores et consetetur odio justo sed commodo aliquam.\n","publishDate":"2024-02-18T17:52:24.6019678+00:00"},{"id":12,"title":"Book 12","description":"Nonumy molestie clita sed et. Vulputate magna et et euismod at dolor eu diam sed sed justo kasd vel nulla hendrerit sed. No erat eirmod ut eros est dolor dolores nam adipiscing sadipscing dolore dolore. Aliquam eirmod diam iusto voluptua rebum diam sit nonumy. Labore suscipit diam et diam lorem tation eros sea dolor sit et dolor magna at labore duo. Veniam labore euismod et sea eirmod sit. Eu euismod facilisis dolore eu at sadipscing accusam consetetur ut est nonumy justo magna elitr nibh. Consequat esse ut sanctus no duo tempor nostrud sit gubergren nonumy stet odio dolores labore gubergren magna ex. Ipsum iriure qui in sea dolore ea sadipscing vero ut rebum. Invidunt iriure vel praesent magna invidunt rebum nonumy aliquip eos justo et eirmod dolore iusto kasd sadipscing. At nulla congue ea eros eum takimata diam iriure facilisis duis lorem clita et autem at soluta esse.\n","pageCount":1200,"excerpt":"Nonumy magna dolore sit clita et dolor te nonumy in vel. Lorem hendrerit et sed clita accusam autem molestie nostrud. Dolores vel labore accumsan dolore sed sed sit. Labore autem eu duo ea iriure nonumy vel labore veniam takimata sanctus. Aliquyam duo adipiscing nonummy est sea. Wisi vero et assum sanctus dolores ea molestie ad facilisis nonumy luptatum nonumy enim dolor amet te. Sanctus exerci magna diam te sanctus vero dolor est amet sadipscing gubergren. Dolor sed sed velit erat nostrud qui autem est tempor facer ad nobis magna commodo duo dolore hendrerit. Et eros duo tempor dolore dolores elitr accusam accusam et amet luptatum. Diam kasd volutpat tempor justo dolore at. Magna nulla diam ipsum elitr duis at. Labore dolor erat sed sed volutpat takimata congue in at delenit no euismod at wisi diam voluptua et sed.\nVoluptua vulputate eos rebum iriure et invidunt sadipscing ut diam rebum commodo iriure et. Magna vero ullamcorper ipsum justo lorem dolor voluptua justo stet erat takimata zzril luptatum kasd eirmod lorem accusam. No vulputate dolor. Et accusam quod gubergren ipsum. Sadipscing tempor feugiat ut labore laoreet est ipsum ipsum odio sanctus amet dolor justo et vero ea sed eirmod. Sed diam dolore nulla vero esse sed sit elitr. Dolore tempor sanctus et no et facer ipsum dolores ea eos et duo dolore dolores voluptua zzril. Sit ipsum lorem euismod sadipscing accusam sea. Odio est molestie amet diam consequat consetetur est sit cum sadipscing. Autem kasd ex sed ullamcorper clita et tempor magna elitr assum est vero est dolore feugait wisi kasd. Justo dolor dolores. Invidunt nonumy iriure enim ea dolore sea est erat vero option et gubergren sed no. Erat eirmod eirmod accusam sea luptatum nonumy diam amet erat invidunt sadipscing duo delenit in ipsum sed amet delenit. Diam diam ipsum sadipscing stet doming kasd. Et gubergren vel nonumy stet lorem sed at nonumy hendrerit ut amet sit lorem dolore. Justo laoreet consetetur sanctus duo gubergren et ea amet nonumy erat et et kasd diam dolor. Erat sea esse sit sit rebum ipsum doming magna accusam nonumy feugiat vel duis lorem at. Nulla ea sit erat et euismod. Sit sea suscipit erat est amet.\nMagna no praesent tincidunt magna ipsum nonumy in iusto sea sadipscing velit. Takimata erat eirmod ipsum et accumsan ipsum aliquyam et nonumy no eros feugiat est sed. Voluptua invidunt erat eleifend commodo sea sea ut consetetur justo no ex eirmod rebum lorem.\nEt et et ipsum gubergren dolor quis invidunt et magna nonumy magna nisl elitr hendrerit magna. Consetetur eu takimata ipsum eros dolores vero aliquyam. Consequat in in consetetur sed ex kasd ut clita. Dolores lobortis consequat sadipscing gubergren nisl. Et sit sit dolore sed elitr sadipscing no et suscipit ipsum amet facilisis. Vero ea justo accusam ut iriure justo et sed laoreet velit.\nSit sed justo clita duis amet te voluptua dolor elitr in et consetetur feugait vulputate lorem. Ea quod invidunt voluptua voluptua dolore. Lorem amet et et ut ut et minim ipsum lorem kasd elitr vero eos dolore vero. Sanctus ipsum amet possim lorem vero tempor sit elitr feugait dolores amet dolor accusam duis takimata. Tempor consetetur dolore duo ex invidunt nibh sit takimata.\n","publishDate":"2024-02-17T17:52:24.619807+00:00"},{"id":13,"title":"Book 13","description":"Eos clita nulla commodo at consequat sed et ut elitr nonumy amet sadipscing vero sit illum. Consetetur takimata magna voluptua lorem dolores no nonumy magna amet sanctus erat est et feugait ipsum. Aliquyam dolores liber volutpat nonumy sanctus sed sadipscing sed no nonumy voluptua justo commodo consetetur et eirmod feugait ut. Clita rebum eos et vel iriure sed nulla dolor amet. Lorem laoreet erat nonumy vero clita te lorem. Labore zzril vulputate. Tempor no voluptua est tempor lorem dolor ipsum accumsan labore et dolores aliquyam sit te ut justo et elitr. Dolor est nonumy ipsum volutpat volutpat magna ipsum diam ipsum sadipscing et nulla duo et et accusam sadipscing lorem. Accusam nonumy eu option duo accusam nibh nonumy eirmod dolor diam nonumy at sit soluta voluptua at. At dolor et sea voluptua amet ut accusam vel nulla odio possim diam labore eos labore clita. Sit qui ipsum diam sit labore feugiat sit vero. Kasd sed dolores vel et sadipscing dolor aliquip adipiscing et est et dolor nonumy lorem.\n","pageCount":1300,"excerpt":"Amet et placerat tempor no diam et soluta est ut lorem sed stet. Lorem iriure rebum aliquyam amet sed dolores lorem. Accumsan ipsum iriure ut gubergren diam accumsan velit tempor facilisis. Elitr amet accusam.\nJusto augue vero ut takimata enim magna in no amet invidunt aliquam qui sed sanctus ipsum. Elit dolores tempor eleifend at dolor et ut consetetur sadipscing et dolore voluptua ipsum aliquip consectetuer aliquam ipsum. Et sadipscing imperdiet at lorem wisi sed ut est sit lorem nulla dolore tempor ad est et stet. Magna takimata et et sed ea ipsum voluptua lorem enim ea dolor aliquyam labore illum magna clita ipsum lorem. Dolore sea dolore feugait enim. Consetetur dolore justo nihil tempor no invidunt erat et ut sit commodo diam est lobortis duo.\nDuo et duo dolore adipiscing lobortis diam. Magna ipsum at. Nonumy sit lorem sed esse dolore amet est clita iriure. Ipsum amet wisi et illum tation gubergren kasd sanctus tation eirmod sadipscing eros.\nIpsum adipiscing invidunt ipsum elit aliquyam sed dolore justo voluptua. Vero dignissim justo dolore lorem aliquyam eirmod autem dolore. Est invidunt consequat ipsum. Labore at ullamcorper sit et eum justo sit sit dolores. Nulla iriure elitr kasd consetetur dolore tempor consequat consetetur eirmod no ipsum. Quis ut feugiat nonumy clita kasd. Dolore et nonumy eleifend vero tempor diam minim euismod et diam illum hendrerit labore sed sanctus et lorem velit. Elitr amet gubergren sadipscing dolore sed ea. Lorem dolor commodo dolore lorem ut dolores ea ullamcorper amet. Congue et invidunt ipsum. Labore quod dolore lorem est ex nonummy. Diam elitr dolore consetetur praesent ea aliquam euismod dolore wisi eirmod lorem lorem sit. Dolor vel gubergren invidunt clita. Et consequat et erat vel sed eos et liber ut. Erat nonummy vero dolore sanctus qui vero vulputate at rebum accusam eum sadipscing in sea dolor lorem illum voluptua. At stet in autem lorem vero tempor ea sed nonumy. Dolor diam at ea takimata dolor augue nulla et. Ipsum feugait dolor. Exerci takimata nonumy justo.\nEt et consetetur clita eros eum eos voluptua dolores. Autem lorem ipsum in sed ipsum ut dolor vel diam ut et congue diam laoreet sanctus gubergren. Eu sed te aliquyam consetetur hendrerit est amet et assum eos at delenit diam. Rebum eirmod sanctus. Assum ut vero nobis consetetur dignissim gubergren vel sed. Esse et eirmod aliquyam at iriure. Ea invidunt tempor nonummy sed justo nonummy ipsum dolores clita ea. Ea clita feugiat consetetur ea tempor enim ea elitr et volutpat et voluptua sadipscing ipsum nonumy. Dolore sit rebum amet facilisi sed et erat dolore lorem sed sit lorem lorem et rebum consetetur aliquyam. Quod clita nonumy ipsum. Sadipscing sadipscing diam nonumy sadipscing commodo rebum nulla wisi at ea clita gubergren ut et et. Clita sit sed ipsum gubergren nonummy aliquyam amet dolore dolor et cum diam sanctus amet dolor lorem. Minim dolores diam sed in no sit consetetur lorem ipsum accusam gubergren sit.\n","publishDate":"2024-02-16T17:52:24.62142+00:00"},{"id":14,"title":"Book 14","description":"Wisi est sea dolor. Et vero et. Sed possim diam et dolor dolores clita dolore lorem gubergren vulputate sed. Et diam sea dignissim elitr delenit ipsum facilisi iusto elit gubergren no nonumy consequat esse autem. Eos rebum consetetur dolor ut lorem est sit duis luptatum takimata in tempor invidunt dolor. Lorem est ipsum takimata invidunt et duo kasd at. Sit mazim labore dolor. Sanctus facilisis dolor sadipscing rebum lorem invidunt et zzril takimata erat sed et ipsum eu veniam sit. Invidunt ut ut aliquyam dolores consequat sit kasd rebum iusto amet elitr et dolore. Dolor no nonumy invidunt voluptua nonumy magna illum stet et erat. Ut ut et assum erat. Minim ex diam dolore duis justo et labore magna. Amet hendrerit lorem at blandit vel sit consequat iusto magna. Eos vero veniam magna eos autem amet nonumy iriure sadipscing at erat et sit dolore doming dolor tation vero. Lorem sit et ut in eirmod ipsum eos voluptua dolores vero dolor rebum ea lorem diam amet consetetur. Liber feugiat dolores takimata sadipscing illum invidunt eirmod commodo et dolor rebum diam at dolor dolor feugiat. Sadipscing ad at ea lorem et dolore dolores consetetur dolore et blandit nonumy erat. Dolore tincidunt takimata wisi erat ipsum placerat accusam ipsum voluptua ipsum.\n","pageCount":1400,"excerpt":"Eum labore gubergren accumsan vero est eu ullamcorper eos ipsum no sed kasd sea. Magna no sadipscing et sed sed et et justo tempor et rebum nulla eos dolore dolore accusam. No dolor tincidunt facilisis duis assum eros sanctus. Labore et aliquam tation diam vero diam dolore. Volutpat dolor et et vero dolore. Ipsum consequat at est gubergren ut. Voluptua sanctus tempor duis tempor. Consetetur consequat praesent dolor dolor invidunt. Rebum et amet.\nDelenit dolores consetetur assum labore eos. Quis autem aliquyam in sed. Sanctus diam dolor assum ut ipsum eirmod stet justo et ipsum. Doming et facer elitr consetetur. Sit ea est eirmod labore ipsum option eos zzril tempor elitr eu voluptua justo stet stet praesent et. Sed aliquam vulputate duo dolore sit lorem dolore voluptua amet nonumy accusam.\nCongue at eum eos sea at sadipscing eirmod clita voluptua stet ut et dolor sea rebum assum. Ipsum lorem dolore vero diam aliquyam illum. At eirmod kasd lorem sit ea iriure. Nam nisl imperdiet erat elitr amet ipsum sadipscing dolor vero. Ullamcorper dolore ut lorem et nulla sed eos consetetur kasd et dolor takimata laoreet lorem tempor est congue duo. Justo eos magna amet wisi. Nonumy aliquam mazim diam rebum lorem justo eos ipsum feugiat sed consequat et consetetur. Te lorem diam eirmod consequat sadipscing diam vel. Eros eu quod et hendrerit kasd sadipscing consetetur sed dolore et ea ea amet dolore. Sed elitr sed et no sed eros lorem takimata eum accusam diam amet laoreet suscipit dolores. Dolor eu nostrud dolor voluptua dolore stet. Sit sed ipsum minim placerat diam diam. Clita dolor augue sed dolor stet invidunt dolor dolor sanctus praesent nonumy dolore dolor. Est accusam vero diam consetetur duo duo dolore ipsum ea voluptua sed diam. Diam sed lorem liber et ut aliquam.\nLabore lorem diam dolore justo diam feugiat sed tation kasd et autem illum nulla amet nibh ut duo. Dolor et diam est vero esse sed takimata voluptua luptatum consequat veniam takimata. Minim nisl voluptua lorem takimata dolore invidunt stet sit aliquyam iusto justo diam hendrerit vulputate. Option eros et invidunt diam nibh facilisis aliquyam eirmod sadipscing dolor justo. Enim illum eum nonumy duo dolor diam amet dolore gubergren ipsum ut voluptua et nulla amet. Dolor sit clita te sanctus molestie rebum aliquyam ea amet sed duo lorem et.\nRebum dolores et hendrerit lorem nonumy. Aliquam ut at voluptua ipsum accusam gubergren facilisis tempor voluptua adipiscing amet et sit sed nonumy lorem laoreet. Diam rebum sit id lorem invidunt ipsum gubergren eirmod consequat sadipscing sit ea. Amet dolor et dignissim. Lorem sadipscing vel nulla possim ipsum dolores vero et lorem te aliquip elit ea. Rebum nonummy labore ullamcorper dolor quod amet sit sanctus et ullamcorper. Lorem dolore sed sea eos delenit eum sed hendrerit takimata voluptua delenit. Velit consetetur sed liber elitr sea dolores consetetur no elit invidunt sit est veniam ut. Labore et vulputate amet iriure. Et liber enim et dolor sed zzril et dolore dolore nonumy. Ipsum tempor amet erat esse aliquam sed nonumy delenit accusam dolor sanctus at eros ipsum magna lorem suscipit molestie. Te et at in elit duis gubergren odio sed odio sit vel dolor eirmod. Clita dolore ipsum dolore et accusam sea no diam accusam euismod ipsum diam aliquyam sit labore ut.\n","publishDate":"2024-02-15T17:52:24.6215434+00:00"},{"id":15,"title":"Book 15","description":"Te dolore dolores praesent. Ea diam delenit. No no et eum laoreet ullamcorper ea amet laoreet et et sanctus amet takimata ipsum. No diam facilisis hendrerit amet diam at. Sit consequat luptatum dolore sed rebum velit congue ipsum dolor labore tation ipsum. Et eirmod dolor et ut takimata tincidunt sed gubergren rebum sed magna dolore exerci eirmod adipiscing esse dolor amet. Lorem exerci voluptua. Commodo kasd sed takimata dolor dolor takimata no. Erat rebum eirmod eirmod diam kasd dolor eirmod ipsum in et kasd no amet lorem. Duis diam dolore justo amet ipsum sed. Tempor dolores duo ea ea eirmod. Duis gubergren est. Lorem iriure facilisis aliquip ullamcorper invidunt sanctus facilisis amet euismod. No stet amet vero diam gubergren est ipsum lorem iusto ipsum commodo. Sed dolor sadipscing vero clita ipsum et. Et sit autem amet amet dolore diam sit eirmod option justo commodo et accusam lorem et ip
[...]
akimata ipsum diam ipsum justo eos suscipit iriure. Dolor magna amet et stet consetetur invidunt amet est sed aliquyam wisi amet est. Ea lorem amet lorem elitr ea. Diam volutpat magna et tempor odio rebum vero ea ut. Vero sed sed aliquyam lorem autem gubergren dolor duo enim feugiat clita euismod sed. Commodo et elitr consectetuer. Dolore ex odio justo sea lorem eos dolore dolor consequat at eirmod amet ea stet volutpat lorem autem. Eirmod lorem hendrerit takimata sit sed ut takimata aliquyam et consetetur. Clita zzril aliquyam vel takimata eirmod esse et invidunt clita et sed rebum dolor sit. Aliquam sed dolor dolor elitr erat dolores dolores. Nobis aliquyam sit tation dolore odio dolore clita sanctus vero et dolor.\nIpsum kasd amet et takimata tempor sed dolore ut et et labore kasd sit vel vulputate rebum at wisi. Et lorem praesent velit stet veniam lorem aliquam vel iriure. Vero dolor dolore justo. Dolor vulputate tation no diam gubergren ipsum tempor gubergren ut stet diam consequat diam eos dolor aliquip et velit. Eos duis erat. Ut sed blandit et dolor enim minim ut quis consetetur duo amet sanctus eirmod sadipscing labore. Labore amet diam ipsum kasd qui ut tempor autem magna voluptua commodo ut dolor justo esse ea id. Facilisi aliquip stet labore aliquip ut et augue adipiscing volutpat euismod hendrerit veniam labore stet eirmod amet eu dolor. Euismod dolor et diam. Diam et at lorem lorem ipsum dolor nulla elitr amet soluta dolore praesent takimata sed stet et feugiat diam. Nonumy aliquyam sit lorem sed dolore magna dolor clita magna esse lorem eos est. Eleifend sanctus labore vulputate feugiat rebum clita.\nNonumy dolores est et elitr voluptua elitr lorem clita. Eos at kasd no duis labore clita est invidunt nam labore invidunt elitr elitr elitr eirmod. Clita justo ut lorem consequat sit diam clita invidunt aliquyam ipsum dolor. Amet option amet elitr no aliquyam in et sed possim ipsum no dolores autem elitr ut facilisi elitr. Sanctus dolor volutpat sanctus ad amet no aliquip duis aliquam. Feugait at takimata option duis ut invidunt lorem no diam rebum. Tempor ad nihil ut. Euismod tempor rebum gubergren clita labore ipsum diam magna ipsum iusto at ea tempor at no ea est consetetur. Ut iriure volutpat voluptua eum lorem eirmod sit dolore. Clita amet ea consectetuer magna facilisi diam dolores nam erat sed eirmod sit dolore clita. Diam justo esse option aliquyam esse sanctus diam eos diam. Duis sit sadipscing aliquyam lorem et ea minim ut no iusto magna erat eros et voluptua diam luptatum ipsum. Lorem duo molestie. No et sadipscing diam et dolores clita nobis exerci diam justo kasd dolor elitr dolore. Aliquyam duo at et et ipsum consequat in sit sadipscing tincidunt magna sit no dolore minim esse facilisis. Labore consequat nonumy elitr.\n","publishDate":"2024-02-09T17:52:28.0981047+00:00"} 
 </msg>
<msg timestamp="20240229 14:52:22.749" level="INFO">${RESPOSTA} = &lt;Response [200]&gt;</msg>
<status status="PASS" starttime="20240229 14:52:21.867" endtime="20240229 14:52:22.749"/>
</kw>
<kw name="Log" library="BuiltIn">
<arg>${RESPOSTA.text}</arg>
<doc>Logs the given message with the given level.</doc>
<msg timestamp="20240229 14:52:22.749" level="INFO">{"id":20,"title":"Book 20","description":"Et nonumy sed ipsum. At dolor ut sed dolore. Invidunt feugiat dolor ipsum esse ad dolor autem feugait qui ut delenit sanctus velit delenit amet ipsum ut sit. Sadipscing erat duo sadipscing imperdiet accusam eu ipsum et consetetur ut. Amet sea sit amet congue diam vel gubergren dolore voluptua labore nisl eos.\n","pageCount":2000,"excerpt":"Lorem kasd ipsum facilisis et stet vel wisi sit no nobis et diam magna velit at labore facer erat. Est zzril dolor et. Lorem at no no aliquam amet. Placerat est esse aliquyam et diam sed tempor et lorem sit ipsum sea et. Magna ipsum consequat vero amet augue kasd qui aliquyam ut voluptua et facilisis lorem ea sit sit eu placerat. Sea eos delenit vero vero et ea aliquam ipsum invidunt accumsan et tincidunt magna kasd et ut. Kasd diam sit dignissim gubergren gubergren ut no amet justo dolore et magna. Aliquyam invidunt lorem accusam sadipscing dolore sanctus erat eos eirmod magna et duo suscipit et exerci est labore. Lorem sanctus ipsum consequat tempor est est et ea et ea magna. Augue et at. Diam est tincidunt justo kasd sit vel sit. Magna amet et et vel sed ullamcorper kasd aliquyam clita consequat erat vel ipsum feugait eu dolore accusam dolor. Id in sit rebum eos sanctus no sadipscing no et accusam elitr dolor aliquyam erat tation. Gubergren takimata laoreet et et elitr. Nonumy vel eos.\nSadipscing est dolor et. Rebum te eos sea in kasd labore stet takimata luptatum consequat. Magna amet accusam invidunt consectetuer ea aliquip et accusam consetetur nonumy tempor ipsum vero labore erat elitr sadipscing. Dolores et no sea justo duis in at sed aliquyam sed lorem consetetur takimata erat tempor lorem. Et praesent exerci duo consectetuer erat lorem dolor dolor. Eirmod minim dolor. Ad sed est delenit kasd dolor et no clita erat invidunt. Euismod dolor ut nisl. Diam ea duis no consetetur gubergren exerci veniam. Eos clita takimata. No stet dolores duo sadipscing ut diam duo rebum elitr. Option lobortis eirmod sit veniam et duo at. Eros diam tempor sit sanctus magna vel no justo. Et velit erat et elit elit ipsum amet et in. Stet est ipsum clita rebum stet clita sanctus lorem nihil dolor stet amet. Elit dolor ipsum est dolore commodo takimata accusam et duis ipsum ipsum sed.\nFeugait kasd eirmod duo. Ullamcorper labore diam sit at. Ipsum lorem erat est lorem vulputate stet dolore sed lorem sea clita dolor gubergren nonumy takimata sit. Amet dolore diam clita ipsum sea. Molestie at tempor sit esse duo accusam sed justo sit illum gubergren ipsum laoreet kasd diam eos stet sed. Sed tempor dolor invidunt. Dolore erat in vero clita et accusam tempor duo dignissim liber adipiscing vel erat. Et voluptua ut eirmod justo vulputate option tempor et dolor sed. Rebum kasd enim rebum takimata ipsum diam ipsum justo eos suscipit iriure. Dolor magna amet et stet consetetur invidunt amet est sed aliquyam wisi amet est. Ea lorem amet lorem elitr ea. Diam volutpat magna et tempor odio rebum vero ea ut. Vero sed sed aliquyam lorem autem gubergren dolor duo enim feugiat clita euismod sed. Commodo et elitr consectetuer. Dolore ex odio justo sea lorem eos dolore dolor consequat at eirmod amet ea stet volutpat lorem autem. Eirmod lorem hendrerit takimata sit sed ut takimata aliquyam et consetetur. Clita zzril aliquyam vel takimata eirmod esse et invidunt clita et sed rebum dolor sit. Aliquam sed dolor dolor elitr erat dolores dolores. Nobis aliquyam sit tation dolore odio dolore clita sanctus vero et dolor.\nIpsum kasd amet et takimata tempor sed dolore ut et et labore kasd sit vel vulputate rebum at wisi. Et lorem praesent velit stet veniam lorem aliquam vel iriure. Vero dolor dolore justo. Dolor vulputate tation no diam gubergren ipsum tempor gubergren ut stet diam consequat diam eos dolor aliquip et velit. Eos duis erat. Ut sed blandit et dolor enim minim ut quis consetetur duo amet sanctus eirmod sadipscing labore. Labore amet diam ipsum kasd qui ut tempor autem magna voluptua commodo ut dolor justo esse ea id. Facilisi aliquip stet labore aliquip ut et augue adipiscing volutpat euismod hendrerit veniam labore stet eirmod amet eu dolor. Euismod dolor et diam. Diam et at lorem lorem ipsum dolor nulla elitr amet soluta dolore praesent takimata sed stet et feugiat diam. Nonumy aliquyam sit lorem sed dolore magna dolor clita magna esse lorem eos est. Eleifend sanctus labore vulputate feugiat rebum clita.\nNonumy dolores est et elitr voluptua elitr lorem clita. Eos at kasd no duis labore clita est invidunt nam labore invidunt elitr elitr elitr eirmod. Clita justo ut lorem consequat sit diam clita invidunt aliquyam ipsum dolor. Amet option amet elitr no aliquyam in et sed possim ipsum no dolores autem elitr ut facilisi elitr. Sanctus dolor volutpat sanctus ad amet no aliquip duis aliquam. Feugait at takimata option duis ut invidunt lorem no diam rebum. Tempor ad nihil ut. Euismod tempor rebum gubergren clita labore ipsum diam magna ipsum iusto at ea tempor at no ea est consetetur. Ut iriure volutpat voluptua eum lorem eirmod sit dolore. Clita amet ea consectetuer magna facilisi diam dolores nam erat sed eirmod sit dolore clita. Diam justo esse option aliquyam esse sanctus diam eos diam. Duis sit sadipscing aliquyam lorem et ea minim ut no iusto magna erat eros et voluptua diam luptatum ipsum. Lorem duo molestie. No et sadipscing diam et dolores clita nobis exerci diam justo kasd dolor elitr dolore. Aliquyam duo at et et ipsum consequat in sit sadipscing tincidunt magna sit no dolore minim esse facilisis. Labore consequat nonumy elitr.\n","publishDate":"2024-02-09T17:52:28.0981047+00:00"}</msg>
<status status="PASS" starttime="20240229 14:52:22.749" endtime="20240229 14:52:22.749"/>
</kw>
<kw name="Set Test Variable" library="BuiltIn">
<arg>${RESPOSTA}</arg>
<doc>Makes a variable available everywhere within the scope of the current test.</doc>
<msg timestamp="20240229 14:52:22.749" level="INFO">${RESPOSTA} = &lt;Response [200]&gt;</msg>
<status status="PASS" starttime="20240229 14:52:22.749" endtime="20240229 14:52:22.749"/>
</kw>
<status status="PASS" starttime="20240229 14:52:21.866" endtime="20240229 14:52:22.749"/>
</kw>
<kw name="Conferir o status code" library="kws_apiautomation">
<arg>200</arg>
<kw name="Should Be Equal As Strings" library="BuiltIn">
<arg>${RESPOSTA.status_code}</arg>
<arg>${STATUSCODE_DESEJADO}</arg>
<doc>Fails if objects are unequal after converting them to strings.</doc>
<msg timestamp="20240229 14:52:22.749" level="INFO">Argument types are:
&lt;class 'int'&gt;
&lt;class 'str'&gt;</msg>
<status status="PASS" starttime="20240229 14:52:22.749" endtime="20240229 14:52:22.755"/>
</kw>
<status status="PASS" starttime="20240229 14:52:22.749" endtime="20240229 14:52:22.755"/>
</kw>
<kw name="Conferir o reason" library="kws_apiautomation">
<arg>OK</arg>
<kw name="Should Be Equal As Strings" library="BuiltIn">
<arg>${RESPOSTA.reason}</arg>
<arg>${REASON_DESEJADO}</arg>
<doc>Fails if objects are unequal after converting them to strings.</doc>
<status status="PASS" starttime="20240229 14:52:22.755" endtime="20240229 14:52:22.755"/>
</kw>
<status status="PASS" starttime="20240229 14:52:22.755" endtime="20240229 14:52:22.755"/>
</kw>
<kw name="Conferir se retorna todos os dados corretos do livro 20" library="kws_apiautomation">
<kw name="Dictionary Should Contain Item" library="Collections">
<arg>${RESPOSTA.json()}</arg>
<arg>id</arg>
<arg>20</arg>
<doc>An item of ``key`` / ``value`` must be found in a ``dictionary``.</doc>
<msg timestamp="20240229 14:52:22.755" level="FAIL">Value of dictionary key 'id' does not match: 20 (integer) != 20 (string)</msg>
<status status="FAIL" starttime="20240229 14:52:22.755" endtime="20240229 14:52:22.755"/>
</kw>
<kw name="Dictionary Should Contain Item" library="Collections">
<arg>${RESPOSTA.json()}</arg>
<arg>title</arg>
<arg>Book 20</arg>
<doc>An item of ``key`` / ``value`` must be found in a ``dictionary``.</doc>
<status status="NOT RUN" starttime="20240229 14:52:22.755" endtime="20240229 14:52:22.755"/>
</kw>
<kw name="Dictionary Should Contain Item" library="Collections">
<arg>${RESPOSTA.json()}</arg>
<arg>pageCount</arg>
<arg>2000</arg>
<doc>An item of ``key`` / ``value`` must be found in a ``dictionary``.</doc>
<status status="NOT RUN" starttime="20240229 14:52:22.755" endtime="20240229 14:52:22.758"/>
</kw>
<kw name="Should Not Be Empty" library="BuiltIn">
<arg>${RESPOSTA.json()["description"]}</arg>
<doc>Verifies that the given item is not empty.</doc>
<status status="NOT RUN" starttime="20240229 14:52:22.758" endtime="20240229 14:52:22.758"/>
</kw>
<kw name="Should Not Be Empty" library="BuiltIn">
<arg>${RESPOSTA.json()["excerpt"]}</arg>
<doc>Verifies that the given item is not empty.</doc>
<status status="NOT RUN" starttime="20240229 14:52:22.758" endtime="20240229 14:52:22.758"/>
</kw>
<kw name="Should Not Be Empty" library="BuiltIn">
<arg>${RESPOSTA.json()["publishDate"]}</arg>
<doc>Verifies that the given item is not empty.</doc>
<status status="NOT RUN" starttime="20240229 14:52:22.758" endtime="20240229 14:52:22.758"/>
</kw>
<status status="FAIL" starttime="20240229 14:52:22.755" endtime="20240229 14:52:22.758"/>
</kw>
<tag>API</tag>
<tag>TESTE_2</tag>
<status status="FAIL" starttime="20240229 14:52:21.866" endtime="20240229 14:52:22.758">Value of dictionary key 'id' does not match: 20 (integer) != 20 (string)</status>
</test>
<test id="s1-s1-t3" name="Cenario: Cadastrar um novo livro (POST)" line="23">
<kw name="Cadastrar um novo livro" library="kws_apiautomation">
<kw name="Set Suite Variable" library="BuiltIn">
<arg>${JSON_BODY}</arg>
<arg>${JSON_POST}</arg>
<doc>Makes a variable available everywhere within the scope of the current suite.</doc>
<msg timestamp="20240229 14:52:22.760" level="INFO">${JSON_BODY} = {'id': '201', 'title': 'Meu novo Book', 'description': 'Estamos testando a adição de novos livros', 'pageCount': '556', 'excerpt': 'Esse livro é muito top', 'publishDate': '2021-06-18T23:12:00.5639338...</msg>
<status status="PASS" starttime="20240229 14:52:22.760" endtime="20240229 14:52:22.760"/>
</kw>
<kw name="POST On Session" library="RequestsLibrary">
<var>${RESPOSTA}</var>
<arg>fakeAPI</arg>
<arg>Books</arg>
<arg>json=${JSON_BODY}</arg>
<arg>headers=${HEADERS}</arg>
<arg>expected_status=any</arg>
<doc>Sends a POST request on a previously created HTTP Session.</doc>
<msg timestamp="20240229 14:52:22.949" level="INFO">POST Request : url=https://fakerestapi.azurewebsites.net/api/v1/Books 
 path_url=/api/v1/Books 
 headers={'User-Agent': 'python-requests/2.31.0', 'Accept-Encoding': 'gzip, deflate', 'Accept': '*/*', 'Connection': 'keep-alive', 'content-type': 'application/json', 'Content-Length': '223'} 
 body=b'{"id": "201", "title": "Meu novo Book", "description": "Estamos testando a adi\\u00e7\\u00e3o de novos livros", "pageCount": "556", "excerpt": "Esse livro \\u00e9 muito top", "publishDate": "2021-06-18T23:12:00.5639338+00:00"}' 
 </msg>
<msg timestamp="20240229 14:52:22.949" level="INFO">POST Response : url=https://fakerestapi.azurewebsites.net/api/v1/Books 
 status=200, reason=OK 
 headers={'Content-Type': 'application/json; charset=utf-8; v=1.0', 'Date': 'Thu, 29 Feb 2024 17:52:27 GMT', 'Server': 'Kestrel', 'Transfer-Encoding': 'chunked', 'api-supported-versions': '1.0'} 
 body={"id":201,"title":"Meu novo Book","description":"Estamos testando a adição de novos livros","pageCount":556,"excerpt":"Esse livro é muito top","publishDate":"2021-06-18T23:12:00.5639338+00:00"} 
 </msg>
<msg timestamp="20240229 14:52:22.949" level="INFO">${RESPOSTA} = &lt;Response [200]&gt;</msg>
<status status="PASS" starttime="20240229 14:52:22.760" endtime="20240229 14:52:22.949"/>
</kw>
<kw name="Log To Console" library="BuiltIn">
<arg>${RESPOSTA.text}</arg>
<doc>Logs the given message to the console.</doc>
<status status="PASS" starttime="20240229 14:52:22.949" endtime="20240229 14:52:22.955"/>
</kw>
<kw name="Set Test Variable" library="BuiltIn">
<arg>${RESPOSTA}</arg>
<doc>Makes a variable available everywhere within the scope of the current test.</doc>
<msg timestamp="20240229 14:52:22.955" level="INFO">${RESPOSTA} = &lt;Response [200]&gt;</msg>
<status status="PASS" starttime="20240229 14:52:22.955" endtime="20240229 14:52:22.955"/>
</kw>
<status status="PASS" starttime="20240229 14:52:22.760" endtime="20240229 14:52:22.955"/>
</kw>
<kw name="Conferir o status code" library="kws_apiautomation">
<arg>200</arg>
<kw name="Should Be Equal As Strings" library="BuiltIn">
<arg>${RESPOSTA.status_code}</arg>
<arg>${STATUSCODE_DESEJADO}</arg>
<doc>Fails if objects are unequal after converting them to strings.</doc>
<msg timestamp="20240229 14:52:22.956" level="INFO">Argument types are:
&lt;class 'int'&gt;
&lt;class 'str'&gt;</msg>
<status status="PASS" starttime="20240229 14:52:22.956" endtime="20240229 14:52:22.956"/>
</kw>
<status status="PASS" starttime="20240229 14:52:22.956" endtime="20240229 14:52:22.956"/>
</kw>
<kw name="Conferir o reason" library="kws_apiautomation">
<arg>OK</arg>
<kw name="Should Be Equal As Strings" library="BuiltIn">
<arg>${RESPOSTA.reason}</arg>
<arg>${REASON_DESEJADO}</arg>
<doc>Fails if objects are unequal after converting them to strings.</doc>
<status status="PASS" starttime="20240229 14:52:22.956" endtime="20240229 14:52:22.958"/>
</kw>
<status status="PASS" starttime="20240229 14:52:22.956" endtime="20240229 14:52:22.958"/>
</kw>
<kw name="Conferir se retorna todos os dados cadastrados do livro &quot;201&quot;" library="kws_apiautomation" sourcename="Conferir se retorna todos os dados cadastrados do livro &quot;${ID_LIVRO}&quot;">
<kw name="Dictionary Should Contain Item" library="Collections">
<arg>${RESPOSTA.json()}</arg>
<arg>id</arg>
<arg>${JSON_POST.id}</arg>
<doc>An item of ``key`` / ``value`` must be found in a ``dictionary``.</doc>
<msg timestamp="20240229 14:52:22.959" level="FAIL">Value of dictionary key 'id' does not match: 201 (integer) != 201 (string)</msg>
<status status="FAIL" starttime="20240229 14:52:22.958" endtime="20240229 14:52:22.959"/>
</kw>
<kw name="Dictionary Should Contain Item" library="Collections">
<arg>${RESPOSTA.json()}</arg>
<arg>title</arg>
<arg>${JSON_POST.title}</arg>
<doc>An item of ``key`` / ``value`` must be found in a ``dictionary``.</doc>
<status status="NOT RUN" starttime="20240229 14:52:22.959" endtime="20240229 14:52:22.959"/>
</kw>
<kw name="Dictionary Should Contain Item" library="Collections">
<arg>${RESPOSTA.json()}</arg>
<arg>description</arg>
<arg>${JSON_POST.description}</arg>
<doc>An item of ``key`` / ``value`` must be found in a ``dictionary``.</doc>
<status status="NOT RUN" starttime="20240229 14:52:22.959" endtime="20240229 14:52:22.959"/>
</kw>
<kw name="Dictionary Should Contain Item" library="Collections">
<arg>${RESPOSTA.json()}</arg>
<arg>pageCount</arg>
<arg>${JSON_POST.pageCount}</arg>
<doc>An item of ``key`` / ``value`` must be found in a ``dictionary``.</doc>
<status status="NOT RUN" starttime="20240229 14:52:22.959" endtime="20240229 14:52:22.959"/>
</kw>
<kw name="Dictionary Should Contain Item" library="Collections">
<arg>${RESPOSTA.json()}</arg>
<arg>excerpt</arg>
<arg>${JSON_POST.excerpt}</arg>
<doc>An item of ``key`` / ``value`` must be found in a ``dictionary``.</doc>
<status status="NOT RUN" starttime="20240229 14:52:22.959" endtime="20240229 14:52:22.959"/>
</kw>
<kw name="Dictionary Should Contain Item" library="Collections">
<arg>${RESPOSTA.json()}</arg>
<arg>publishDate</arg>
<arg>${JSON_POST.publishDate}</arg>
<doc>An item of ``key`` / ``value`` must be found in a ``dictionary``.</doc>
<status status="NOT RUN" starttime="20240229 14:52:22.959" endtime="20240229 14:52:22.959"/>
</kw>
<status status="FAIL" starttime="20240229 14:52:22.958" endtime="20240229 14:52:22.959"/>
</kw>
<tag>API</tag>
<tag>TESTE_3</tag>
<status status="FAIL" starttime="20240229 14:52:22.760" endtime="20240229 14:52:22.959">Value of dictionary key 'id' does not match: 201 (integer) != 201 (string)</status>
</test>
<doc>Aqui estarão presentes os testes referentes as API's de de Books.</doc>
<status status="FAIL" starttime="20240229 14:52:18.151" endtime="20240229 14:52:22.959"/>
</suite>
<status status="FAIL" starttime="20240229 14:52:18.136" endtime="20240229 14:52:22.966"/>
</suite>
<statistics>
<total>
<stat pass="1" fail="2" skip="0">All Tests</stat>
</total>
<tag>
<stat pass="1" fail="2" skip="0">API</stat>
<stat pass="1" fail="0" skip="0">TESTE_1</stat>
<stat pass="0" fail="1" skip="0">TESTE_2</stat>
<stat pass="0" fail="1" skip="0">TESTE_3</stat>
</tag>
<suite>
<stat pass="1" fail="2" skip="0" id="s1" name="Tests">Tests</stat>
<stat pass="1" fail="2" skip="0" id="s1-s1" name="Apiautomation">Tests.Apiautomation</stat>
</suite>
</statistics>
<errors>
</errors>
</robot>
